Removed Pin From Net: NetName=GND Pin=B1-1
Removed Pin From Net: NetName=GND_ISO Pin=B1-3
Removed Pin From Net: NetName=VCC5_ISO Pin=B1-4
Removed Pin From Net: NetName=GND Pin=C2-2
Removed Pin From Net: NetName=GND Pin=C3-2
Removed Pin From Net: NetName=VCC5_ISO Pin=C6-1
Removed Pin From Net: NetName=GND_ISO Pin=C6-2
Removed Pin From Net: NetName=GND Pin=C7-2
Removed Pin From Net: NetName=GND_ISO Pin=C10-1
Removed Pin From Net: NetName=GND_ISO Pin=C11-1
Removed Pin From Net: NetName=GND_ISO Pin=C14-1
Removed Pin From Net: NetName=GND_ISO Pin=C15-1
Removed Pin From Net: NetName=GND_ISO Pin=C16-1
Removed Pin From Net: NetName=VCC5_ISO Pin=C16-3
Removed Pin From Net: NetName=GND_ISO Pin=C17-1
Removed Pin From Net: NetName=VCC5_ISO Pin=C17-3
Removed Pin From Net: NetName=GND_ISO Pin=C19-1
Removed Pin From Net: NetName=VCC5_ISO Pin=C19-4
Removed Pin From Net: NetName=NetD2_1 Pin=D2-1
Removed Pin From Net: NetName=NetD3_1 Pin=D3-1
Removed Pin From Net: NetName=NetD4_1 Pin=D4-1
Removed Pin From Net: NetName=NetD5_1 Pin=D5-1
Removed Pin From Net: NetName=GND Pin=P1-2
Removed Pin From Net: NetName=OUT_RL3 Pin=P2-2
Removed Pin From Net: NetName=OUT_RL2 Pin=P2-3
Removed Pin From Net: NetName=OUT_RL1 Pin=P2-4
Removed Pin From Net: NetName=OUT_RL4 Pin=P2-6
Removed Pin From Net: NetName=OUT_RL5 Pin=P2-7
Removed Pin From Net: NetName=GND_ISO Pin=P3-1
Removed Pin From Net: NetName=OUT_BTN_6 Pin=P3-2
Removed Pin From Net: NetName=OUT_BTN_5 Pin=P3-3
Removed Pin From Net: NetName=OUT_BTN_4 Pin=P3-4
Removed Pin From Net: NetName=GND_ISO Pin=P3-5
Removed Pin From Net: NetName=OUT_BTN_3 Pin=P3-6
Removed Pin From Net: NetName=OUT_BTN_2 Pin=P3-7
Removed Pin From Net: NetName=OUT_BTN_1 Pin=P3-8
Removed Pin From Net: NetName=GND Pin=Q2-1
Removed Pin From Net: NetName=NetD2_1 Pin=Q2-2
Removed Pin From Net: NetName=NetQ2_3 Pin=Q2-3
Removed Pin From Net: NetName=GND Pin=Q3-1
Removed Pin From Net: NetName=NetD3_1 Pin=Q3-2
Removed Pin From Net: NetName=NetQ3_3 Pin=Q3-3
Removed Pin From Net: NetName=GND Pin=Q4-1
Removed Pin From Net: NetName=NetD4_1 Pin=Q4-2
Removed Pin From Net: NetName=NetQ4_3 Pin=Q4-3
Removed Pin From Net: NetName=GND Pin=Q5-1
Removed Pin From Net: NetName=NetD5_1 Pin=Q5-2
Removed Pin From Net: NetName=NetQ5_3 Pin=Q5-3
Removed Pin From Net: NetName=GND Pin=Q6-1
Removed Pin From Net: NetName=NetD2_1 Pin=R6-2
Removed Pin From Net: NetName=OUT_1 Pin=R9-1
Removed Pin From Net: NetName=OUT_4 Pin=R10-1
Removed Pin From Net: NetName=NetQ2_3 Pin=R12-2
Removed Pin From Net: NetName=NetD3_1 Pin=R17-2
Removed Pin From Net: NetName=NetD4_1 Pin=R18-2
Removed Pin From Net: NetName=OUT_2 Pin=R21-1
Removed Pin From Net: NetName=OUT_5 Pin=R22-1
Removed Pin From Net: NetName=NetQ3_3 Pin=R23-2
Removed Pin From Net: NetName=NetQ4_3 Pin=R24-2
Removed Pin From Net: NetName=NetD5_1 Pin=R29-2
Removed Pin From Net: NetName=OUT_3 Pin=R33-1
Removed Pin From Net: NetName=NetQ5_3 Pin=R35-2
Removed Pin From Net: NetName=OUT_RL4 Pin=RL2-1
Removed Pin From Net: NetName=NetD2_1 Pin=RL2-5
Removed Pin From Net: NetName=OUT_RL2 Pin=RL3-1
Removed Pin From Net: NetName=NetD3_1 Pin=RL3-5
Removed Pin From Net: NetName=OUT_RL5 Pin=RL4-1
Removed Pin From Net: NetName=NetD4_1 Pin=RL4-5
Removed Pin From Net: NetName=OUT_RL3 Pin=RL5-1
Removed Pin From Net: NetName=NetD5_1 Pin=RL5-5
Removed Pin From Net: NetName=GND_ISO Pin=U1-2
Removed Pin From Net: NetName=GND_ISO Pin=U2-2
Removed Pin From Net: NetName=GND_ISO Pin=U3-2
Removed Pin From Net: NetName=GND_ISO Pin=U4-2
Removed Pin From Net: NetName=GND_ISO Pin=U5-2
Removed Pin From Net: NetName=GND_ISO Pin=U6-2
Removed Pin From Net: NetName=OUT_5 Pin=U7-7
Removed Pin From Net: NetName=OUT_4 Pin=U7-8
Removed Pin From Net: NetName=OUT_3 Pin=U7-9
Removed Pin From Net: NetName=OUT_2 Pin=U7-10
Removed Pin From Net: NetName=OUT_1 Pin=U7-11
Removed Pin From Net: NetName=GND_ISO Pin=U7-14
Removed Pin From Net: NetName=GND_ISO Pin=U7-17
Removed Pin From Net: NetName=IN_3 Pin=U7-23
Removed Pin From Net: NetName=IN_4 Pin=U7-24
Removed Pin From Net: NetName=IN_5 Pin=U7-25
Removed Pin From Net: NetName=IN_6 Pin=U7-30
Removed Pin From Net: NetName=GND Pin=UN1-2
Removed Member From Class: ClassName=Sheet1 Member=B1
Removed Member From Class: ClassName=Sheet1 Member=C12
Removed Member From Class: ClassName=Sheet1 Member=C13
Removed Member From Class: ClassName=Sheet1 Member=C14
Removed Member From Class: ClassName=Sheet1 Member=C15
Removed Member From Class: ClassName=Sheet1 Member=C16
Removed Member From Class: ClassName=Sheet1 Member=C17
Removed Member From Class: ClassName=Sheet1 Member=C18
Removed Member From Class: ClassName=Sheet1 Member=C19
Removed Member From Class: ClassName=Sheet1 Member=D6
Removed Member From Class: ClassName=Sheet1 Member=LED12
Removed Member From Class: ClassName=Sheet1 Member=P1
Removed Member From Class: ClassName=Sheet1 Member=P2
Removed Member From Class: ClassName=Sheet1 Member=P3
Removed Member From Class: ClassName=Sheet1 Member=Q6
Removed Member From Class: ClassName=Sheet1 Member=R29
Removed Member From Class: ClassName=Sheet1 Member=R30
Removed Member From Class: ClassName=Sheet1 Member=R31
Removed Member From Class: ClassName=Sheet1 Member=R32
Removed Member From Class: ClassName=Sheet1 Member=R33
Removed Member From Class: ClassName=Sheet1 Member=R34
Removed Member From Class: ClassName=Sheet1 Member=R35
Removed Member From Class: ClassName=Sheet1 Member=R36
Removed Member From Class: ClassName=Sheet1 Member=RL6
Removed Member From Class: ClassName=Sheet1 Member=U2
Removed Member From Class: ClassName=Sheet1 Member=U3
Removed Member From Class: ClassName=Sheet1 Member=U4
Removed Member From Class: ClassName=Sheet1 Member=U5
Removed Member From Class: ClassName=Sheet1 Member=U6
Removed Member From Class: ClassName=Sheet1 Member=U7
Removed Member From Class: ClassName=Sheet1 Member=UN1
Change Component Designator: OldDesignator=C4 NewDesignator=C1
Change Component Designator: OldDesignator=C5 NewDesignator=C2
Change Component Designator: OldDesignator=C8 NewDesignator=C3
Change Component Designator: OldDesignator=C9 NewDesignator=C4
Change Component Designator: OldDesignator=C12 NewDesignator=C5
Change Component Designator: OldDesignator=C13 NewDesignator=C6
Change Component Designator: OldDesignator=C18 NewDesignator=C7
Change Component Designator: OldDesignator=LED5 NewDesignator=LED7
Change Component Designator: OldDesignator=LED6 NewDesignator=LED8
Change Component Designator: OldDesignator=LED9 NewDesignator=LED10
Change Component Designator: OldDesignator=LED10 NewDesignator=LED11
Change Component Designator: OldDesignator=R11 NewDesignator=R9
Change Component Designator: OldDesignator=R25 NewDesignator=R22
Change Component Designator: OldDesignator=R26 NewDesignator=R23
Change Component Designator: OldDesignator=R27 NewDesignator=R25
Change Component Designator: OldDesignator=R28 NewDesignator=R26
Change Component Designator: OldDesignator=R30 NewDesignator=R27
Change Component Designator: OldDesignator=R31 NewDesignator=R28
Change Component Designator: OldDesignator=RL1 NewDesignator=RL2
Change Component Designator: OldDesignator=U7 NewDesignator=U1
Added Component: Designator=BUCK LM1(BUCK LM2596)
Added Component: Designator=C8(Header6)
Add component (AddParameter): Name = "ComponentLink1 Description"; Value = "Manufacturer"; VariantName = "[No Variations]"
Add component (AddParameter): Name = "ComponentLink1URL"; Value = "http://www.we-online.com"; VariantName = "[No Variations]"
Add component (AddParameter): Name = "ComponentLink2 Description"; Value = "Datasheet"; VariantName = "[No Variations]"
Add component (AddParameter): Name = "ComponentLink2URL"; Value = "http://katalog.we-online.de/em/datasheet/6130xx143121.pdf"; VariantName = "[No Variations]"
Add component (AddParameter): Name = "Created by"; Value = "Karrer Zheng"; VariantName = "[No Variations]"
Add component (AddParameter): Name = "Created Date"; Value = "29 March 2013"; VariantName = "[No Variations]"
Add component (AddParameter): Name = "Manufacturer"; Value = "W¨¹rth Elektronik eiSos GmbH"; VariantName = "[No Variations]"
Add component (AddParameter): Name = "NoPins"; Value = "02"; VariantName = "[No Variations]"
Add component (AddParameter): Name = "partNo"; Value = "613002143121"; VariantName = "[No Variations]"
Added Component: Designator=C9(Header4)
Add component (AddParameter): Name = "ComponentLink1 Description"; Value = "Manufacturer"; VariantName = "[No Variations]"
Add component (AddParameter): Name = "ComponentLink1URL"; Value = "http://www.we-online.com"; VariantName = "[No Variations]"
Add component (AddParameter): Name = "ComponentLink2 Description"; Value = "Datasheet"; VariantName = "[No Variations]"
Add component (AddParameter): Name = "ComponentLink2URL"; Value = "http://katalog.we-online.de/em/datasheet/6130xx143121.pdf"; VariantName = "[No Variations]"
Add component (AddParameter): Name = "Created by"; Value = "Karrer Zheng"; VariantName = "[No Variations]"
Add component (AddParameter): Name = "Created Date"; Value = "29 March 2013"; VariantName = "[No Variations]"
Add component (AddParameter): Name = "Manufacturer"; Value = "W¨¹rth Elektronik eiSos GmbH"; VariantName = "[No Variations]"
Add component (AddParameter): Name = "NoPins"; Value = "02"; VariantName = "[No Variations]"
Add component (AddParameter): Name = "partNo"; Value = "613002143121"; VariantName = "[No Variations]"
Added Component: Designator=C10(Header2)
Add component (AddParameter): Name = "ComponentLink1 Description"; Value = "Manufacturer"; VariantName = "[No Variations]"
Add component (AddParameter): Name = "ComponentLink1URL"; Value = "http://www.we-online.com"; VariantName = "[No Variations]"
Add component (AddParameter): Name = "ComponentLink2 Description"; Value = "Datasheet"; VariantName = "[No Variations]"
Add component (AddParameter): Name = "ComponentLink2URL"; Value = "http://katalog.we-online.de/em/datasheet/6130xx143121.pdf"; VariantName = "[No Variations]"
Add component (AddParameter): Name = "Created by"; Value = "Karrer Zheng"; VariantName = "[No Variations]"
Add component (AddParameter): Name = "Created Date"; Value = "29 March 2013"; VariantName = "[No Variations]"
Add component (AddParameter): Name = "Manufacturer"; Value = "W¨¹rth Elektronik eiSos GmbH"; VariantName = "[No Variations]"
Add component (AddParameter): Name = "NoPins"; Value = "02"; VariantName = "[No Variations]"
Add component (AddParameter): Name = "partNo"; Value = "613002143121"; VariantName = "[No Variations]"
Added Component: Designator=C11(Header2)
Add component (AddParameter): Name = "ComponentLink1 Description"; Value = "Manufacturer"; VariantName = "[No Variations]"
Add component (AddParameter): Name = "ComponentLink1URL"; Value = "http://www.we-online.com"; VariantName = "[No Variations]"
Add component (AddParameter): Name = "ComponentLink2 Description"; Value = "Datasheet"; VariantName = "[No Variations]"
Add component (AddParameter): Name = "ComponentLink2URL"; Value = "http://katalog.we-online.de/em/datasheet/6130xx143121.pdf"; VariantName = "[No Variations]"
Add component (AddParameter): Name = "Created by"; Value = "Karrer Zheng"; VariantName = "[No Variations]"
Add component (AddParameter): Name = "Created Date"; Value = "29 March 2013"; VariantName = "[No Variations]"
Add component (AddParameter): Name = "Manufacturer"; Value = "W¨¹rth Elektronik eiSos GmbH"; VariantName = "[No Variations]"
Add component (AddParameter): Name = "NoPins"; Value = "02"; VariantName = "[No Variations]"
Add component (AddParameter): Name = "partNo"; Value = "613002143121"; VariantName = "[No Variations]"
Added Component: Designator=D2(DIODE 0.5A)
Add component (AddParameter): Name = "Chung_Loai"; Value = "C?m"; VariantName = "[No Variations]"
Add component (AddParameter): Name = "Don_Vi"; Value = "Con"; VariantName = "[No Variations]"
Add component (AddParameter): Name = "Ghi Chu"; Value = ""; VariantName = "[No Variations]"
Add component (AddParameter): Name = "Kieu_Chan"; Value = ""; VariantName = "[No Variations]"
Add component (AddParameter): Name = "Ma_Hang"; Value = "MH001065"; VariantName = "[No Variations]"
Add component (AddParameter): Name = "Ten_Linh_Kien"; Value = "Diode 1N4148 DO35 450mA 100V ( 1N4148 DIP)"; VariantName = "[No Variations]"
Added Component: Designator=D3(DIODE 0.5A)
Add component (AddParameter): Name = "Chung_Loai"; Value = "C?m"; VariantName = "[No Variations]"
Add component (AddParameter): Name = "Don_Vi"; Value = "Con"; VariantName = "[No Variations]"
Add component (AddParameter): Name = "Ghi Chu"; Value = ""; VariantName = "[No Variations]"
Add component (AddParameter): Name = "Kieu_Chan"; Value = ""; VariantName = "[No Variations]"
Add component (AddParameter): Name = "Ma_Hang"; Value = "MH001065"; VariantName = "[No Variations]"
Add component (AddParameter): Name = "Ten_Linh_Kien"; Value = "Diode 1N4148 DO35 450mA 100V ( 1N4148 DIP)"; VariantName = "[No Variations]"
Added Component: Designator=D4(DIODE 0.5A)
Add component (AddParameter): Name = "Chung_Loai"; Value = "C?m"; VariantName = "[No Variations]"
Add component (AddParameter): Name = "Don_Vi"; Value = "Con"; VariantName = "[No Variations]"
Add component (AddParameter): Name = "Ghi Chu"; Value = ""; VariantName = "[No Variations]"
Add component (AddParameter): Name = "Kieu_Chan"; Value = ""; VariantName = "[No Variations]"
Add component (AddParameter): Name = "Ma_Hang"; Value = "MH001065"; VariantName = "[No Variations]"
Add component (AddParameter): Name = "Ten_Linh_Kien"; Value = "Diode 1N4148 DO35 450mA 100V ( 1N4148 DIP)"; VariantName = "[No Variations]"
Added Component: Designator=D5(DIODE 0.5A)
Add component (AddParameter): Name = "Chung_Loai"; Value = "C?m"; VariantName = "[No Variations]"
Add component (AddParameter): Name = "Don_Vi"; Value = "Con"; VariantName = "[No Variations]"
Add component (AddParameter): Name = "Ghi Chu"; Value = ""; VariantName = "[No Variations]"
Add component (AddParameter): Name = "Kieu_Chan"; Value = ""; VariantName = "[No Variations]"
Add component (AddParameter): Name = "Ma_Hang"; Value = "MH001065"; VariantName = "[No Variations]"
Add component (AddParameter): Name = "Ten_Linh_Kien"; Value = "Diode 1N4148 DO35 450mA 100V ( 1N4148 DIP)"; VariantName = "[No Variations]"
Added Component: Designator=JACK DC1(JACK DC 5.5)
Add component (AddParameter): Name = "Value"; Value = "Jac DC"; VariantName = "[No Variations]"
Added Component: Designator=JP1(Header7)
Add component (AddParameter): Name = "Value"; Value = "Connector 7"; VariantName = "[No Variations]"
Added Component: Designator=LED4(LED-3MM-BLUE)
Add component (AddParameter): Name = "Chung_Loai"; Value = "C?m"; VariantName = "[No Variations]"
Add component (AddParameter): Name = "Don_Vi"; Value = "Con"; VariantName = "[No Variations]"
Add component (AddParameter): Name = "Ghi_Chu"; Value = ""; VariantName = "[No Variations]"
Add component (AddParameter): Name = "Kieu_Chan"; Value = ""; VariantName = "[No Variations]"
Add component (AddParameter): Name = "Ma_Hang"; Value = "MH009003"; VariantName = "[No Variations]"
Add component (AddParameter): Name = "Ten_Linh_Kien"; Value = "LED 3MM Xanh Duong SS (1000c)"; VariantName = "[No Variations]"
Added Component: Designator=LED5(LED-3MM-BLUE)
Add component (AddParameter): Name = "Chung_Loai"; Value = "C?m"; VariantName = "[No Variations]"
Add component (AddParameter): Name = "Don_Vi"; Value = "Con"; VariantName = "[No Variations]"
Add component (AddParameter): Name = "Ghi_Chu"; Value = ""; VariantName = "[No Variations]"
Add component (AddParameter): Name = "Kieu_Chan"; Value = ""; VariantName = "[No Variations]"
Add component (AddParameter): Name = "Ma_Hang"; Value = "MH009003"; VariantName = "[No Variations]"
Add component (AddParameter): Name = "Ten_Linh_Kien"; Value = "LED 3MM Xanh Duong SS (1000c)"; VariantName = "[No Variations]"
Added Component: Designator=LED6(LED-3MM-BLUE)
Add component (AddParameter): Name = "Chung_Loai"; Value = "C?m"; VariantName = "[No Variations]"
Add component (AddParameter): Name = "Don_Vi"; Value = "Con"; VariantName = "[No Variations]"
Add component (AddParameter): Name = "Ghi_Chu"; Value = ""; VariantName = "[No Variations]"
Add component (AddParameter): Name = "Kieu_Chan"; Value = ""; VariantName = "[No Variations]"
Add component (AddParameter): Name = "Ma_Hang"; Value = "MH009003"; VariantName = "[No Variations]"
Add component (AddParameter): Name = "Ten_Linh_Kien"; Value = "LED 3MM Xanh Duong SS (1000c)"; VariantName = "[No Variations]"
Added Component: Designator=LED9(LED-3MM-BLUE)
Add component (AddParameter): Name = "Chung_Loai"; Value = "C?m"; VariantName = "[No Variations]"
Add component (AddParameter): Name = "Don_Vi"; Value = "Con"; VariantName = "[No Variations]"
Add component (AddParameter): Name = "Ghi_Chu"; Value = ""; VariantName = "[No Variations]"
Add component (AddParameter): Name = "Kieu_Chan"; Value = ""; VariantName = "[No Variations]"
Add component (AddParameter): Name = "Ma_Hang"; Value = "MH009003"; VariantName = "[No Variations]"
Add component (AddParameter): Name = "Ten_Linh_Kien"; Value = "LED 3MM Xanh Duong SS (1000c)"; VariantName = "[No Variations]"
Added Component: Designator=Q2(C1815_cam)
Add component (AddParameter): Name = "Value"; Value = "C1815"; VariantName = "[No Variations]"
Added Component: Designator=Q3(C1815_cam)
Add component (AddParameter): Name = "Value"; Value = "C1815"; VariantName = "[No Variations]"
Added Component: Designator=Q4(C1815_cam)
Add component (AddParameter): Name = "Value"; Value = "C1815"; VariantName = "[No Variations]"
Added Component: Designator=Q5(C1815_cam)
Add component (AddParameter): Name = "Value"; Value = "C1815"; VariantName = "[No Variations]"
Added Component: Designator=R6(R1/4W)
Add component (AddParameter): Name = "Value"; Value = "R1/4W - 1K"; VariantName = "[No Variations]"
Added Component: Designator=R10(R1/4W)
Add component (AddParameter): Name = "Value"; Value = "R1/4W - 1K"; VariantName = "[No Variations]"
Added Component: Designator=R11(R1/4W)
Add component (AddParameter): Name = "Value"; Value = "R1/4W - 1K"; VariantName = "[No Variations]"
Added Component: Designator=R12(R1/4W)
Add component (AddParameter): Name = "Value"; Value = "R1/4W - 1K"; VariantName = "[No Variations]"
Added Component: Designator=R17(R1/4W)
Add component (AddParameter): Name = "Value"; Value = "R1/4W - 1K"; VariantName = "[No Variations]"
Added Component: Designator=R18(R1/4W)
Add component (AddParameter): Name = "Value"; Value = "R1/4W - 1K"; VariantName = "[No Variations]"
Added Component: Designator=R21(R1/4W)
Add component (AddParameter): Name = "Value"; Value = "R1/4W - 1K"; VariantName = "[No Variations]"
Added Component: Designator=R24(R1/4W)
Add component (AddParameter): Name = "Value"; Value = "R1/4W - 1K"; VariantName = "[No Variations]"
Added Component: Designator=RL1(RELAY_SRA_05VDC_SL_C)
Add component (AddParameter): Name = "Ma_Hang"; Value = "MH009374"; VariantName = "[No Variations]"
Add component (AddParameter): Name = "Ten"; Value = "Relay 5V10A SRD-05VDC-SL-C Chính Hãng"; VariantName = "[No Variations]"
Added Component: Designator=RL3(RELAY_SRA_05VDC_SL_C)
Add component (AddParameter): Name = "Ma_Hang"; Value = "MH009374"; VariantName = "[No Variations]"
Add component (AddParameter): Name = "Ten"; Value = "Relay 5V10A SRD-05VDC-SL-C Chính Hãng"; VariantName = "[No Variations]"
Added Component: Designator=RL4(RELAY_SRA_05VDC_SL_C)
Add component (AddParameter): Name = "Ma_Hang"; Value = "MH009374"; VariantName = "[No Variations]"
Add component (AddParameter): Name = "Ten"; Value = "Relay 5V10A SRD-05VDC-SL-C Chính Hãng"; VariantName = "[No Variations]"
Added Component: Designator=RL5(RELAY_SRA_05VDC_SL_C)
Add component (AddParameter): Name = "Ma_Hang"; Value = "MH009374"; VariantName = "[No Variations]"
Add component (AddParameter): Name = "Ten"; Value = "Relay 5V10A SRD-05VDC-SL-C Chính Hãng"; VariantName = "[No Variations]"
Added Pin To Net: NetName=GND Pin=BUCK LM1-3
Added Pin To Net: NetName=VCC5_ISO Pin=BUCK LM1-4
Added Pin To Net: NetName=OUT_RL1 Pin=C8-2
Added Pin To Net: NetName=OUT_RL2 Pin=C8-3
Added Pin To Net: NetName=OUT_RL3 Pin=C8-4
Added Pin To Net: NetName=OUT_RL4 Pin=C8-5
Added Pin To Net: NetName=OUT_RL5 Pin=C8-6
Added Pin To Net: NetName=GND Pin=C10-1
Added Pin To Net: NetName=GND Pin=C11-1
Added Pin To Net: NetName=VCC5_ISO Pin=C11-2
Added Pin To Net: NetName=VCC5_ISO Pin=D1-2
Added Pin To Net: NetName=NetD2_1 Pin=D2-1
Added Pin To Net: NetName=VCC5_ISO Pin=D2-2
Added Pin To Net: NetName=NetD3_1 Pin=D3-1
Added Pin To Net: NetName=VCC5_ISO Pin=D3-2
Added Pin To Net: NetName=NetD4_1 Pin=D4-1
Added Pin To Net: NetName=VCC5_ISO Pin=D4-2
Added Pin To Net: NetName=NetD5_1 Pin=D5-1
Added Pin To Net: NetName=VCC5_ISO Pin=D5-2
Added Pin To Net: NetName=GND_ISO Pin=JP1-1
Added Pin To Net: NetName=OUT_BTN_6 Pin=JP1-2
Added Pin To Net: NetName=OUT_BTN_5 Pin=JP1-3
Added Pin To Net: NetName=OUT_BTN_4 Pin=JP1-4
Added Pin To Net: NetName=OUT_BTN_3 Pin=JP1-5
Added Pin To Net: NetName=OUT_BTN_2 Pin=JP1-6
Added Pin To Net: NetName=OUT_BTN_1 Pin=JP1-7
Added Pin To Net: NetName=VCC5_ISO Pin=LED3-1
Added Pin To Net: NetName=VCC5_ISO Pin=LED4-1
Added Pin To Net: NetName=VCC5_ISO Pin=LED5-1
Added Pin To Net: NetName=VCC5_ISO Pin=LED6-1
Added Pin To Net: NetName=VCC5_ISO Pin=LED9-1
Added Pin To Net: NetName=GND Pin=Q2-1
Added Pin To Net: NetName=NetD2_1 Pin=Q2-2
Added Pin To Net: NetName=NetQ2_3 Pin=Q2-3
Added Pin To Net: NetName=GND Pin=Q3-1
Added Pin To Net: NetName=NetD3_1 Pin=Q3-2
Added Pin To Net: NetName=NetQ3_3 Pin=Q3-3
Added Pin To Net: NetName=GND Pin=Q4-1
Added Pin To Net: NetName=NetD4_1 Pin=Q4-2
Added Pin To Net: NetName=NetQ4_3 Pin=Q4-3
Added Pin To Net: NetName=GND Pin=Q5-1
Added Pin To Net: NetName=NetD5_1 Pin=Q5-2
Added Pin To Net: NetName=NetQ5_3 Pin=Q5-3
Added Pin To Net: NetName=NetD2_1 Pin=R6-2
Added Pin To Net: NetName=OUT_1 Pin=R9-1
Added Pin To Net: NetName=OUT_4 Pin=R10-1
Added Pin To Net: NetName=NetQ2_3 Pin=R10-2
Added Pin To Net: NetName=NetD3_1 Pin=R11-2
Added Pin To Net: NetName=NetD4_1 Pin=R12-2
Added Pin To Net: NetName=OUT_2 Pin=R17-1
Added Pin To Net: NetName=NetQ3_3 Pin=R17-2
Added Pin To Net: NetName=OUT_5 Pin=R18-1
Added Pin To Net: NetName=NetQ4_3 Pin=R18-2
Added Pin To Net: NetName=NetD5_1 Pin=R21-2
Added Pin To Net: NetName=OUT_3 Pin=R24-1
Added Pin To Net: NetName=NetQ5_3 Pin=R24-2
Added Pin To Net: NetName=OUT_RL4 Pin=RL1-1
Added Pin To Net: NetName=VCC5_ISO Pin=RL1-3
Added Pin To Net: NetName=NetD2_1 Pin=RL1-5
Added Pin To Net: NetName=VCC5_ISO Pin=RL2-3
Added Pin To Net: NetName=OUT_RL2 Pin=RL3-1
Added Pin To Net: NetName=VCC5_ISO Pin=RL3-3
Added Pin To Net: NetName=NetD3_1 Pin=RL3-5
Added Pin To Net: NetName=OUT_RL5 Pin=RL4-1
Added Pin To Net: NetName=VCC5_ISO Pin=RL4-3
Added Pin To Net: NetName=NetD4_1 Pin=RL4-5
Added Pin To Net: NetName=OUT_RL3 Pin=RL5-1
Added Pin To Net: NetName=VCC5_ISO Pin=RL5-3
Added Pin To Net: NetName=NetD5_1 Pin=RL5-5
Added Pin To Net: NetName=OUT_4 Pin=U1-6
Added Pin To Net: NetName=OUT_3 Pin=U1-7
Added Pin To Net: NetName=OUT_2 Pin=U1-8
Added Pin To Net: NetName=OUT_1 Pin=U1-9
Added Pin To Net: NetName=GND Pin=U1-14
Added Pin To Net: NetName=GND Pin=U1-17
Added Pin To Net: NetName=IN_3 Pin=U1-21
Added Pin To Net: NetName=IN_4 Pin=U1-22
Added Pin To Net: NetName=IN_5 Pin=U1-23
Added Pin To Net: NetName=IN_6 Pin=U1-24
Added Pin To Net: NetName=OUT_5 Pin=U1-30
Change Net Name : Old Net Name=NetLED5_2 New Net Name=NetLED7_2
Change Net Name : Old Net Name=NetLED6_2 New Net Name=NetLED8_2
Change Net Name : Old Net Name=NetLED9_2 New Net Name=NetLED10_2
Change Net Name : Old Net Name=NetLED10_2 New Net Name=NetLED11_2
Change Net Name : Old Net Name=VCC5_ISO New Net Name=VCC5
Added Pin To Net: NetName=COM_O Pin=C8-1
Added Pin To Net: NetName=COM_O Pin=RL1-4
Added Pin To Net: NetName=COM_O Pin=RL2-4
Added Pin To Net: NetName=COM_O Pin=RL3-4
Added Pin To Net: NetName=COM_O Pin=RL4-4
Added Pin To Net: NetName=COM_O Pin=RL5-4
Added Net: Name=COM_O
Added Pin To Net: NetName=L298_INA Pin=C9-4
Added Pin To Net: NetName=L298_INA Pin=U1-13
Added Net: Name=L298_INA
Added Pin To Net: NetName=L298_INB Pin=C9-3
Added Pin To Net: NetName=L298_INB Pin=U1-12
Added Net: Name=L298_INB
Added Pin To Net: NetName=L298_INC Pin=C9-2
Added Pin To Net: NetName=L298_INC Pin=U1-11
Added Net: Name=L298_INC
Added Pin To Net: NetName=L298_IND Pin=C9-1
Added Pin To Net: NetName=L298_IND Pin=U1-10
Added Net: Name=L298_IND
Added Pin To Net: NetName=NetBUCK LM1_2 Pin=BUCK LM1-2
Added Pin To Net: NetName=NetBUCK LM1_2 Pin=JACK DC1-2
Added Net: Name=NetBUCK LM1_2
Added Pin To Net: NetName=NetLED5_2 Pin=LED5-2
Added Pin To Net: NetName=NetLED5_2 Pin=R11-1
Added Net: Name=NetLED5_2
Added Pin To Net: NetName=NetLED6_2 Pin=LED6-2
Added Pin To Net: NetName=NetLED6_2 Pin=R12-1
Added Net: Name=NetLED6_2
Added Pin To Net: NetName=NetLED9_2 Pin=LED9-2
Added Pin To Net: NetName=NetLED9_2 Pin=R21-1
Added Net: Name=NetLED9_2
Added Pin To Net: NetName=VCC12 Pin=BUCK LM1-1
Added Pin To Net: NetName=VCC12 Pin=C10-2
Added Pin To Net: NetName=VCC12 Pin=JACK DC1-1
Added Net: Name=VCC12
Added Member To Class: ClassName=Sheet1 Member=Component BUCK LM1 Buck LM2596
Added Member To Class: ClassName=Sheet1 Member=Component C9 L298N IN
Added Member To Class: ClassName=Sheet1 Member=Component JACK DC1 JACK DC 5.5
Added Member To Class: ClassName=Sheet1 Member=Component JP1 JP7
Added Room: Name=Sheet1
