Added Member To Class: ClassName=Sheet1 Member=Component BT1 SET_CLOSE
Added Member To Class: ClassName=Sheet1 Member=Component BT2 SET_CLOSE
Added Member To Class: ClassName=Sheet1 Member=Component BT4 SET_CLOSE
Added Member To Class: ClassName=Sheet1 Member=Component C1 Header2
Added Member To Class: ClassName=Sheet1 Member=Component C2 Cap Pol3
Added Member To Class: ClassName=Sheet1 Member=Component C3 104
Added Member To Class: ClassName=Sheet1 Member=Component C4 Cap Pol3
Added Member To Class: ClassName=Sheet1 Member=Component C5 Header2
Added Member To Class: ClassName=Sheet1 Member=Component C6 Header2
Added Member To Class: ClassName=Sheet1 Member=Component C7 104
Added Member To Class: ClassName=Sheet1 Member=Component C8 104
Added Member To Class: ClassName=Sheet1 Member=Component C9 104
Added Member To Class: ClassName=Sheet1 Member=Component C10 Header2
Added Member To Class: ClassName=Sheet1 Member=Component C11 LCD_I2C
Added Member To Class: ClassName=Sheet1 Member=Component C12 104
Added Member To Class: ClassName=Sheet1 Member=Component D1 100v
Added Member To Class: ClassName=Sheet1 Member=Component D3 100v
Added Member To Class: ClassName=Sheet1 Member=Component D5 100v
Added Member To Class: ClassName=Sheet1 Member=Component JP1 Header 2_1
Added Member To Class: ClassName=Sheet1 Member=Component JP2 Header 2_1
Added Member To Class: ClassName=Sheet1 Member=Component JP3 Header 2_1
Added Member To Class: ClassName=Sheet1 Member=Component LED1 LED 3mm
Added Member To Class: ClassName=Sheet1 Member=Component LED2 LED 3mm
Added Member To Class: ClassName=Sheet1 Member=Component LED4 LED 3mm
Added Member To Class: ClassName=Sheet1 Member=Component LED6 LED 3mm
Added Member To Class: ClassName=Sheet1 Member=Component LED8 LED 3mm
Added Member To Class: ClassName=Sheet1 Member=Component LED10 LED 3mm
Added Member To Class: ClassName=Sheet1 Member=Component Q1 C1815
Added Member To Class: ClassName=Sheet1 Member=Component Q2 C1815
Added Member To Class: ClassName=Sheet1 Member=Component Q4 C1815
Added Member To Class: ClassName=Sheet1 Member=Component R1 100R
Added Member To Class: ClassName=Sheet1 Member=Component R2 510R
Added Member To Class: ClassName=Sheet1 Member=Component R3 47K
Added Member To Class: ClassName=Sheet1 Member=Component R4 100R
Added Member To Class: ClassName=Sheet1 Member=Component R5 4.7K
Added Member To Class: ClassName=Sheet1 Member=Component R6 100R
Added Member To Class: ClassName=Sheet1 Member=Component R7 510R
Added Member To Class: ClassName=Sheet1 Member=Component R11 100R
Added Member To Class: ClassName=Sheet1 Member=Component R12 510R
Added Member To Class: ClassName=Sheet1 Member=Component R16 100R
Added Member To Class: ClassName=Sheet1 Member=Component R17 510R
Added Member To Class: ClassName=Sheet1 Member=Component R19 100R
Added Member To Class: ClassName=Sheet1 Member=Component R21 100R
Added Member To Class: ClassName=Sheet1 Member=Component R22 510R
Added Member To Class: ClassName=Sheet1 Member=Component R23 47K
Added Member To Class: ClassName=Sheet1 Member=Component R24 100R
Added Member To Class: ClassName=Sheet1 Member=Component RL1 Relay
Added Member To Class: ClassName=Sheet1 Member=Component RL3 Relay
Added Member To Class: ClassName=Sheet1 Member=Component RL5 Relay
Added Member To Class: ClassName=Sheet1 Member=Component U1 PC817
Added Member To Class: ClassName=Sheet1 Member=Component U2 PC817
