Change Component Designator: Old Designator=BT1 New Designator=BT2
Change Component Designator: Old Designator=BT2 New Designator=BT3
Change Component Designator: Old Designator=BT3 New Designator=BT4
Change Component Designator: Old Designator=BT4 New Designator=BT5
Change Component Designator: Old Designator=C1 New Designator=C2
Change Component Designator: Old Designator=C2 New Designator=C4
Change Component Designator: Old Designator=C3 New Designator=C1
Change Component Designator: Old Designator=C3 New Designator=C5
Change Component Designator: Old Designator=C3 New Designator=C6
Change Component Designator: Old Designator=C6 New Designator=C3
Change Component Designator: Old Designator=C6 New Designator=C8
Change Component Designator: Old Designator=C6 New Designator=C9
Change Component Designator: Old Designator=C7 New Designator=C10
Change Component Designator: Old Designator=C8 New Designator=C11
Change Component Designator: Old Designator=C9 New Designator=C12
Change Component Designator: Old Designator=C10 New Designator=C13
Change Component Designator: Old Designator=C11 New Designator=C14
Change Component Designator: Old Designator=C12 New Designator=C15
Change Component Designator: Old Designator=C13 New Designator=C16
Change Component Designator: Old Designator=C14 New Designator=C17
Change Component Designator: Old Designator=D1 New Designator=D2
Change Component Designator: Old Designator=D2 New Designator=D1
Change Component Designator: Old Designator=D2 New Designator=D3
Change Component Designator: Old Designator=D3 New Designator=D4
Change Component Designator: Old Designator=D4 New Designator=D5
Change Component Designator: Old Designator=D5 New Designator=D6
Change Component Designator: Old Designator=JACK DC? New Designator=JACK DC1
Change Component Designator: Old Designator=JP1 New Designator=JP2
Change Component Designator: Old Designator=JP2 New Designator=JP1
Change Component Designator: Old Designator=JP2 New Designator=JP3
Change Component Designator: Old Designator=LED2 New Designator=LED4
Change Component Designator: Old Designator=LED3 New Designator=LED1
Change Component Designator: Old Designator=LED3 New Designator=LED2
Change Component Designator: Old Designator=LED4 New Designator=LED6
Change Component Designator: Old Designator=LED6 New Designator=LED7
Change Component Designator: Old Designator=LED7 New Designator=LED8
Change Component Designator: Old Designator=LED8 New Designator=LED9
Change Component Designator: Old Designator=LED9 New Designator=LED10
Change Component Designator: Old Designator=LED10 New Designator=LED11
Change Component Designator: Old Designator=Q1 New Designator=Q2
Change Component Designator: Old Designator=Q2 New Designator=Q1
Change Component Designator: Old Designator=Q2 New Designator=Q3
Change Component Designator: Old Designator=Q3 New Designator=Q4
Change Component Designator: Old Designator=Q4 New Designator=Q5
Change Component Designator: Old Designator=Q5 New Designator=Q6
Change Component Designator: Old Designator=R2 New Designator=R6
Change Component Designator: Old Designator=R3 New Designator=R1
Change Component Designator: Old Designator=R4 New Designator=R7
Change Component Designator: Old Designator=R5 New Designator=R2
Change Component Designator: Old Designator=R6 New Designator=R3
Change Component Designator: Old Designator=R6 New Designator=R8
Change Component Designator: Old Designator=R7 New Designator=R4
Change Component Designator: Old Designator=R7 New Designator=R9
Change Component Designator: Old Designator=R8 New Designator=R11
Change Component Designator: Old Designator=R9 New Designator=R12
Change Component Designator: Old Designator=R10 New Designator=R5
Change Component Designator: Old Designator=R11 New Designator=R13
Change Component Designator: Old Designator=R12 New Designator=R16
Change Component Designator: Old Designator=R13 New Designator=R17
Change Component Designator: Old Designator=R16 New Designator=R18
Change Component Designator: Old Designator=R17 New Designator=R21
Change Component Designator: Old Designator=R18 New Designator=R19
Change Component Designator: Old Designator=R19 New Designator=R22
Change Component Designator: Old Designator=R21 New Designator=R23
Change Component Designator: Old Designator=R22 New Designator=R24
Change Component Designator: Old Designator=R23 New Designator=R26
Change Component Designator: Old Designator=R24 New Designator=R25
Change Component Designator: Old Designator=R25 New Designator=R27
Change Component Designator: Old Designator=RL1 New Designator=RL2
Change Component Designator: Old Designator=RL2 New Designator=RL1
Change Component Designator: Old Designator=RL2 New Designator=RL3
Change Component Designator: Old Designator=RL3 New Designator=RL4
Change Component Designator: Old Designator=RL4 New Designator=RL5
Change Component Designator: Old Designator=RL5 New Designator=RL6
Change Component Designator: Old Designator=U1 New Designator=U2
Change Component Designator: Old Designator=U2 New Designator=U1
