Change Component Designator: Old Designator=BT1 New Designator=BT2
Change Component Designator: Old Designator=BT1 New Designator=BT3
Change Component Designator: Old Designator=BT1 New Designator=BT4
Change Component Designator: Old Designator=C4 New Designator=C6
Change Component Designator: Old Designator=C5 New Designator=C9
Change Component Designator: Old Designator=C5 New Designator=C11
Change Component Designator: Old Designator=C5 New Designator=C13
Change Component Designator: Old Designator=C6 New Designator=C7
Change Component Designator: Old Designator=C6 New Designator=C10
Change Component Designator: Old Designator=C6 New Designator=C12
Change Component Designator: Old Designator=C6 New Designator=C14
Change Component Designator: Old Designator=C? New Designator=C8
Change Component Designator: Old Designator=F? New Designator=F1
Change Component Designator: Old Designator=FL? New Designator=FL1
Change Component Designator: Old Designator=JP3 New Designator=JP4
Change Component Designator: Old Designator=JP4 New Designator=JP5
Change Component Designator: Old Designator=JP5 New Designator=JP6
Change Component Designator: Old Designator=JP? New Designator=JP3
Change Component Designator: Old Designator=LED1 New Designator=LED2
Change Component Designator: Old Designator=LED1 New Designator=LED3
Change Component Designator: Old Designator=LED1 New Designator=LED5
Change Component Designator: Old Designator=LED1 New Designator=LED7
Change Component Designator: Old Designator=LED1 New Designator=LED9
Change Component Designator: Old Designator=LED2 New Designator=LED4
Change Component Designator: Old Designator=LED3 New Designator=LED6
Change Component Designator: Old Designator=LED4 New Designator=LED8
Change Component Designator: Old Designator=LED5 New Designator=LED10
Change Component Designator: Old Designator=R2 New Designator=R3
Change Component Designator: Old Designator=R3 New Designator=R6
Change Component Designator: Old Designator=R4 New Designator=R2
Change Component Designator: Old Designator=R4 New Designator=R5
Change Component Designator: Old Designator=R4 New Designator=R11
Change Component Designator: Old Designator=R4 New Designator=R15
Change Component Designator: Old Designator=R4 New Designator=R20
Change Component Designator: Old Designator=R5 New Designator=R4
Change Component Designator: Old Designator=R5 New Designator=R7
Change Component Designator: Old Designator=R5 New Designator=R8
Change Component Designator: Old Designator=R5 New Designator=R13
Change Component Designator: Old Designator=R5 New Designator=R18
Change Component Designator: Old Designator=R5 New Designator=R21
Change Component Designator: Old Designator=R6 New Designator=R9
Change Component Designator: Old Designator=R6 New Designator=R14
Change Component Designator: Old Designator=R6 New Designator=R19
Change Component Designator: Old Designator=R6 New Designator=R23
Change Component Designator: Old Designator=R7 New Designator=R10
Change Component Designator: Old Designator=R8 New Designator=R12
Change Component Designator: Old Designator=R11 New Designator=R16
Change Component Designator: Old Designator=R13 New Designator=R17
Change Component Designator: Old Designator=R17 New Designator=R22
Change Component Designator: Old Designator=R18 New Designator=R24
Change Component Designator: Old Designator=RV? New Designator=RV1
Change Component Designator: Old Designator=U2 New Designator=U3
Change Component Designator: Old Designator=U3 New Designator=U4
Change Component Designator: Old Designator=U4 New Designator=U5
Change Component Designator: Old Designator=U5 New Designator=U6
Change Component Designator: Old Designator=U6 New Designator=U7
Change Component Designator: Old Designator=U?? New Designator=U2
