Removed Pin From Net: NetName=VCC5 Pin=*1-1
Removed Pin From Net: NetName=VCC5 Pin=*1-1
Removed Pin From Net: NetName=GND Pin=*1-4
Removed Pin From Net: NetName=GND Pin=*1-4
Removed Pin From Net: NetName=GND Pin=BT1-1
Removed Pin From Net: NetName=GND Pin=BT1-1
Removed Pin From Net: NetName=GND Pin=BT2-1
Removed Pin From Net: NetName=GND Pin=BT2-1
Removed Pin From Net: NetName=GND Pin=BT3-1
Removed Pin From Net: NetName=GND Pin=BT3-1
Removed Pin From Net: NetName=GND Pin=C1-2
Removed Pin From Net: NetName=GND Pin=C2-2
Removed Pin From Net: NetName=GND Pin=C6-2
Removed Pin From Net: NetName=GND Pin=C7-1
Removed Pin From Net: NetName=GND Pin=C9-1
Removed Pin From Net: NetName=GND Pin=C10-1
Removed Pin From Net: NetName=VCC5 Pin=HD2-1
Removed Pin From Net: NetName=GND Pin=HD2-4
Removed Member From Class: ClassName=Sheet1 Member=*1
Removed Member From Class: ClassName=Sheet1 Member=BT1
Removed Member From Class: ClassName=Sheet1 Member=BT2
Removed Member From Class: ClassName=Sheet1 Member=BT3
Removed Member From Class: ClassName=Sheet1 Member=C1
Removed Member From Class: ClassName=Sheet1 Member=C2
Removed Member From Class: ClassName=Sheet1 Member=C6
Removed Member From Class: ClassName=Sheet1 Member=C7
Removed Member From Class: ClassName=Sheet1 Member=C9
Removed Member From Class: ClassName=Sheet1 Member=C10
Removed Member From Class: ClassName=Sheet1 Member=HD1
Removed Member From Class: ClassName=Sheet1 Member=HD2
Removed Member From Class: ClassName=Sheet1 Member=R1
Removed Member From Class: ClassName=Sheet1 Member=R2
Removed Member From Class: ClassName=Sheet1 Member=R3
Removed Member From Class: ClassName=Sheet1 Member=R4
Removed Member From Class: ClassName=Sheet1 Member=R5
Removed Member From Class: ClassName=Sheet1 Member=R6
Removed Member From Class: ClassName=Sheet1 Member=R7
Removed Member From Class: ClassName=Sheet1 Member=R8
Added Component: Designator=HD?(HED3)
Add component (AddParameter): Name = "Value"; Value = "Header 3"; VariantName = "[No Variations]"
Added Pin To Net: NetName=GND Pin=HD?-1
Added Pin To Net: NetName=VCC5 Pin=HD?-3
Added Pin To Net: NetName=DATA_SS Pin=HD?-2
Added Pin To Net: NetName=DATA_SS Pin=U1-13
Added Net: Name=DATA_SS
Added Member To Class: ClassName=Sheet1 Member=Component HD? Header 3
Added Room: Name=Sheet1
