Removed Pin From Net: NetName=+12 Pin=D2-2
Removed Pin From Net: NetName=+12 Pin=D3-2
Removed Pin From Net: NetName=+12 Pin=HD4-2
Removed Pin From Net: NetName=+12 Pin=RL2-5
Removed Pin From Net: NetName=+12 Pin=RL3-5
Removed Pin From Net: NetName=+12 Pin=U3-4
Removed Pin From Net: NetName=+12 Pin=U4-4
Change Net Name : Old Net Name=+12 New Net Name=NetD1_2
Added Pin To Net: NetName=+12 Pin=HD4-2
Added Net: Name=+12
Added Pin To Net: NetName=NetD2_2 Pin=D2-2
Added Pin To Net: NetName=NetD2_2 Pin=RL2-5
Added Pin To Net: NetName=NetD2_2 Pin=U3-4
Added Net: Name=NetD2_2
Added Pin To Net: NetName=NetD3_2 Pin=D3-2
Added Pin To Net: NetName=NetD3_2 Pin=RL3-5
Added Pin To Net: NetName=NetD3_2 Pin=U4-4
Added Net: Name=NetD3_2
Added Member To Class: ClassName=Sheet1 Member=Component HD3 Header 3
Added Member To Class: ClassName=Sheet1 Member=Component LED4 LED
Added Member To Class: ClassName=Sheet1 Member=Component RL3 Relay 10A/12V
Added Member To Class: ClassName=Sheet1 Member=Component SW1 7101P3YZQE
Added Member To Class: ClassName=Sheet1 Member=Component U2 ESP32-DEVKIT-V1
Added Room: Name=Sheet1
