Removed Pin From Net: NetName=NetC1_1 Pin=LED4-1
Removed Pin From Net: NetName=GND Pin=LED4-2
Removed Pin From Net: NetName=NetC1_1 Pin=SW1-1
Removed Pin From Net: NetName=MODE Pin=SW1-2
Added Component: Designator=LED4(LED-5-RED)
Add component (AddParameter): Name = "Value"; Value = "LED 3 ly Single Colour"; VariantName = "[No Variations]"
Added Component: Designator=SW1(SW_TOGGLE_7101P3YZQE)
Add component (AddParameter): Name = "Actuator Length"; Value = "11.43mm"; VariantName = "[No Variations]"
Add component (AddParameter): Name = "Actuator Material"; Value = "Brass, Chrome Plated"; VariantName = "[No Variations]"
Add component (AddParameter): Name = "Actuator Type"; Value = "Flat Anti-Rotation"; VariantName = "[No Variations]"
Add component (AddParameter): Name = "Bushing Thread"; Value = "1/4-40"; VariantName = "[No Variations]"
Add component (AddParameter): Name = "Category"; Value = "Switches"; VariantName = "[No Variations]"
Add component (AddParameter): Name = "Circuit"; Value = "SPDT"; VariantName = "[No Variations]"
Add component (AddParameter): Name = "ComponentLink1Description"; Value = "http://www.ckswitches.com/media/1394/7000toggle.pdf"; VariantName = "[No Variations]"
Add component (AddParameter): Name = "ComponentLink1URL"; Value = "http://www.ckswitches.com/media/1394/7000toggle.pdf"; VariantName = "[No Variations]"
Add component (AddParameter): Name = "Current Rating"; Value = "5A (AC/DC)"; VariantName = "[No Variations]"
Add component (AddParameter): Name = "Electrical Life"; Value = "100,000 Cycles"; VariantName = "[No Variations]"
Add component (AddParameter): Name = "Features"; Value = "Epoxy Sealed Terminals"; VariantName = "[No Variations]"
Add component (AddParameter): Name = "Illumination"; Value = "Non-Illuminated"; VariantName = "[No Variations]"
Add component (AddParameter): Name = "Illumination Type, Color"; Value = "-"; VariantName = "[No Variations]"
Add component (AddParameter): Name = "Illumination Voltage (Nominal)"; Value = "-"; VariantName = "[No Variations]"
Add component (AddParameter): Name = "Ingress Protection"; Value = "-"; VariantName = "[No Variations]"
Add component (AddParameter): Name = "Manufacturer"; Value = "C&K"; VariantName = "[No Variations]"
Add component (AddParameter): Name = "Manufacturer Part Number"; Value = "7101P3YZQE"; VariantName = "[No Variations]"
Add component (AddParameter): Name = "Mounting Type"; Value = "Panel Mount"; VariantName = "[No Variations]"
Add component (AddParameter): Name = "Operating Temperature"; Value = "-30°C ~ 85°C"; VariantName = "[No Variations]"
Add component (AddParameter): Name = "Packaging"; Value = "Bulk"; VariantName = "[No Variations]"
Add component (AddParameter): Name = "Panel Cutout Dimensions"; Value = "Circular - 6.35mm Dia"; VariantName = "[No Variations]"
Add component (AddParameter): Name = "Part Status"; Value = "Active"; VariantName = "[No Variations]"
Add component (AddParameter): Name = "Pricing 1"; Value = "1=6.11, 10=5.801, 25=5.648, 50=5.4954, 100=5.3428, 250=5.03744, 500=4.2742, 1000=4.04523 (USD)"; VariantName = "[No Variations]"
Add component (AddParameter): Name = "RoHS"; Value = "RoHS Compliant"; VariantName = "[No Variations]"
Add component (AddParameter): Name = "Stock 1"; Value = "933"; VariantName = "[No Variations]"
Add component (AddParameter): Name = "Supplier 1"; Value = "Digi-Key"; VariantName = "[No Variations]"
Add component (AddParameter): Name = "Supplier Part Number 1"; Value = "CKN1019-ND"; VariantName = "[No Variations]"
Add component (AddParameter): Name = "Switch Function"; Value = "On-On"; VariantName = "[No Variations]"
Add component (AddParameter): Name = "Termination Style"; Value = "Solder Lug"; VariantName = "[No Variations]"
Add component (AddParameter): Name = "Voltage Rating - AC"; Value = "120V"; VariantName = "[No Variations]"
Add component (AddParameter): Name = "Voltage Rating - DC"; Value = "28V"; VariantName = "[No Variations]"
Added Pin To Net: NetName=NetC1_1 Pin=LED4-1
Added Pin To Net: NetName=GND Pin=LED4-2
Added Pin To Net: NetName=NetC1_1 Pin=SW1-1
Added Pin To Net: NetName=MODE Pin=SW1-2
Added Member To Class: ClassName=Sheet1 Member=Component C1 Cap Pol3
Added Member To Class: ClassName=Sheet1 Member=Component D1 1N4007
Added Member To Class: ClassName=Sheet1 Member=Component D2 1N4007
Added Member To Class: ClassName=Sheet1 Member=Component D3 1N4007
Added Member To Class: ClassName=Sheet1 Member=Component HD1 Header 3
Added Member To Class: ClassName=Sheet1 Member=Component HD2 Header 3
Added Member To Class: ClassName=Sheet1 Member=Component HD3 Header 3
Added Member To Class: ClassName=Sheet1 Member=Component HD4 Header 2
Added Member To Class: ClassName=Sheet1 Member=Component LED1 LED
Added Member To Class: ClassName=Sheet1 Member=Component LED2 LED
Added Member To Class: ClassName=Sheet1 Member=Component LED3 LED
Added Member To Class: ClassName=Sheet1 Member=Component LED4 LED
Added Member To Class: ClassName=Sheet1 Member=Component Q1 C1815
Added Member To Class: ClassName=Sheet1 Member=Component Q2 C1815
Added Member To Class: ClassName=Sheet1 Member=Component Q3 C1815
Added Member To Class: ClassName=Sheet1 Member=Component R1 1k
Added Member To Class: ClassName=Sheet1 Member=Component R2 510
Added Member To Class: ClassName=Sheet1 Member=Component R3 1k
Added Member To Class: ClassName=Sheet1 Member=Component R4 510
Added Member To Class: ClassName=Sheet1 Member=Component R5 1k
Added Member To Class: ClassName=Sheet1 Member=Component R6 510
Added Member To Class: ClassName=Sheet1 Member=Component R7 10K
Added Member To Class: ClassName=Sheet1 Member=Component RL1 Relay 10A/12V
Added Member To Class: ClassName=Sheet1 Member=Component RL2 Relay 10A/12V
Added Member To Class: ClassName=Sheet1 Member=Component RL3 Relay 10A/12V
Added Member To Class: ClassName=Sheet1 Member=Component SW1 7101P3YZQE
Added Member To Class: ClassName=Sheet1 Member=Component U1 PC817
Added Member To Class: ClassName=Sheet1 Member=Component U2 ESP32-DEVKIT-V1
Added Member To Class: ClassName=Sheet1 Member=Component U3 PC817
Added Member To Class: ClassName=Sheet1 Member=Component U4 PC817
