Removed Pin From Net: NetName=+12 Pin=C2-1
Removed Pin From Net: NetName=GND Pin=C2-2
Removed Pin From Net: NetName=+5 Pin=C3-1
Removed Pin From Net: NetName=GND Pin=C3-2
Removed Pin From Net: NetName=GND Pin=C4-1
Removed Pin From Net: NetName=+12 Pin=C4-2
Removed Pin From Net: NetName=GND Pin=C5-1
Removed Pin From Net: NetName=+5 Pin=C5-2
Removed Pin From Net: NetName=+12 Pin=IC1-1
Removed Pin From Net: NetName=GND Pin=IC1-2
Removed Pin From Net: NetName=+5 Pin=IC1-3
Removed Pin From Net: NetName=INT4 Pin=INT-1
Removed Pin From Net: NetName=INT3 Pin=INT-2
Removed Pin From Net: NetName=INT2 Pin=INT-3
Removed Pin From Net: NetName=INT1 Pin=INT-4
Removed Member From Class: ClassName=MaiChe Member=C2
Removed Member From Class: ClassName=MaiChe Member=C3
Removed Member From Class: ClassName=MaiChe Member=C4
Removed Member From Class: ClassName=MaiChe Member=C5
Removed Member From Class: ClassName=MaiChe Member=IC1
Removed Member From Class: ClassName=MaiChe Member=INT
Added Component: Designator=HD2(HED2)
Add component (AddParameter): Name = "Value"; Value = "Header 2"; VariantName = "[No Variations]"
Added Component: Designator=J1(jp2h)
Add component (AddParameter): Name = "Value"; Value = "JP 2"; VariantName = "[No Variations]"
Added Pin To Net: NetName=GND Pin=HD2-1
Added Pin To Net: NetName=+5 Pin=HD2-2
Added Pin To Net: NetName=INT1 Pin=J1-1
Added Pin To Net: NetName=INT2 Pin=J1-2
Added Member To Class: ClassName=MaiChe Member=Component HD2 Header 2
Added Member To Class: ClassName=MaiChe Member=Component J1 Jumper 2
Added Member To Class: ClassName=MaiChe Member=Component RL2 Relay 10A/12V
Added Room: Name=MaiChe
