Removed Pin From Net: NetName=GND Pin=BT1-1
Removed Pin From Net: NetName=GND Pin=BT1-1
Removed Pin From Net: NetName=GND Pin=BT2-1
Removed Pin From Net: NetName=GND Pin=BT2-1
Removed Pin From Net: NetName=GND Pin=BT3-1
Removed Pin From Net: NetName=GND Pin=BT3-1
Removed Pin From Net: NetName=GND Pin=C1-2
Removed Pin From Net: NetName=GND Pin=C2-2
Removed Pin From Net: NetName=GND Pin=C6-2
Removed Pin From Net: NetName=GND Pin=C7-1
Removed Pin From Net: NetName=GND Pin=C9-1
Removed Pin From Net: NetName=GND Pin=C10-1
Removed Member From Class: ClassName=Sheet1 Member=BT1
Removed Member From Class: ClassName=Sheet1 Member=BT2
Removed Member From Class: ClassName=Sheet1 Member=BT3
Removed Member From Class: ClassName=Sheet1 Member=C6
Removed Member From Class: ClassName=Sheet1 Member=C7
Removed Member From Class: ClassName=Sheet1 Member=C8
Removed Member From Class: ClassName=Sheet1 Member=C9
Removed Member From Class: ClassName=Sheet1 Member=C10
Removed Member From Class: ClassName=Sheet1 Member=HD2
Removed Member From Class: ClassName=Sheet1 Member=R1
Removed Member From Class: ClassName=Sheet1 Member=R2
Removed Member From Class: ClassName=Sheet1 Member=R3
Removed Member From Class: ClassName=Sheet1 Member=R4
Removed Member From Class: ClassName=Sheet1 Member=R5
Removed Member From Class: ClassName=Sheet1 Member=R6
Removed Member From Class: ClassName=Sheet1 Member=R7
Removed Member From Class: ClassName=Sheet1 Member=R8
Change Component Designator: OldDesignator=C3 NewDesignator=C1
Change Component Designator: OldDesignator=C4 NewDesignator=C2
Change Component Designator: OldDesignator=C5 NewDesignator=C3
Change Component Designator: OldDesignator=C8 NewDesignator=C5
Change Component Designator: OldDesignator=HD2 NewDesignator=HD1
Added Component: Designator=C4(Header2)
Add component (AddParameter): Name = "ComponentLink1 Description"; Value = "Manufacturer"; VariantName = "[No Variations]"
Add component (AddParameter): Name = "ComponentLink1URL"; Value = "http://www.we-online.com"; VariantName = "[No Variations]"
Add component (AddParameter): Name = "ComponentLink2 Description"; Value = "Datasheet"; VariantName = "[No Variations]"
Add component (AddParameter): Name = "ComponentLink2URL"; Value = "http://katalog.we-online.de/em/datasheet/6130xx143121.pdf"; VariantName = "[No Variations]"
Add component (AddParameter): Name = "Created by"; Value = "Karrer Zheng"; VariantName = "[No Variations]"
Add component (AddParameter): Name = "Created Date"; Value = "29 March 2013"; VariantName = "[No Variations]"
Add component (AddParameter): Name = "Manufacturer"; Value = "W¨¹rth Elektronik eiSos GmbH"; VariantName = "[No Variations]"
Add component (AddParameter): Name = "NoPins"; Value = "02"; VariantName = "[No Variations]"
Add component (AddParameter): Name = "partNo"; Value = "613002143121"; VariantName = "[No Variations]"
Added Pin To Net: NetName=GND Pin=C4-1
Added Pin To Net: NetName=VCC5 Pin=C4-2
Added Pin To Net: NetName=RS485_A+ Pin=*1-7
Added Pin To Net: NetName=RS485_A+ Pin=*1-7
Added Pin To Net: NetName=RS485_A+ Pin=HD1-3
Added Net: Name=RS485_A+
Added Pin To Net: NetName=RS485_B- Pin=*1-6
Added Pin To Net: NetName=RS485_B- Pin=*1-6
Added Pin To Net: NetName=RS485_B- Pin=HD1-2
Added Net: Name=RS485_B-
Added Room: Name=Sheet1
