Removed Pin From Net: NetName=SDA Pin=Arduino1-A4
Removed Pin From Net: NetName=SCL Pin=Arduino1-A5
Removed Pin From Net: NetName=GND_ISO Pin=Arduino1-GND
Removed Pin From Net: NetName=GND_ISO Pin=Arduino1-GND
Removed Pin From Net: NetName=VCC5_ISO Pin=Arduino1-VIN
Removed Pin From Net: NetName=VCC5 Pin=C4-1
Removed Pin From Net: NetName=GND Pin=C4-2
Removed Pin From Net: NetName=VCC5_ISO Pin=C10-3
Removed Pin From Net: NetName=NetD1_2 Pin=D1-2
Removed Pin From Net: NetName=NetD2_2 Pin=D2-2
Removed Pin From Net: NetName=NetD3_2 Pin=D3-2
Removed Pin From Net: NetName=NetD4_2 Pin=D4-2
Removed Pin From Net: NetName=NetD5_2 Pin=D5-2
Removed Pin From Net: NetName=GND Pin=HILINK1-3
Removed Pin From Net: NetName=VCC5 Pin=HILINK1-4
Removed Pin From Net: NetName=NetJP1_1 Pin=JP1-1
Removed Pin From Net: NetName=NetJP1_2 Pin=JP1-2
Removed Pin From Net: NetName=NetJP2_1 Pin=JP2-1
Removed Pin From Net: NetName=NetJP2_2 Pin=JP2-2
Removed Pin From Net: NetName=VCC5_ISO Pin=LED1-1
Removed Pin From Net: NetName=NetLED1_2 Pin=LED1-2
Removed Pin From Net: NetName=NetD1_2 Pin=Q1-2
Removed Pin From Net: NetName=NetD2_2 Pin=Q2-2
Removed Pin From Net: NetName=NetD3_2 Pin=Q3-2
Removed Pin From Net: NetName=NetD4_2 Pin=Q4-2
Removed Pin From Net: NetName=NetD5_2 Pin=Q5-2
Removed Pin From Net: NetName=VCC5_ISO Pin=R1-2
Removed Pin From Net: NetName=NetLED1_2 Pin=R3-2
Removed Pin From Net: NetName=NetJP1_2 Pin=RL1-1
Removed Pin From Net: NetName=VCC5 Pin=RL1-3
Removed Pin From Net: NetName=NetJP1_1 Pin=RL1-4
Removed Pin From Net: NetName=NetD1_2 Pin=RL1-5
Removed Pin From Net: NetName=NetJP2_2 Pin=RL2-1
Removed Pin From Net: NetName=VCC5 Pin=RL2-3
Removed Pin From Net: NetName=NetJP2_1 Pin=RL2-4
Removed Pin From Net: NetName=NetD2_2 Pin=RL2-5
Removed Pin From Net: NetName=NetJP4_2 Pin=RL3-1
Removed Pin From Net: NetName=VCC5 Pin=RL3-3
Removed Pin From Net: NetName=NetJP4_1 Pin=RL3-4
Removed Pin From Net: NetName=NetD3_2 Pin=RL3-5
Removed Pin From Net: NetName=NetJP5_2 Pin=RL4-1
Removed Pin From Net: NetName=VCC5 Pin=RL4-3
Removed Pin From Net: NetName=NetJP5_1 Pin=RL4-4
Removed Pin From Net: NetName=NetD4_2 Pin=RL4-5
Removed Pin From Net: NetName=NetJP6_2 Pin=RL5-1
Removed Pin From Net: NetName=VCC5 Pin=RL5-3
Removed Pin From Net: NetName=NetJP6_1 Pin=RL5-4
Removed Pin From Net: NetName=NetD5_2 Pin=RL5-5
Removed Pin From Net: NetName=GND_ISO Pin=U2-2
Removed Pin From Net: NetName=VCC5_ISO Pin=U2-3
Removed Pin From Net: NetName=GND_ISO Pin=U5-1
Removed Pin From Net: NetName=VCC5_ISO Pin=U5-2
Removed Pin From Net: NetName=SDA Pin=U5-3
Removed Pin From Net: NetName=SCL Pin=U5-4
Removed Member From Class: ClassName=Sheet1 Member=Arduino1
Removed Member From Class: ClassName=Sheet1 Member=F1
Removed Member From Class: ClassName=Sheet1 Member=FL1
Removed Member From Class: ClassName=Sheet1 Member=HILINK1
Removed Member From Class: ClassName=Sheet1 Member=RV1
Change Component Comment : Designator=C10 Old Comment=Header3 New Comment=ADC4
Change Component Designator: OldDesignator=BT1 NewDesignator=BT2
Change Component Designator: OldDesignator=BT2 NewDesignator=BT3
Change Component Designator: OldDesignator=BT3 NewDesignator=BT4
Change Component Designator: OldDesignator=BT4 NewDesignator=BT6
Change Component Designator: OldDesignator=C1 NewDesignator=C10
Change Component Designator: OldDesignator=C2 NewDesignator=C11
Change Component Designator: OldDesignator=C6 NewDesignator=C7
Change Component Designator: OldDesignator=C7 NewDesignator=C8
Change Component Designator: OldDesignator=C8 NewDesignator=C24
Change Component Designator: OldDesignator=C9 NewDesignator=C12
Change Component Designator: OldDesignator=C10 NewDesignator=C21
Change Component Designator: OldDesignator=C11 NewDesignator=C9
Change Component Designator: OldDesignator=C12 NewDesignator=C13
Change Component Designator: OldDesignator=C13 NewDesignator=C15
Change Component Designator: OldDesignator=C14 NewDesignator=C19
Change Component Designator: OldDesignator=D1 NewDesignator=D2
Change Component Designator: OldDesignator=D2 NewDesignator=D3
Change Component Designator: OldDesignator=D3 NewDesignator=D4
Change Component Designator: OldDesignator=D4 NewDesignator=D5
Change Component Designator: OldDesignator=D5 NewDesignator=D6
Change Component Designator: OldDesignator=JP1 NewDesignator=JP2
Change Component Designator: OldDesignator=JP2 NewDesignator=JP3
Change Component Designator: OldDesignator=LED2 NewDesignator=LED6
Change Component Designator: OldDesignator=LED3 NewDesignator=LED2
Change Component Designator: OldDesignator=LED4 NewDesignator=LED7
Change Component Designator: OldDesignator=LED5 NewDesignator=LED4
Change Component Designator: OldDesignator=LED6 NewDesignator=LED10
Change Component Designator: OldDesignator=LED7 NewDesignator=LED5
Change Component Designator: OldDesignator=LED8 NewDesignator=LED11
Change Component Designator: OldDesignator=LED10 NewDesignator=LED12
Change Component Designator: OldDesignator=Q1 NewDesignator=Q2
Change Component Designator: OldDesignator=Q2 NewDesignator=Q3
Change Component Designator: OldDesignator=Q3 NewDesignator=Q4
Change Component Designator: OldDesignator=Q4 NewDesignator=Q5
Change Component Designator: OldDesignator=Q5 NewDesignator=Q6
Change Component Designator: OldDesignator=R2 NewDesignator=R9
Change Component Designator: OldDesignator=R4 NewDesignator=R10
Change Component Designator: OldDesignator=R6 NewDesignator=R2
Change Component Designator: OldDesignator=R7 NewDesignator=R6
Change Component Designator: OldDesignator=R8 NewDesignator=R17
Change Component Designator: OldDesignator=R9 NewDesignator=R18
Change Component Designator: OldDesignator=R10 NewDesignator=R8
Change Component Designator: OldDesignator=R12 NewDesignator=R25
Change Component Designator: OldDesignator=R13 NewDesignator=R26
Change Component Designator: OldDesignator=R14 NewDesignator=R13
Change Component Designator: OldDesignator=R16 NewDesignator=R12
Change Component Designator: OldDesignator=R17 NewDesignator=R27
Change Component Designator: OldDesignator=R18 NewDesignator=R14
Change Component Designator: OldDesignator=R19 NewDesignator=R28
Change Component Designator: OldDesignator=R20 NewDesignator=R16
Change Component Designator: OldDesignator=R21 NewDesignator=R20
Change Component Designator: OldDesignator=R23 NewDesignator=R29
Change Component Designator: OldDesignator=R25 NewDesignator=R30
Change Component Designator: OldDesignator=U1 NewDesignator=U2
Added Component: Designator=BT1(Nut Nhan 4 Chan Cam 6x6)
Add component (AddParameter): Name = "Ma_Hang"; Value = "MH004584"; VariantName = "[No Variations]"
Add component (AddParameter): Name = "Ten"; Value = "Nút Nh?n 4 Chân 6x6x5MM DIP"; VariantName = "[No Variations]"
Added Component: Designator=BT5(Nut Nhan 4 Chan Cam 6x6)
Add component (AddParameter): Name = "Ma_Hang"; Value = "MH004584"; VariantName = "[No Variations]"
Add component (AddParameter): Name = "Ten"; Value = "Nút Nh?n 4 Chân 6x6x5MM DIP"; VariantName = "[No Variations]"
Added Component: Designator=C1(Header2)
Add component (AddParameter): Name = "ComponentLink1 Description"; Value = "Manufacturer"; VariantName = "[No Variations]"
Add component (AddParameter): Name = "ComponentLink1URL"; Value = "http://www.we-online.com"; VariantName = "[No Variations]"
Add component (AddParameter): Name = "ComponentLink2 Description"; Value = "Datasheet"; VariantName = "[No Variations]"
Add component (AddParameter): Name = "ComponentLink2URL"; Value = "http://katalog.we-online.de/em/datasheet/6130xx143121.pdf"; VariantName = "[No Variations]"
Add component (AddParameter): Name = "Created by"; Value = "Karrer Zheng"; VariantName = "[No Variations]"
Add component (AddParameter): Name = "Created Date"; Value = "29 March 2013"; VariantName = "[No Variations]"
Add component (AddParameter): Name = "Manufacturer"; Value = "W¨¹rth Elektronik eiSos GmbH"; VariantName = "[No Variations]"
Add component (AddParameter): Name = "NoPins"; Value = "02"; VariantName = "[No Variations]"
Add component (AddParameter): Name = "partNo"; Value = "613002143121"; VariantName = "[No Variations]"
Added Component: Designator=C2(Header2)
Add component (AddParameter): Name = "ComponentLink1 Description"; Value = "Manufacturer"; VariantName = "[No Variations]"
Add component (AddParameter): Name = "ComponentLink1URL"; Value = "http://www.we-online.com"; VariantName = "[No Variations]"
Add component (AddParameter): Name = "ComponentLink2 Description"; Value = "Datasheet"; VariantName = "[No Variations]"
Add component (AddParameter): Name = "ComponentLink2URL"; Value = "http://katalog.we-online.de/em/datasheet/6130xx143121.pdf"; VariantName = "[No Variations]"
Add component (AddParameter): Name = "Created by"; Value = "Karrer Zheng"; VariantName = "[No Variations]"
Add component (AddParameter): Name = "Created Date"; Value = "29 March 2013"; VariantName = "[No Variations]"
Add component (AddParameter): Name = "Manufacturer"; Value = "W¨¹rth Elektronik eiSos GmbH"; VariantName = "[No Variations]"
Add component (AddParameter): Name = "NoPins"; Value = "02"; VariantName = "[No Variations]"
Add component (AddParameter): Name = "partNo"; Value = "613002143121"; VariantName = "[No Variations]"
Added Component: Designator=C4(tu gom)
Add component (AddParameter): Name = "Chung_Loai"; Value = "C?m"; VariantName = "[No Variations]"
Add component (AddParameter): Name = "Don_Vi"; Value = "Con"; VariantName = "[No Variations]"
Add component (AddParameter): Name = "Kieu_Chan"; Value = ""; VariantName = "[No Variations]"
Add component (AddParameter): Name = "Ma_Hang"; Value = "MH004761"; VariantName = "[No Variations]"
Add component (AddParameter): Name = "So_Chan"; Value = "2"; VariantName = "[No Variations]"
Add component (AddParameter): Name = "Ten_Linh_Kien"; Value = "T? g?m 104 100nF 50V"; VariantName = "[No Variations]"
Added Component: Designator=C5(tu gom)
Add component (AddParameter): Name = "Chung_Loai"; Value = "C?m"; VariantName = "[No Variations]"
Add component (AddParameter): Name = "Don_Vi"; Value = "Con"; VariantName = "[No Variations]"
Add component (AddParameter): Name = "Kieu_Chan"; Value = ""; VariantName = "[No Variations]"
Add component (AddParameter): Name = "Ma_Hang"; Value = "MH004761"; VariantName = "[No Variations]"
Add component (AddParameter): Name = "So_Chan"; Value = "2"; VariantName = "[No Variations]"
Add component (AddParameter): Name = "Ten_Linh_Kien"; Value = "T? g?m 104 100nF 50V"; VariantName = "[No Variations]"
Added Component: Designator=C6(tu gom)
Add component (AddParameter): Name = "Chung_Loai"; Value = "C?m"; VariantName = "[No Variations]"
Add component (AddParameter): Name = "Don_Vi"; Value = "Con"; VariantName = "[No Variations]"
Add component (AddParameter): Name = "Kieu_Chan"; Value = ""; VariantName = "[No Variations]"
Add component (AddParameter): Name = "Ma_Hang"; Value = "MH004761"; VariantName = "[No Variations]"
Add component (AddParameter): Name = "So_Chan"; Value = "2"; VariantName = "[No Variations]"
Add component (AddParameter): Name = "Ten_Linh_Kien"; Value = "T? g?m 104 100nF 50V"; VariantName = "[No Variations]"
Added Component: Designator=C14(Header2)
Add component (AddParameter): Name = "ComponentLink1 Description"; Value = "Manufacturer"; VariantName = "[No Variations]"
Add component (AddParameter): Name = "ComponentLink1URL"; Value = "http://www.we-online.com"; VariantName = "[No Variations]"
Add component (AddParameter): Name = "ComponentLink2 Description"; Value = "Datasheet"; VariantName = "[No Variations]"
Add component (AddParameter): Name = "ComponentLink2URL"; Value = "http://katalog.we-online.de/em/datasheet/6130xx143121.pdf"; VariantName = "[No Variations]"
Add component (AddParameter): Name = "Created by"; Value = "Karrer Zheng"; VariantName = "[No Variations]"
Add component (AddParameter): Name = "Created Date"; Value = "29 March 2013"; VariantName = "[No Variations]"
Add component (AddParameter): Name = "Manufacturer"; Value = "W¨¹rth Elektronik eiSos GmbH"; VariantName = "[No Variations]"
Add component (AddParameter): Name = "NoPins"; Value = "02"; VariantName = "[No Variations]"
Add component (AddParameter): Name = "partNo"; Value = "613002143121"; VariantName = "[No Variations]"
Added Component: Designator=C16(Header3)
Add component (AddParameter): Name = "ComponentLink1 Description"; Value = "Manufacturer"; VariantName = "[No Variations]"
Add component (AddParameter): Name = "ComponentLink1URL"; Value = "http://www.we-online.com"; VariantName = "[No Variations]"
Add component (AddParameter): Name = "ComponentLink2 Description"; Value = "Datasheet"; VariantName = "[No Variations]"
Add component (AddParameter): Name = "ComponentLink2URL"; Value = "http://katalog.we-online.de/em/datasheet/6130xx143121.pdf"; VariantName = "[No Variations]"
Add component (AddParameter): Name = "Created by"; Value = "Karrer Zheng"; VariantName = "[No Variations]"
Add component (AddParameter): Name = "Created Date"; Value = "29 March 2013"; VariantName = "[No Variations]"
Add component (AddParameter): Name = "Manufacturer"; Value = "W¨¹rth Elektronik eiSos GmbH"; VariantName = "[No Variations]"
Add component (AddParameter): Name = "NoPins"; Value = "02"; VariantName = "[No Variations]"
Add component (AddParameter): Name = "partNo"; Value = "613002143121"; VariantName = "[No Variations]"
Added Component: Designator=C17(Header3)
Add component (AddParameter): Name = "ComponentLink1 Description"; Value = "Manufacturer"; VariantName = "[No Variations]"
Add component (AddParameter): Name = "ComponentLink1URL"; Value = "http://www.we-online.com"; VariantName = "[No Variations]"
Add component (AddParameter): Name = "ComponentLink2 Description"; Value = "Datasheet"; VariantName = "[No Variations]"
Add component (AddParameter): Name = "ComponentLink2URL"; Value = "http://katalog.we-online.de/em/datasheet/6130xx143121.pdf"; VariantName = "[No Variations]"
Add component (AddParameter): Name = "Created by"; Value = "Karrer Zheng"; VariantName = "[No Variations]"
Add component (AddParameter): Name = "Created Date"; Value = "29 March 2013"; VariantName = "[No Variations]"
Add component (AddParameter): Name = "Manufacturer"; Value = "W¨¹rth Elektronik eiSos GmbH"; VariantName = "[No Variations]"
Add component (AddParameter): Name = "NoPins"; Value = "02"; VariantName = "[No Variations]"
Add component (AddParameter): Name = "partNo"; Value = "613002143121"; VariantName = "[No Variations]"
Added Component: Designator=C18(tu gom)
Add component (AddParameter): Name = "Chung_Loai"; Value = "C?m"; VariantName = "[No Variations]"
Add component (AddParameter): Name = "Don_Vi"; Value = "Con"; VariantName = "[No Variations]"
Add component (AddParameter): Name = "Kieu_Chan"; Value = ""; VariantName = "[No Variations]"
Add component (AddParameter): Name = "Ma_Hang"; Value = "MH004761"; VariantName = "[No Variations]"
Add component (AddParameter): Name = "So_Chan"; Value = "2"; VariantName = "[No Variations]"
Add component (AddParameter): Name = "Ten_Linh_Kien"; Value = "T? g?m 104 100nF 50V"; VariantName = "[No Variations]"
Added Component: Designator=C20(Header3)
Add component (AddParameter): Name = "ComponentLink1 Description"; Value = "Manufacturer"; VariantName = "[No Variations]"
Add component (AddParameter): Name = "ComponentLink1URL"; Value = "http://www.we-online.com"; VariantName = "[No Variations]"
Add component (AddParameter): Name = "ComponentLink2 Description"; Value = "Datasheet"; VariantName = "[No Variations]"
Add component (AddParameter): Name = "ComponentLink2URL"; Value = "http://katalog.we-online.de/em/datasheet/6130xx143121.pdf"; VariantName = "[No Variations]"
Add component (AddParameter): Name = "Created by"; Value = "Karrer Zheng"; VariantName = "[No Variations]"
Add component (AddParameter): Name = "Created Date"; Value = "29 March 2013"; VariantName = "[No Variations]"
Add component (AddParameter): Name = "Manufacturer"; Value = "W¨¹rth Elektronik eiSos GmbH"; VariantName = "[No Variations]"
Add component (AddParameter): Name = "NoPins"; Value = "02"; VariantName = "[No Variations]"
Add component (AddParameter): Name = "partNo"; Value = "613002143121"; VariantName = "[No Variations]"
Added Component: Designator=C22(Header3)
Add component (AddParameter): Name = "ComponentLink1 Description"; Value = "Manufacturer"; VariantName = "[No Variations]"
Add component (AddParameter): Name = "ComponentLink1URL"; Value = "http://www.we-online.com"; VariantName = "[No Variations]"
Add component (AddParameter): Name = "ComponentLink2 Description"; Value = "Datasheet"; VariantName = "[No Variations]"
Add component (AddParameter): Name = "ComponentLink2URL"; Value = "http://katalog.we-online.de/em/datasheet/6130xx143121.pdf"; VariantName = "[No Variations]"
Add component (AddParameter): Name = "Created by"; Value = "Karrer Zheng"; VariantName = "[No Variations]"
Add component (AddParameter): Name = "Created Date"; Value = "29 March 2013"; VariantName = "[No Variations]"
Add component (AddParameter): Name = "Manufacturer"; Value = "W¨¹rth Elektronik eiSos GmbH"; VariantName = "[No Variations]"
Add component (AddParameter): Name = "NoPins"; Value = "02"; VariantName = "[No Variations]"
Add component (AddParameter): Name = "partNo"; Value = "613002143121"; VariantName = "[No Variations]"
Added Component: Designator=C23(Header3)
Add component (AddParameter): Name = "ComponentLink1 Description"; Value = "Manufacturer"; VariantName = "[No Variations]"
Add component (AddParameter): Name = "ComponentLink1URL"; Value = "http://www.we-online.com"; VariantName = "[No Variations]"
Add component (AddParameter): Name = "ComponentLink2 Description"; Value = "Datasheet"; VariantName = "[No Variations]"
Add component (AddParameter): Name = "ComponentLink2URL"; Value = "http://katalog.we-online.de/em/datasheet/6130xx143121.pdf"; VariantName = "[No Variations]"
Add component (AddParameter): Name = "Created by"; Value = "Karrer Zheng"; VariantName = "[No Variations]"
Add component (AddParameter): Name = "Created Date"; Value = "29 March 2013"; VariantName = "[No Variations]"
Add component (AddParameter): Name = "Manufacturer"; Value = "W¨¹rth Elektronik eiSos GmbH"; VariantName = "[No Variations]"
Add component (AddParameter): Name = "NoPins"; Value = "02"; VariantName = "[No Variations]"
Add component (AddParameter): Name = "partNo"; Value = "613002143121"; VariantName = "[No Variations]"
Added Component: Designator=C25(Header4)
Add component (AddParameter): Name = "ComponentLink1 Description"; Value = "Manufacturer"; VariantName = "[No Variations]"
Add component (AddParameter): Name = "ComponentLink1URL"; Value = "http://www.we-online.com"; VariantName = "[No Variations]"
Add component (AddParameter): Name = "ComponentLink2 Description"; Value = "Datasheet"; VariantName = "[No Variations]"
Add component (AddParameter): Name = "ComponentLink2URL"; Value = "http://katalog.we-online.de/em/datasheet/6130xx143121.pdf"; VariantName = "[No Variations]"
Add component (AddParameter): Name = "Created by"; Value = "Karrer Zheng"; VariantName = "[No Variations]"
Add component (AddParameter): Name = "Created Date"; Value = "29 March 2013"; VariantName = "[No Variations]"
Add component (AddParameter): Name = "Manufacturer"; Value = "W¨¹rth Elektronik eiSos GmbH"; VariantName = "[No Variations]"
Add component (AddParameter): Name = "NoPins"; Value = "02"; VariantName = "[No Variations]"
Add component (AddParameter): Name = "partNo"; Value = "613002143121"; VariantName = "[No Variations]"
Added Component: Designator=D1(DIODE 0.5A)
Add component (AddParameter): Name = "Chung_Loai"; Value = "C?m"; VariantName = "[No Variations]"
Add component (AddParameter): Name = "Don_Vi"; Value = "Con"; VariantName = "[No Variations]"
Add component (AddParameter): Name = "Ghi Chu"; Value = ""; VariantName = "[No Variations]"
Add component (AddParameter): Name = "Kieu_Chan"; Value = ""; VariantName = "[No Variations]"
Add component (AddParameter): Name = "Ma_Hang"; Value = "MH001065"; VariantName = "[No Variations]"
Add component (AddParameter): Name = "Ten_Linh_Kien"; Value = "Diode 1N4148 DO35 450mA 100V ( 1N4148 DIP)"; VariantName = "[No Variations]"
Added Component: Designator=JACK DC1(JACK DC 5.5)
Add component (AddParameter): Name = "Value"; Value = "Jac DC"; VariantName = "[No Variations]"
Added Component: Designator=JP1(HED2)
Add component (AddParameter): Name = "Class"; Value = "Connector"; VariantName = "[No Variations]"
Add component (AddParameter): Name = "Manufacturer"; Value = "Generic Components"; VariantName = "[No Variations]"
Add component (AddParameter): Name = "Value"; Value = "Header 2"; VariantName = "[No Variations]"
Added Component: Designator=LED1(LED-3MM-BLUE)
Add component (AddParameter): Name = "Chung_Loai"; Value = "C?m"; VariantName = "[No Variations]"
Add component (AddParameter): Name = "Don_Vi"; Value = "Con"; VariantName = "[No Variations]"
Add component (AddParameter): Name = "Ghi_Chu"; Value = ""; VariantName = "[No Variations]"
Add component (AddParameter): Name = "Kieu_Chan"; Value = ""; VariantName = "[No Variations]"
Add component (AddParameter): Name = "Ma_Hang"; Value = "MH009003"; VariantName = "[No Variations]"
Add component (AddParameter): Name = "Ten_Linh_Kien"; Value = "LED 3MM Xanh Duong SS (1000c)"; VariantName = "[No Variations]"
Added Component: Designator=LED3(LED-3MM-BLUE)
Add component (AddParameter): Name = "Chung_Loai"; Value = "C?m"; VariantName = "[No Variations]"
Add component (AddParameter): Name = "Don_Vi"; Value = "Con"; VariantName = "[No Variations]"
Add component (AddParameter): Name = "Ghi_Chu"; Value = ""; VariantName = "[No Variations]"
Add component (AddParameter): Name = "Kieu_Chan"; Value = ""; VariantName = "[No Variations]"
Add component (AddParameter): Name = "Ma_Hang"; Value = "MH009003"; VariantName = "[No Variations]"
Add component (AddParameter): Name = "Ten_Linh_Kien"; Value = "LED 3MM Xanh Duong SS (1000c)"; VariantName = "[No Variations]"
Added Component: Designator=LED8(LED-3MM-BLUE)
Add component (AddParameter): Name = "Chung_Loai"; Value = "C?m"; VariantName = "[No Variations]"
Add component (AddParameter): Name = "Don_Vi"; Value = "Con"; VariantName = "[No Variations]"
Add component (AddParameter): Name = "Ghi_Chu"; Value = ""; VariantName = "[No Variations]"
Add component (AddParameter): Name = "Kieu_Chan"; Value = ""; VariantName = "[No Variations]"
Add component (AddParameter): Name = "Ma_Hang"; Value = "MH009003"; VariantName = "[No Variations]"
Add component (AddParameter): Name = "Ten_Linh_Kien"; Value = "LED 3MM Xanh Duong SS (1000c)"; VariantName = "[No Variations]"
Added Component: Designator=Q1(C1815_cam)
Add component (AddParameter): Name = "Value"; Value = "C1815"; VariantName = "[No Variations]"
Added Component: Designator=R1(R1/4W)
Add component (AddParameter): Name = "Value"; Value = "R1/4W - 1K"; VariantName = "[No Variations]"
Added Component: Designator=R3(R1/4W)
Add component (AddParameter): Name = "Value"; Value = "R1/4W - 1K"; VariantName = "[No Variations]"
Added Component: Designator=R4(R1/4W)
Add component (AddParameter): Name = "Value"; Value = "R1/4W - 1K"; VariantName = "[No Variations]"
Added Component: Designator=R5(R1/4W)
Add component (AddParameter): Name = "Value"; Value = "R1/4W - 1K"; VariantName = "[No Variations]"
Added Component: Designator=R7(R1/4W)
Add component (AddParameter): Name = "Value"; Value = "R1/4W - 1K"; VariantName = "[No Variations]"
Added Component: Designator=R19(R1/4W)
Add component (AddParameter): Name = "Value"; Value = "R1/4W - 1K"; VariantName = "[No Variations]"
Added Component: Designator=R21(R1/4W)
Add component (AddParameter): Name = "Value"; Value = "R1/4W - 1K"; VariantName = "[No Variations]"
Added Component: Designator=R23(R1/4W)
Add component (AddParameter): Name = "Value"; Value = "R1/4W - 1K"; VariantName = "[No Variations]"
Added Component: Designator=RL1(RELAY_SRA_05VDC_SL_C)
Add component (AddParameter): Name = "Ma_Hang"; Value = "MH009374"; VariantName = "[No Variations]"
Add component (AddParameter): Name = "Ten"; Value = "Relay 5V10A SRD-05VDC-SL-C Chính Hãng"; VariantName = "[No Variations]"
Added Component: Designator=RL2(RELAY_SRA_05VDC_SL_C)
Add component (AddParameter): Name = "Ma_Hang"; Value = "MH009374"; VariantName = "[No Variations]"
Add component (AddParameter): Name = "Ten"; Value = "Relay 5V10A SRD-05VDC-SL-C Chính Hãng"; VariantName = "[No Variations]"
Added Component: Designator=RL3(RELAY_SRA_05VDC_SL_C)
Add component (AddParameter): Name = "Ma_Hang"; Value = "MH009374"; VariantName = "[No Variations]"
Add component (AddParameter): Name = "Ten"; Value = "Relay 5V10A SRD-05VDC-SL-C Chính Hãng"; VariantName = "[No Variations]"
Added Component: Designator=RL4(RELAY_SRA_05VDC_SL_C)
Add component (AddParameter): Name = "Ma_Hang"; Value = "MH009374"; VariantName = "[No Variations]"
Add component (AddParameter): Name = "Ten"; Value = "Relay 5V10A SRD-05VDC-SL-C Chính Hãng"; VariantName = "[No Variations]"
Added Component: Designator=RL5(RELAY_SRA_05VDC_SL_C)
Add component (AddParameter): Name = "Ma_Hang"; Value = "MH009374"; VariantName = "[No Variations]"
Add component (AddParameter): Name = "Ten"; Value = "Relay 5V10A SRD-05VDC-SL-C Chính Hãng"; VariantName = "[No Variations]"
Added Component: Designator=RL6(RELAY_SRA_05VDC_SL_C)
Add component (AddParameter): Name = "Ma_Hang"; Value = "MH009374"; VariantName = "[No Variations]"
Add component (AddParameter): Name = "Ten"; Value = "Relay 5V10A SRD-05VDC-SL-C Chính Hãng"; VariantName = "[No Variations]"
Added Component: Designator=U1(DIP4/W0.3)
Add component (AddParameter): Name = "Value"; Value = "PC817"; VariantName = "[No Variations]"
Added Component: Designator=U5(ESP32-WIFIMODULE-FOOTPRINT)
Added Component: Designator=UN1(QTO-220H2)
Add component (AddParameter): Name = "ComponentLink1Description"; Value = "Manufacturer Link"; VariantName = "[No Variations]"
Add component (AddParameter): Name = "ComponentLink1URL"; Value = "http://www.st.com/"; VariantName = "[No Variations]"
Add component (AddParameter): Name = "ComponentLink2Description"; Value = "Datasheet"; VariantName = "[No Variations]"
Add component (AddParameter): Name = "ComponentLink2URL"; Value = "http://www.st.com/stonline/products/literature/ds/2146/l78m05c.pdf"; VariantName = "[No Variations]"
Add component (AddParameter): Name = "DatasheetVersion"; Value = "Apr-1994"; VariantName = "[No Variations]"
Add component (AddParameter): Name = "LatestRevisionDate"; Value = "17-Jul-2002"; VariantName = "[No Variations]"
Add component (AddParameter): Name = "LatestRevisionNote"; Value = "Re-released for DXP Platform."; VariantName = "[No Variations]"
Add component (AddParameter): Name = "Note"; Value = "Tab is connected to pin 3 (GND)."; VariantName = "[No Variations]"
Add component (AddParameter): Name = "PackageDescription"; Value = "TO, Thru-Hole, Vertical, Heatsink Mounted; 3 In-Line Leads; Pitch 2.54 mm; Pin sequence 1, 3, 2"; VariantName = "[No Variations]"
Add component (AddParameter): Name = "PackageReference"; Value = "ISOWATT220AB"; VariantName = "[No Variations]"
Add component (AddParameter): Name = "PackageVersion"; Value = "Jul-1998"; VariantName = "[No Variations]"
Add component (AddParameter): Name = "Published"; Value = "24-Aug-2001"; VariantName = "[No Variations]"
Add component (AddParameter): Name = "Publisher"; Value = "Altium Limited"; VariantName = "[No Variations]"
Added Pin To Net: NetName=GND_ISO Pin=BT1-1
Added Pin To Net: NetName=GND_ISO Pin=BT1-1
Added Pin To Net: NetName=GND_ISO Pin=BT5-1
Added Pin To Net: NetName=GND_ISO Pin=BT5-1
Added Pin To Net: NetName=GND_ISO Pin=C1-1
Added Pin To Net: NetName=GND Pin=C2-1
Added Pin To Net: NetName=VCC5 Pin=C4-1
Added Pin To Net: NetName=GND Pin=C4-2
Added Pin To Net: NetName=GND Pin=C5-2
Added Pin To Net: NetName=GND_ISO Pin=C6-2
Added Pin To Net: NetName=GND_ISO Pin=C14-1
Added Pin To Net: NetName=GND_ISO Pin=C16-1
Added Pin To Net: NetName=GND_ISO Pin=C17-1
Added Pin To Net: NetName=GND_ISO Pin=C18-2
Added Pin To Net: NetName=GND_ISO Pin=C20-1
Added Pin To Net: NetName=GND_ISO Pin=C22-1
Added Pin To Net: NetName=VCC5_ISO Pin=C22-3
Added Pin To Net: NetName=GND_ISO Pin=C23-1
Added Pin To Net: NetName=VCC5_ISO Pin=C23-3
Added Pin To Net: NetName=GND_ISO Pin=C25-1
Added Pin To Net: NetName=VCC5_ISO Pin=C25-4
Added Pin To Net: NetName=VCC5 Pin=D1-1
Added Pin To Net: NetName=NetD1_2 Pin=D1-2
Added Pin To Net: NetName=NetD2_2 Pin=D2-2
Added Pin To Net: NetName=NetD3_2 Pin=D3-2
Added Pin To Net: NetName=NetD4_2 Pin=D4-2
Added Pin To Net: NetName=NetD5_2 Pin=D5-2
Added Pin To Net: NetName=GND Pin=JACK DC1-2
Added Pin To Net: NetName=NetJP1_1 Pin=JP1-1
Added Pin To Net: NetName=NetJP1_2 Pin=JP1-2
Added Pin To Net: NetName=NetJP2_1 Pin=JP2-1
Added Pin To Net: NetName=NetJP2_2 Pin=JP2-2
Added Pin To Net: NetName=VCC5_ISO Pin=LED1-1
Added Pin To Net: NetName=NetLED1_2 Pin=LED1-2
Added Pin To Net: NetName=GND_ISO Pin=LED3-2
Added Pin To Net: NetName=VCC5_ISO Pin=LED8-1
Added Pin To Net: NetName=GND Pin=Q1-1
Added Pin To Net: NetName=NetD1_2 Pin=Q1-2
Added Pin To Net: NetName=NetD2_2 Pin=Q2-2
Added Pin To Net: NetName=NetD3_2 Pin=Q3-2
Added Pin To Net: NetName=NetD4_2 Pin=Q4-2
Added Pin To Net: NetName=NetD5_2 Pin=Q5-2
Added Pin To Net: NetName=VCC5_ISO Pin=R1-2
Added Pin To Net: NetName=NetLED1_2 Pin=R5-2
Added Pin To Net: NetName=VCC5_ISO Pin=R19-2
Added Pin To Net: NetName=NetJP1_2 Pin=RL1-1
Added Pin To Net: NetName=NetJP1_1 Pin=RL1-4
Added Pin To Net: NetName=NetJP2_2 Pin=RL2-1
Added Pin To Net: NetName=NetJP2_1 Pin=RL2-4
Added Pin To Net: NetName=VCC5 Pin=RL3-3
Added Pin To Net: NetName=NetD3_2 Pin=RL3-5
Added Pin To Net: NetName=NetJP4_2 Pin=RL4-1
Added Pin To Net: NetName=VCC5 Pin=RL4-3
Added Pin To Net: NetName=NetJP4_1 Pin=RL4-4
Added Pin To Net: NetName=NetD4_2 Pin=RL4-5
Added Pin To Net: NetName=NetJP5_2 Pin=RL5-1
Added Pin To Net: NetName=VCC5 Pin=RL5-3
Added Pin To Net: NetName=NetJP5_1 Pin=RL5-4
Added Pin To Net: NetName=NetD5_2 Pin=RL5-5
Added Pin To Net: NetName=NetJP6_2 Pin=RL6-1
Added Pin To Net: NetName=VCC5 Pin=RL6-3
Added Pin To Net: NetName=NetJP6_1 Pin=RL6-4
Added Pin To Net: NetName=VCC5 Pin=U1-4
Added Pin To Net: NetName=GND_ISO Pin=U5-14
Added Pin To Net: NetName=VCC5_ISO Pin=U5-15
Added Pin To Net: NetName=GND_ISO Pin=U5-17
Added Pin To Net: NetName=SDA Pin=U5-26
Added Pin To Net: NetName=SCL Pin=U5-29
Added Pin To Net: NetName=GND Pin=UN1-2
Added Pin To Net: NetName=VCC5 Pin=UN1-3
Change Net Name : Old Net Name=NetBT1_2 New Net Name=NetBT2_2
Change Net Name : Old Net Name=NetBT2_2 New Net Name=NetBT3_2
Change Net Name : Old Net Name=NetBT3_2 New Net Name=NetBT4_2
Change Net Name : Old Net Name=NetBT4_2 New Net Name=NetBT6_2
Change Net Name : Old Net Name=NetLED2_1 New Net Name=NetLED6_1
Change Net Name : Old Net Name=NetLED3_2 New Net Name=NetLED2_2
Change Net Name : Old Net Name=NetLED4_1 New Net Name=NetLED7_1
Change Net Name : Old Net Name=NetLED5_2 New Net Name=NetLED4_2
Change Net Name : Old Net Name=NetLED6_1 New Net Name=NetLED10_1
Change Net Name : Old Net Name=NetLED7_2 New Net Name=NetLED5_2
Change Net Name : Old Net Name=NetLED8_1 New Net Name=NetLED11_1
Change Net Name : Old Net Name=NetLED10_1 New Net Name=NetLED12_1
Change Net Name : Old Net Name=NetQ1_3 New Net Name=NetQ2_3
Change Net Name : Old Net Name=NetQ2_3 New Net Name=NetQ3_3
Change Net Name : Old Net Name=NetQ3_3 New Net Name=NetQ4_3
Change Net Name : Old Net Name=NetQ4_3 New Net Name=NetQ5_3
Change Net Name : Old Net Name=NetQ5_3 New Net Name=NetQ6_3
Change Net Name : Old Net Name=NetR2_2 New Net Name=NetR9_2
Change Net Name : Old Net Name=NetR4_1 New Net Name=NetR10_1
Change Net Name : Old Net Name=NetR8_2 New Net Name=NetR17_2
Change Net Name : Old Net Name=NetR9_1 New Net Name=NetR18_1
Change Net Name : Old Net Name=NetR12_2 New Net Name=NetR25_2
Change Net Name : Old Net Name=NetR13_1 New Net Name=NetR26_1
Change Net Name : Old Net Name=NetR17_2 New Net Name=NetR27_2
Change Net Name : Old Net Name=NetR19_1 New Net Name=NetR28_1
Change Net Name : Old Net Name=NetR23_2 New Net Name=NetR29_2
Change Net Name : Old Net Name=NetR25_1 New Net Name=NetR30_1
Added Pin To Net: NetName=1_WIRE_1 Pin=C23-2
Added Pin To Net: NetName=1_WIRE_1 Pin=U5-13
Added Net: Name=1_WIRE_1
Added Pin To Net: NetName=1_WIRE_2 Pin=C22-2
Added Pin To Net: NetName=1_WIRE_2 Pin=U5-12
Added Net: Name=1_WIRE_2
Added Pin To Net: NetName=ADC1_0 Pin=C16-2
Added Pin To Net: NetName=ADC1_0 Pin=U5-2
Added Net: Name=ADC1_0
Added Pin To Net: NetName=ADC1_3 Pin=C17-2
Added Pin To Net: NetName=ADC1_3 Pin=U5-3
Added Net: Name=ADC1_3
Added Pin To Net: NetName=ADC1_6 Pin=C20-2
Added Pin To Net: NetName=ADC1_6 Pin=U5-4
Added Net: Name=ADC1_6
Added Pin To Net: NetName=ADC1_7 Pin=C21-2
Added Pin To Net: NetName=ADC1_7 Pin=U5-5
Added Net: Name=ADC1_7
Added Pin To Net: NetName=IN_1 Pin=C6-1
Added Pin To Net: NetName=IN_1 Pin=R7-1
Added Pin To Net: NetName=IN_1 Pin=U5-18
Added Net: Name=IN_1
Added Pin To Net: NetName=IN_2 Pin=C7-1
Added Pin To Net: NetName=IN_2 Pin=R8-1
Added Pin To Net: NetName=IN_2 Pin=U5-20
Added Net: Name=IN_2
Added Pin To Net: NetName=IN_3 Pin=C12-1
Added Pin To Net: NetName=IN_3 Pin=R15-1
Added Pin To Net: NetName=IN_3 Pin=U5-23
Added Net: Name=IN_3
Added Pin To Net: NetName=IN_4 Pin=C13-1
Added Pin To Net: NetName=IN_4 Pin=R16-1
Added Pin To Net: NetName=IN_4 Pin=U5-24
Added Net: Name=IN_4
Added Pin To Net: NetName=IN_5 Pin=C19-1
Added Pin To Net: NetName=IN_5 Pin=R24-1
Added Pin To Net: NetName=IN_5 Pin=U5-25
Added Net: Name=IN_5
Added Pin To Net: NetName=IN_6 Pin=C18-1
Added Pin To Net: NetName=IN_6 Pin=R23-1
Added Pin To Net: NetName=IN_6 Pin=U5-30
Added Net: Name=IN_6
Added Pin To Net: NetName=NetBT1_2 Pin=BT1-2
Added Pin To Net: NetName=NetBT1_2 Pin=BT1-2
Added Pin To Net: NetName=NetBT1_2 Pin=C1-2
Added Pin To Net: NetName=NetBT1_2 Pin=R1-1
Added Pin To Net: NetName=NetBT1_2 Pin=R5-1
Added Pin To Net: NetName=NetBT1_2 Pin=R7-2
Added Net: Name=NetBT1_2
Added Pin To Net: NetName=NetBT5_2 Pin=BT5-2
Added Pin To Net: NetName=NetBT5_2 Pin=BT5-2
Added Pin To Net: NetName=NetBT5_2 Pin=C14-2
Added Pin To Net: NetName=NetBT5_2 Pin=R19-1
Added Pin To Net: NetName=NetBT5_2 Pin=R21-1
Added Pin To Net: NetName=NetBT5_2 Pin=R23-2
Added Net: Name=NetBT5_2
Added Pin To Net: NetName=NetC2_2 Pin=C2-2
Added Pin To Net: NetName=NetC2_2 Pin=C5-1
Added Pin To Net: NetName=NetC2_2 Pin=JACK DC1-1
Added Pin To Net: NetName=NetC2_2 Pin=UN1-1
Added Net: Name=NetC2_2
Added Pin To Net: NetName=NetD6_2 Pin=D6-2
Added Pin To Net: NetName=NetD6_2 Pin=Q6-2
Added Pin To Net: NetName=NetD6_2 Pin=RL6-5
Added Net: Name=NetD6_2
Added Pin To Net: NetName=NetJP3_1 Pin=JP3-1
Added Pin To Net: NetName=NetJP3_1 Pin=RL3-4
Added Net: Name=NetJP3_1
Added Pin To Net: NetName=NetJP3_2 Pin=JP3-2
Added Pin To Net: NetName=NetJP3_2 Pin=RL3-1
Added Net: Name=NetJP3_2
Added Pin To Net: NetName=NetLED3_1 Pin=LED3-1
Added Pin To Net: NetName=NetLED3_1 Pin=U1-2
Added Net: Name=NetLED3_1
Added Pin To Net: NetName=NetLED8_2 Pin=LED8-2
Added Pin To Net: NetName=NetLED8_2 Pin=R21-2
Added Net: Name=NetLED8_2
Added Pin To Net: NetName=NetQ1_3 Pin=Q1-3
Added Pin To Net: NetName=NetQ1_3 Pin=R4-2
Added Net: Name=NetQ1_3
Added Pin To Net: NetName=NetR3_2 Pin=R3-2
Added Pin To Net: NetName=NetR3_2 Pin=U1-1
Added Net: Name=NetR3_2
Added Pin To Net: NetName=NetR4_1 Pin=R4-1
Added Pin To Net: NetName=NetR4_1 Pin=U1-3
Added Net: Name=NetR4_1
Added Pin To Net: NetName=OUT_1 Pin=R3-1
Added Pin To Net: NetName=OUT_1 Pin=U5-11
Added Net: Name=OUT_1
Added Pin To Net: NetName=OUT_2 Pin=R9-1
Added Pin To Net: NetName=OUT_2 Pin=U5-10
Added Net: Name=OUT_2
Added Pin To Net: NetName=OUT_3 Pin=R17-1
Added Pin To Net: NetName=OUT_3 Pin=U5-9
Added Net: Name=OUT_3
Added Pin To Net: NetName=OUT_4 Pin=R25-1
Added Pin To Net: NetName=OUT_4 Pin=U5-8
Added Net: Name=OUT_4
Added Pin To Net: NetName=OUT_5 Pin=R27-1
Added Pin To Net: NetName=OUT_5 Pin=U5-7
Added Net: Name=OUT_5
Added Pin To Net: NetName=OUT_6 Pin=R29-1
Added Pin To Net: NetName=OUT_6 Pin=U5-6
Added Net: Name=OUT_6
Added Pin To Net: NetName=RX2 Pin=C25-2
Added Pin To Net: NetName=RX2 Pin=U5-21
Added Net: Name=RX2
Added Pin To Net: NetName=TX2 Pin=C25-3
Added Pin To Net: NetName=TX2 Pin=U5-22
Added Net: Name=TX2
Added Pin To Net: NetName=VCC33_ISO Pin=C16-3
Added Pin To Net: NetName=VCC33_ISO Pin=C17-3
Added Pin To Net: NetName=VCC33_ISO Pin=C20-3
Added Pin To Net: NetName=VCC33_ISO Pin=C21-3
Added Pin To Net: NetName=VCC33_ISO Pin=U5-16
Added Net: Name=VCC33_ISO
Added Member To Class: ClassName=Sheet1 Member=Component BT5 SET_CLOSE
Added Member To Class: ClassName=Sheet1 Member=Component BT6 SET_CLOSE
Added Member To Class: ClassName=Sheet1 Member=Component C15 Header2
Added Member To Class: ClassName=Sheet1 Member=Component C16 ADC1
Added Member To Class: ClassName=Sheet1 Member=Component C17 ADC2
Added Member To Class: ClassName=Sheet1 Member=Component C18 104
Added Member To Class: ClassName=Sheet1 Member=Component C19 104
Added Member To Class: ClassName=Sheet1 Member=Component C20 ADC3
Added Member To Class: ClassName=Sheet1 Member=Component C21 ADC4
Added Member To Class: ClassName=Sheet1 Member=Component C22 1_WIRE_1
Added Member To Class: ClassName=Sheet1 Member=Component C23 1_WIRE_2
Added Member To Class: ClassName=Sheet1 Member=Component C24 LCD_I2C
Added Member To Class: ClassName=Sheet1 Member=Component C25 UART2
Added Member To Class: ClassName=Sheet1 Member=Component D6 100v
Added Member To Class: ClassName=Sheet1 Member=Component JACK DC1 JACK DC 5.5
Added Member To Class: ClassName=Sheet1 Member=Component LED11 LED 3mm
Added Member To Class: ClassName=Sheet1 Member=Component LED12 LED 3mm
Added Member To Class: ClassName=Sheet1 Member=Component Q6 C1815
Added Member To Class: ClassName=Sheet1 Member=Component R26 510R
Added Member To Class: ClassName=Sheet1 Member=Component R27 100R
Added Member To Class: ClassName=Sheet1 Member=Component R28 510R
Added Member To Class: ClassName=Sheet1 Member=Component R29 510R
Added Member To Class: ClassName=Sheet1 Member=Component R30 510R
Added Member To Class: ClassName=Sheet1 Member=Component RL6 Relay
Added Member To Class: ClassName=Sheet1 Member=Component UN1 L78M05CP
