Removed Pin From Net: NetName=COM_O_1 Pin=C17-1
Removed Pin From Net: NetName=OUT_RL3 Pin=C17-2
Removed Pin From Net: NetName=OUT_RL2 Pin=C17-3
Removed Pin From Net: NetName=OUT_RL1 Pin=C17-4
Added Component: Designator=C17(HDR4)
Add component (AddParameter): Name = "ComponentLink1 Description"; Value = "Manufacturer"; VariantName = "[No Variations]"
Add component (AddParameter): Name = "ComponentLink1URL"; Value = "http://www.we-online.com"; VariantName = "[No Variations]"
Add component (AddParameter): Name = "ComponentLink2 Description"; Value = "Datasheet"; VariantName = "[No Variations]"
Add component (AddParameter): Name = "ComponentLink2URL"; Value = "http://katalog.we-online.de/em/datasheet/6130xx143121.pdf"; VariantName = "[No Variations]"
Add component (AddParameter): Name = "Created by"; Value = "Karrer Zheng"; VariantName = "[No Variations]"
Add component (AddParameter): Name = "Created Date"; Value = "29 March 2013"; VariantName = "[No Variations]"
Add component (AddParameter): Name = "Manufacturer"; Value = "W¨¹rth Elektronik eiSos GmbH"; VariantName = "[No Variations]"
Add component (AddParameter): Name = "NoPins"; Value = "02"; VariantName = "[No Variations]"
Add component (AddParameter): Name = "partNo"; Value = "613002143121"; VariantName = "[No Variations]"
Added Pin To Net: NetName=COM_O_1 Pin=C17-1
Added Pin To Net: NetName=OUT_RL3 Pin=C17-2
Added Pin To Net: NetName=OUT_RL2 Pin=C17-3
Added Pin To Net: NetName=OUT_RL1 Pin=C17-4
Added Member To Class: ClassName=Sheet1 Member=Component C1 Header2
Added Member To Class: ClassName=Sheet1 Member=Component C2 104
Added Member To Class: ClassName=Sheet1 Member=Component C3 104
Added Member To Class: ClassName=Sheet1 Member=Component C8 SS_HUMI
Added Member To Class: ClassName=Sheet1 Member=Component C12 104
Added Member To Class: ClassName=Sheet1 Member=Component C13 104
Added Member To Class: ClassName=Sheet1 Member=Component C17 Header4
Added Member To Class: ClassName=Sheet1 Member=Component C18 LCD_I2C
