Removed Pin From Net: NetName=GND_ISO Pin=BT1-1
Removed Pin From Net: NetName=GND_ISO Pin=BT1-1
Removed Pin From Net: NetName=NetBT1_2 Pin=BT1-2
Removed Pin From Net: NetName=NetBT1_2 Pin=BT1-2
Removed Pin From Net: NetName=GND_ISO Pin=BT2-1
Removed Pin From Net: NetName=GND_ISO Pin=BT2-1
Removed Pin From Net: NetName=GND_ISO Pin=BT3-1
Removed Pin From Net: NetName=GND_ISO Pin=BT3-1
Removed Pin From Net: NetName=GND_ISO Pin=BT4-1
Removed Pin From Net: NetName=GND_ISO Pin=BT4-1
Removed Pin From Net: NetName=GND_ISO Pin=BT5-1
Removed Pin From Net: NetName=GND_ISO Pin=BT5-1
Removed Pin From Net: NetName=GND_ISO Pin=BT6-1
Removed Pin From Net: NetName=GND_ISO Pin=BT6-1
Removed Pin From Net: NetName=GND_ISO Pin=C1-1
Removed Pin From Net: NetName=NetBT1_2 Pin=C1-2
Removed Pin From Net: NetName=GND_ISO Pin=C3-1
Removed Pin From Net: NetName=IN_2 Pin=C7-1
Removed Pin From Net: NetName=GND_ISO Pin=C7-2
Removed Pin From Net: NetName=GND_ISO Pin=C8-1
Removed Pin From Net: NetName=GND_ISO Pin=C9-1
Removed Pin From Net: NetName=IN_3 Pin=C12-1
Removed Pin From Net: NetName=GND_ISO Pin=C12-2
Removed Pin From Net: NetName=IN_4 Pin=C13-1
Removed Pin From Net: NetName=GND_ISO Pin=C13-2
Removed Pin From Net: NetName=GND_ISO Pin=C14-1
Removed Pin From Net: NetName=GND_ISO Pin=C15-1
Removed Pin From Net: NetName=IN_6 Pin=C18-1
Removed Pin From Net: NetName=GND_ISO Pin=C18-2
Removed Pin From Net: NetName=IN_5 Pin=C19-1
Removed Pin From Net: NetName=GND_ISO Pin=C19-2
Removed Pin From Net: NetName=VCC5 Pin=D1-1
Removed Pin From Net: NetName=VCC5 Pin=D2-1
Removed Pin From Net: NetName=VCC5 Pin=D3-1
Removed Pin From Net: NetName=VCC5 Pin=D4-1
Removed Pin From Net: NetName=VCC5 Pin=D5-1
Removed Pin From Net: NetName=VCC5 Pin=D6-1
Removed Pin From Net: NetName=NetC2_2 Pin=JACK DC1-1
Removed Pin From Net: NetName=GND Pin=JACK DC1-2
Removed Pin From Net: NetName=VCC5_ISO Pin=LED2-1
Removed Pin From Net: NetName=NetLED2_2 Pin=LED2-2
Removed Pin From Net: NetName=GND_ISO Pin=LED3-2
Removed Pin From Net: NetName=VCC5_ISO Pin=LED4-1
Removed Pin From Net: NetName=NetLED4_2 Pin=LED4-2
Removed Pin From Net: NetName=VCC5_ISO Pin=LED5-1
Removed Pin From Net: NetName=NetLED5_2 Pin=LED5-2
Removed Pin From Net: NetName=GND_ISO Pin=LED6-2
Removed Pin From Net: NetName=GND_ISO Pin=LED7-2
Removed Pin From Net: NetName=VCC5_ISO Pin=LED8-1
Removed Pin From Net: NetName=NetLED8_2 Pin=LED8-2
Removed Pin From Net: NetName=VCC5_ISO Pin=LED9-1
Removed Pin From Net: NetName=NetLED9_2 Pin=LED9-2
Removed Pin From Net: NetName=GND_ISO Pin=LED10-2
Removed Pin From Net: NetName=GND_ISO Pin=LED11-2
Removed Pin From Net: NetName=GND_ISO Pin=LED12-2
Removed Pin From Net: NetName=GND Pin=Q1-1
Removed Pin From Net: NetName=NetQ1_3 Pin=Q1-3
Removed Pin From Net: NetName=GND Pin=Q2-1
Removed Pin From Net: NetName=NetQ2_3 Pin=Q2-3
Removed Pin From Net: NetName=GND Pin=Q3-1
Removed Pin From Net: NetName=NetQ3_3 Pin=Q3-3
Removed Pin From Net: NetName=GND Pin=Q4-1
Removed Pin From Net: NetName=NetQ4_3 Pin=Q4-3
Removed Pin From Net: NetName=GND Pin=Q5-1
Removed Pin From Net: NetName=NetQ5_3 Pin=Q5-3
Removed Pin From Net: NetName=GND Pin=Q6-1
Removed Pin From Net: NetName=NetQ6_3 Pin=Q6-3
Removed Pin From Net: NetName=VCC5_ISO Pin=R2-2
Removed Pin From Net: NetName=OUT_1 Pin=R3-1
Removed Pin From Net: NetName=NetQ1_3 Pin=R4-2
Removed Pin From Net: NetName=NetLED2_2 Pin=R6-2
Removed Pin From Net: NetName=IN_2 Pin=R8-1
Removed Pin From Net: NetName=OUT_2 Pin=R9-1
Removed Pin From Net: NetName=NetR9_2 Pin=R9-2
Removed Pin From Net: NetName=NetQ2_3 Pin=R10-2
Removed Pin From Net: NetName=VCC5_ISO Pin=R11-2
Removed Pin From Net: NetName=VCC5_ISO Pin=R12-2
Removed Pin From Net: NetName=NetLED4_2 Pin=R13-2
Removed Pin From Net: NetName=NetLED5_2 Pin=R14-2
Removed Pin From Net: NetName=IN_3 Pin=R15-1
Removed Pin From Net: NetName=IN_4 Pin=R16-1
Removed Pin From Net: NetName=OUT_3 Pin=R17-1
Removed Pin From Net: NetName=NetQ3_3 Pin=R18-2
Removed Pin From Net: NetName=VCC5_ISO Pin=R19-2
Removed Pin From Net: NetName=VCC5_ISO Pin=R20-2
Removed Pin From Net: NetName=NetLED8_2 Pin=R21-2
Removed Pin From Net: NetName=NetLED9_2 Pin=R22-2
Removed Pin From Net: NetName=IN_6 Pin=R23-1
Removed Pin From Net: NetName=IN_5 Pin=R24-1
Removed Pin From Net: NetName=OUT_4 Pin=R25-1
Removed Pin From Net: NetName=NetQ4_3 Pin=R26-2
Removed Pin From Net: NetName=OUT_5 Pin=R27-1
Removed Pin From Net: NetName=NetQ5_3 Pin=R28-2
Removed Pin From Net: NetName=OUT_6 Pin=R29-1
Removed Pin From Net: NetName=NetQ6_3 Pin=R30-2
Removed Pin From Net: NetName=VCC5 Pin=RL3-3
Removed Pin From Net: NetName=VCC5 Pin=RL4-3
Removed Pin From Net: NetName=VCC5 Pin=RL5-3
Removed Pin From Net: NetName=VCC5 Pin=RL6-3
Removed Pin From Net: NetName=VCC5 Pin=U1-4
Removed Pin From Net: NetName=NetR9_2 Pin=U2-1
Removed Pin From Net: NetName=VCC5 Pin=U2-4
Removed Pin From Net: NetName=VCC5 Pin=U3-4
Removed Pin From Net: NetName=VCC5 Pin=U4-4
Removed Pin From Net: NetName=VCC5 Pin=U6-4
Removed Pin From Net: NetName=VCC5 Pin=U7-4
Removed Member From Class: ClassName=Sheet1 Member=BT1
Removed Member From Class: ClassName=Sheet1 Member=BT2
Removed Member From Class: ClassName=Sheet1 Member=BT3
Removed Member From Class: ClassName=Sheet1 Member=BT4
Removed Member From Class: ClassName=Sheet1 Member=BT5
Removed Member From Class: ClassName=Sheet1 Member=BT6
Removed Member From Class: ClassName=Sheet1 Member=C20
Removed Member From Class: ClassName=Sheet1 Member=C21
Removed Member From Class: ClassName=Sheet1 Member=C22
Removed Member From Class: ClassName=Sheet1 Member=C23
Removed Member From Class: ClassName=Sheet1 Member=C24
Removed Member From Class: ClassName=Sheet1 Member=C25
Removed Member From Class: ClassName=Sheet1 Member=JACK DC1
Removed Member From Class: ClassName=Sheet1 Member=JP1
Removed Member From Class: ClassName=Sheet1 Member=JP2
Removed Member From Class: ClassName=Sheet1 Member=JP3
Removed Member From Class: ClassName=Sheet1 Member=JP4
Removed Member From Class: ClassName=Sheet1 Member=JP5
Removed Member From Class: ClassName=Sheet1 Member=JP6
Change Component Comment : Designator=R7 Old Comment=4.7K New Comment=1K
Change Component Comment : Designator=R1 Old Comment=47K New Comment=10K
Change Component Comment : Designator=R5 Old Comment=100R New Comment=220R
Change Component Designator: OldDesignator=C2 NewDesignator=C1
Change Component Designator: OldDesignator=C4 NewDesignator=C2
Change Component Designator: OldDesignator=C5 NewDesignator=C3
Change Component Designator: OldDesignator=C6 NewDesignator=C4
Change Component Designator: OldDesignator=C10 NewDesignator=C6
Change Component Designator: OldDesignator=C11 NewDesignator=C7
Change Component Designator: OldDesignator=C16 NewDesignator=C10
Change Component Designator: OldDesignator=C17 NewDesignator=C11
Change Component Designator: OldDesignator=C20 NewDesignator=C14
Change Component Designator: OldDesignator=C21 NewDesignator=C15
Change Component Designator: OldDesignator=C22 NewDesignator=C16
Change Component Designator: OldDesignator=C23 NewDesignator=C17
Change Component Designator: OldDesignator=C24 NewDesignator=C18
Change Component Designator: OldDesignator=C25 NewDesignator=C19
Change Component Designator: OldDesignator=R5 NewDesignator=R3
Change Component Designator: OldDesignator=U5 NewDesignator=U7
Added Component: Designator=C5(tu gom)
Add component (AddParameter): Name = "Chung_Loai"; Value = "C?m"; VariantName = "[No Variations]"
Add component (AddParameter): Name = "Don_Vi"; Value = "Con"; VariantName = "[No Variations]"
Add component (AddParameter): Name = "Kieu_Chan"; Value = ""; VariantName = "[No Variations]"
Add component (AddParameter): Name = "Ma_Hang"; Value = "MH004761"; VariantName = "[No Variations]"
Add component (AddParameter): Name = "So_Chan"; Value = "2"; VariantName = "[No Variations]"
Add component (AddParameter): Name = "Ten_Linh_Kien"; Value = "T? g?m 104 100nF 50V"; VariantName = "[No Variations]"
Added Component: Designator=C8(tu gom)
Add component (AddParameter): Name = "Chung_Loai"; Value = "C?m"; VariantName = "[No Variations]"
Add component (AddParameter): Name = "Don_Vi"; Value = "Con"; VariantName = "[No Variations]"
Add component (AddParameter): Name = "Kieu_Chan"; Value = ""; VariantName = "[No Variations]"
Add component (AddParameter): Name = "Ma_Hang"; Value = "MH004761"; VariantName = "[No Variations]"
Add component (AddParameter): Name = "So_Chan"; Value = "2"; VariantName = "[No Variations]"
Add component (AddParameter): Name = "Ten_Linh_Kien"; Value = "T? g?m 104 100nF 50V"; VariantName = "[No Variations]"
Added Component: Designator=C9(tu gom)
Add component (AddParameter): Name = "Chung_Loai"; Value = "C?m"; VariantName = "[No Variations]"
Add component (AddParameter): Name = "Don_Vi"; Value = "Con"; VariantName = "[No Variations]"
Add component (AddParameter): Name = "Kieu_Chan"; Value = ""; VariantName = "[No Variations]"
Add component (AddParameter): Name = "Ma_Hang"; Value = "MH004761"; VariantName = "[No Variations]"
Add component (AddParameter): Name = "So_Chan"; Value = "2"; VariantName = "[No Variations]"
Add component (AddParameter): Name = "Ten_Linh_Kien"; Value = "T? g?m 104 100nF 50V"; VariantName = "[No Variations]"
Added Component: Designator=C12(tu gom)
Add component (AddParameter): Name = "Chung_Loai"; Value = "C?m"; VariantName = "[No Variations]"
Add component (AddParameter): Name = "Don_Vi"; Value = "Con"; VariantName = "[No Variations]"
Add component (AddParameter): Name = "Kieu_Chan"; Value = ""; VariantName = "[No Variations]"
Add component (AddParameter): Name = "Ma_Hang"; Value = "MH004761"; VariantName = "[No Variations]"
Add component (AddParameter): Name = "So_Chan"; Value = "2"; VariantName = "[No Variations]"
Add component (AddParameter): Name = "Ten_Linh_Kien"; Value = "T? g?m 104 100nF 50V"; VariantName = "[No Variations]"
Added Component: Designator=C13(tu gom)
Add component (AddParameter): Name = "Chung_Loai"; Value = "C?m"; VariantName = "[No Variations]"
Add component (AddParameter): Name = "Don_Vi"; Value = "Con"; VariantName = "[No Variations]"
Add component (AddParameter): Name = "Kieu_Chan"; Value = ""; VariantName = "[No Variations]"
Add component (AddParameter): Name = "Ma_Hang"; Value = "MH004761"; VariantName = "[No Variations]"
Add component (AddParameter): Name = "So_Chan"; Value = "2"; VariantName = "[No Variations]"
Add component (AddParameter): Name = "Ten_Linh_Kien"; Value = "T? g?m 104 100nF 50V"; VariantName = "[No Variations]"
Added Component: Designator=D1(DIODE 0.5A)
Add component (AddParameter): Name = "Chung_Loai"; Value = "C?m"; VariantName = "[No Variations]"
Add component (AddParameter): Name = "Don_Vi"; Value = "Con"; VariantName = "[No Variations]"
Add component (AddParameter): Name = "Ghi Chu"; Value = ""; VariantName = "[No Variations]"
Add component (AddParameter): Name = "Kieu_Chan"; Value = ""; VariantName = "[No Variations]"
Add component (AddParameter): Name = "Ma_Hang"; Value = "MH001065"; VariantName = "[No Variations]"
Add component (AddParameter): Name = "Ten_Linh_Kien"; Value = "Diode 1N4148 DO35 450mA 100V ( 1N4148 DIP)"; VariantName = "[No Variations]"
Added Component: Designator=D2(DIODE 0.5A)
Add component (AddParameter): Name = "Chung_Loai"; Value = "C?m"; VariantName = "[No Variations]"
Add component (AddParameter): Name = "Don_Vi"; Value = "Con"; VariantName = "[No Variations]"
Add component (AddParameter): Name = "Ghi Chu"; Value = ""; VariantName = "[No Variations]"
Add component (AddParameter): Name = "Kieu_Chan"; Value = ""; VariantName = "[No Variations]"
Add component (AddParameter): Name = "Ma_Hang"; Value = "MH001065"; VariantName = "[No Variations]"
Add component (AddParameter): Name = "Ten_Linh_Kien"; Value = "Diode 1N4148 DO35 450mA 100V ( 1N4148 DIP)"; VariantName = "[No Variations]"
Added Component: Designator=D3(DIODE 0.5A)
Add component (AddParameter): Name = "Chung_Loai"; Value = "C?m"; VariantName = "[No Variations]"
Add component (AddParameter): Name = "Don_Vi"; Value = "Con"; VariantName = "[No Variations]"
Add component (AddParameter): Name = "Ghi Chu"; Value = ""; VariantName = "[No Variations]"
Add component (AddParameter): Name = "Kieu_Chan"; Value = ""; VariantName = "[No Variations]"
Add component (AddParameter): Name = "Ma_Hang"; Value = "MH001065"; VariantName = "[No Variations]"
Add component (AddParameter): Name = "Ten_Linh_Kien"; Value = "Diode 1N4148 DO35 450mA 100V ( 1N4148 DIP)"; VariantName = "[No Variations]"
Added Component: Designator=D4(DIODE 0.5A)
Add component (AddParameter): Name = "Chung_Loai"; Value = "C?m"; VariantName = "[No Variations]"
Add component (AddParameter): Name = "Don_Vi"; Value = "Con"; VariantName = "[No Variations]"
Add component (AddParameter): Name = "Ghi Chu"; Value = ""; VariantName = "[No Variations]"
Add component (AddParameter): Name = "Kieu_Chan"; Value = ""; VariantName = "[No Variations]"
Add component (AddParameter): Name = "Ma_Hang"; Value = "MH001065"; VariantName = "[No Variations]"
Add component (AddParameter): Name = "Ten_Linh_Kien"; Value = "Diode 1N4148 DO35 450mA 100V ( 1N4148 DIP)"; VariantName = "[No Variations]"
Added Component: Designator=D5(DIODE 0.5A)
Add component (AddParameter): Name = "Chung_Loai"; Value = "C?m"; VariantName = "[No Variations]"
Add component (AddParameter): Name = "Don_Vi"; Value = "Con"; VariantName = "[No Variations]"
Add component (AddParameter): Name = "Ghi Chu"; Value = ""; VariantName = "[No Variations]"
Add component (AddParameter): Name = "Kieu_Chan"; Value = ""; VariantName = "[No Variations]"
Add component (AddParameter): Name = "Ma_Hang"; Value = "MH001065"; VariantName = "[No Variations]"
Add component (AddParameter): Name = "Ten_Linh_Kien"; Value = "Diode 1N4148 DO35 450mA 100V ( 1N4148 DIP)"; VariantName = "[No Variations]"
Added Component: Designator=D6(DIODE 0.5A)
Add component (AddParameter): Name = "Chung_Loai"; Value = "C?m"; VariantName = "[No Variations]"
Add component (AddParameter): Name = "Don_Vi"; Value = "Con"; VariantName = "[No Variations]"
Add component (AddParameter): Name = "Ghi Chu"; Value = ""; VariantName = "[No Variations]"
Add component (AddParameter): Name = "Kieu_Chan"; Value = ""; VariantName = "[No Variations]"
Add component (AddParameter): Name = "Ma_Hang"; Value = "MH001065"; VariantName = "[No Variations]"
Add component (AddParameter): Name = "Ten_Linh_Kien"; Value = "Diode 1N4148 DO35 450mA 100V ( 1N4148 DIP)"; VariantName = "[No Variations]"
Added Component: Designator=LED2(LED-3MM-BLUE)
Add component (AddParameter): Name = "Chung_Loai"; Value = "C?m"; VariantName = "[No Variations]"
Add component (AddParameter): Name = "Don_Vi"; Value = "Con"; VariantName = "[No Variations]"
Add component (AddParameter): Name = "Ghi_Chu"; Value = ""; VariantName = "[No Variations]"
Add component (AddParameter): Name = "Kieu_Chan"; Value = ""; VariantName = "[No Variations]"
Add component (AddParameter): Name = "Ma_Hang"; Value = "MH009003"; VariantName = "[No Variations]"
Add component (AddParameter): Name = "Ten_Linh_Kien"; Value = "LED 3MM Xanh Duong SS (1000c)"; VariantName = "[No Variations]"
Added Component: Designator=LED3(LED-3MM-BLUE)
Add component (AddParameter): Name = "Chung_Loai"; Value = "C?m"; VariantName = "[No Variations]"
Add component (AddParameter): Name = "Don_Vi"; Value = "Con"; VariantName = "[No Variations]"
Add component (AddParameter): Name = "Ghi_Chu"; Value = ""; VariantName = "[No Variations]"
Add component (AddParameter): Name = "Kieu_Chan"; Value = ""; VariantName = "[No Variations]"
Add component (AddParameter): Name = "Ma_Hang"; Value = "MH009003"; VariantName = "[No Variations]"
Add component (AddParameter): Name = "Ten_Linh_Kien"; Value = "LED 3MM Xanh Duong SS (1000c)"; VariantName = "[No Variations]"
Added Component: Designator=LED4(LED-3MM-BLUE)
Add component (AddParameter): Name = "Chung_Loai"; Value = "C?m"; VariantName = "[No Variations]"
Add component (AddParameter): Name = "Don_Vi"; Value = "Con"; VariantName = "[No Variations]"
Add component (AddParameter): Name = "Ghi_Chu"; Value = ""; VariantName = "[No Variations]"
Add component (AddParameter): Name = "Kieu_Chan"; Value = ""; VariantName = "[No Variations]"
Add component (AddParameter): Name = "Ma_Hang"; Value = "MH009003"; VariantName = "[No Variations]"
Add component (AddParameter): Name = "Ten_Linh_Kien"; Value = "LED 3MM Xanh Duong SS (1000c)"; VariantName = "[No Variations]"
Added Component: Designator=LED5(LED-3MM-BLUE)
Add component (AddParameter): Name = "Chung_Loai"; Value = "C?m"; VariantName = "[No Variations]"
Add component (AddParameter): Name = "Don_Vi"; Value = "Con"; VariantName = "[No Variations]"
Add component (AddParameter): Name = "Ghi_Chu"; Value = ""; VariantName = "[No Variations]"
Add component (AddParameter): Name = "Kieu_Chan"; Value = ""; VariantName = "[No Variations]"
Add component (AddParameter): Name = "Ma_Hang"; Value = "MH009003"; VariantName = "[No Variations]"
Add component (AddParameter): Name = "Ten_Linh_Kien"; Value = "LED 3MM Xanh Duong SS (1000c)"; VariantName = "[No Variations]"
Added Component: Designator=LED6(LED-3MM-BLUE)
Add component (AddParameter): Name = "Chung_Loai"; Value = "C?m"; VariantName = "[No Variations]"
Add component (AddParameter): Name = "Don_Vi"; Value = "Con"; VariantName = "[No Variations]"
Add component (AddParameter): Name = "Ghi_Chu"; Value = ""; VariantName = "[No Variations]"
Add component (AddParameter): Name = "Kieu_Chan"; Value = ""; VariantName = "[No Variations]"
Add component (AddParameter): Name = "Ma_Hang"; Value = "MH009003"; VariantName = "[No Variations]"
Add component (AddParameter): Name = "Ten_Linh_Kien"; Value = "LED 3MM Xanh Duong SS (1000c)"; VariantName = "[No Variations]"
Added Component: Designator=LED7(LED-3MM-BLUE)
Add component (AddParameter): Name = "Chung_Loai"; Value = "C?m"; VariantName = "[No Variations]"
Add component (AddParameter): Name = "Don_Vi"; Value = "Con"; VariantName = "[No Variations]"
Add component (AddParameter): Name = "Ghi_Chu"; Value = ""; VariantName = "[No Variations]"
Add component (AddParameter): Name = "Kieu_Chan"; Value = ""; VariantName = "[No Variations]"
Add component (AddParameter): Name = "Ma_Hang"; Value = "MH009003"; VariantName = "[No Variations]"
Add component (AddParameter): Name = "Ten_Linh_Kien"; Value = "LED 3MM Xanh Duong SS (1000c)"; VariantName = "[No Variations]"
Added Component: Designator=LED8(LED-3MM-BLUE)
Add component (AddParameter): Name = "Chung_Loai"; Value = "C?m"; VariantName = "[No Variations]"
Add component (AddParameter): Name = "Don_Vi"; Value = "Con"; VariantName = "[No Variations]"
Add component (AddParameter): Name = "Ghi_Chu"; Value = ""; VariantName = "[No Variations]"
Add component (AddParameter): Name = "Kieu_Chan"; Value = ""; VariantName = "[No Variations]"
Add component (AddParameter): Name = "Ma_Hang"; Value = "MH009003"; VariantName = "[No Variations]"
Add component (AddParameter): Name = "Ten_Linh_Kien"; Value = "LED 3MM Xanh Duong SS (1000c)"; VariantName = "[No Variations]"
Added Component: Designator=LED9(LED-3MM-BLUE)
Add component (AddParameter): Name = "Chung_Loai"; Value = "C?m"; VariantName = "[No Variations]"
Add component (AddParameter): Name = "Don_Vi"; Value = "Con"; VariantName = "[No Variations]"
Add component (AddParameter): Name = "Ghi_Chu"; Value = ""; VariantName = "[No Variations]"
Add component (AddParameter): Name = "Kieu_Chan"; Value = ""; VariantName = "[No Variations]"
Add component (AddParameter): Name = "Ma_Hang"; Value = "MH009003"; VariantName = "[No Variations]"
Add component (AddParameter): Name = "Ten_Linh_Kien"; Value = "LED 3MM Xanh Duong SS (1000c)"; VariantName = "[No Variations]"
Added Component: Designator=LED10(LED-3MM-BLUE)
Add component (AddParameter): Name = "Chung_Loai"; Value = "C?m"; VariantName = "[No Variations]"
Add component (AddParameter): Name = "Don_Vi"; Value = "Con"; VariantName = "[No Variations]"
Add component (AddParameter): Name = "Ghi_Chu"; Value = ""; VariantName = "[No Variations]"
Add component (AddParameter): Name = "Kieu_Chan"; Value = ""; VariantName = "[No Variations]"
Add component (AddParameter): Name = "Ma_Hang"; Value = "MH009003"; VariantName = "[No Variations]"
Add component (AddParameter): Name = "Ten_Linh_Kien"; Value = "LED 3MM Xanh Duong SS (1000c)"; VariantName = "[No Variations]"
Added Component: Designator=LED11(LED-3MM-BLUE)
Add component (AddParameter): Name = "Chung_Loai"; Value = "C?m"; VariantName = "[No Variations]"
Add component (AddParameter): Name = "Don_Vi"; Value = "Con"; VariantName = "[No Variations]"
Add component (AddParameter): Name = "Ghi_Chu"; Value = ""; VariantName = "[No Variations]"
Add component (AddParameter): Name = "Kieu_Chan"; Value = ""; VariantName = "[No Variations]"
Add component (AddParameter): Name = "Ma_Hang"; Value = "MH009003"; VariantName = "[No Variations]"
Add component (AddParameter): Name = "Ten_Linh_Kien"; Value = "LED 3MM Xanh Duong SS (1000c)"; VariantName = "[No Variations]"
Added Component: Designator=LED12(LED-3MM-BLUE)
Add component (AddParameter): Name = "Chung_Loai"; Value = "C?m"; VariantName = "[No Variations]"
Add component (AddParameter): Name = "Don_Vi"; Value = "Con"; VariantName = "[No Variations]"
Add component (AddParameter): Name = "Ghi_Chu"; Value = ""; VariantName = "[No Variations]"
Add component (AddParameter): Name = "Kieu_Chan"; Value = ""; VariantName = "[No Variations]"
Add component (AddParameter): Name = "Ma_Hang"; Value = "MH009003"; VariantName = "[No Variations]"
Add component (AddParameter): Name = "Ten_Linh_Kien"; Value = "LED 3MM Xanh Duong SS (1000c)"; VariantName = "[No Variations]"
Added Component: Designator=P1(BIG_Header 2)
Add component (AddParameter): Name = "CompanyID"; Value = ""; VariantName = "[No Variations]"
Add component (AddParameter): Name = "MFR"; Value = ""; VariantName = "[No Variations]"
Add component (AddParameter): Name = "MFR_URL"; Value = ""; VariantName = "[No Variations]"
Add component (AddParameter): Name = "MPN"; Value = ""; VariantName = "[No Variations]"
Add component (AddParameter): Name = "Solder"; Value = ""; VariantName = "[No Variations]"
Add component (AddParameter): Name = "Value"; Value = ""; VariantName = "[No Variations]"
Added Component: Designator=P2(BIG_Header 8)
Add component (AddParameter): Name = "CompanyID"; Value = ""; VariantName = "[No Variations]"
Add component (AddParameter): Name = "MFR"; Value = ""; VariantName = "[No Variations]"
Add component (AddParameter): Name = "MFR_URL"; Value = ""; VariantName = "[No Variations]"
Add component (AddParameter): Name = "MPN"; Value = ""; VariantName = "[No Variations]"
Add component (AddParameter): Name = "Solder"; Value = ""; VariantName = "[No Variations]"
Add component (AddParameter): Name = "Value"; Value = ""; VariantName = "[No Variations]"
Added Component: Designator=P3(BIG_Header 8)
Add component (AddParameter): Name = "CompanyID"; Value = ""; VariantName = "[No Variations]"
Add component (AddParameter): Name = "MFR"; Value = ""; VariantName = "[No Variations]"
Add component (AddParameter): Name = "MFR_URL"; Value = ""; VariantName = "[No Variations]"
Add component (AddParameter): Name = "MPN"; Value = ""; VariantName = "[No Variations]"
Add component (AddParameter): Name = "Solder"; Value = ""; VariantName = "[No Variations]"
Add component (AddParameter): Name = "Value"; Value = ""; VariantName = "[No Variations]"
Added Component: Designator=Q1(C1815_cam)
Add component (AddParameter): Name = "Value"; Value = "C1815"; VariantName = "[No Variations]"
Added Component: Designator=Q2(C1815_cam)
Add component (AddParameter): Name = "Value"; Value = "C1815"; VariantName = "[No Variations]"
Added Component: Designator=Q3(C1815_cam)
Add component (AddParameter): Name = "Value"; Value = "C1815"; VariantName = "[No Variations]"
Added Component: Designator=Q4(C1815_cam)
Add component (AddParameter): Name = "Value"; Value = "C1815"; VariantName = "[No Variations]"
Added Component: Designator=Q5(C1815_cam)
Add component (AddParameter): Name = "Value"; Value = "C1815"; VariantName = "[No Variations]"
Added Component: Designator=Q6(C1815_cam)
Add component (AddParameter): Name = "Value"; Value = "C1815"; VariantName = "[No Variations]"
Added Component: Designator=R2(R1/4W)
Add component (AddParameter): Name = "Value"; Value = "R1/4W - 1K"; VariantName = "[No Variations]"
Added Component: Designator=R4(R1/4W)
Add component (AddParameter): Name = "Value"; Value = "R1/4W - 1K"; VariantName = "[No Variations]"
Added Component: Designator=R5(R1/4W)
Add component (AddParameter): Name = "Value"; Value = "R1/4W - 1K"; VariantName = "[No Variations]"
Added Component: Designator=R6(R1/4W)
Add component (AddParameter): Name = "Value"; Value = "R1/4W - 1K"; VariantName = "[No Variations]"
Added Component: Designator=R8(R1/4W)
Add component (AddParameter): Name = "Value"; Value = "R1/4W - 1K"; VariantName = "[No Variations]"
Added Component: Designator=R9(R1/4W)
Add component (AddParameter): Name = "Value"; Value = "R1/4W - 1K"; VariantName = "[No Variations]"
Added Component: Designator=R10(R1/4W)
Add component (AddParameter): Name = "Value"; Value = "R1/4W - 1K"; VariantName = "[No Variations]"
Added Component: Designator=R11(R1/4W)
Add component (AddParameter): Name = "Value"; Value = "R1/4W - 1K"; VariantName = "[No Variations]"
Added Component: Designator=R12(R1/4W)
Add component (AddParameter): Name = "Value"; Value = "R1/4W - 1K"; VariantName = "[No Variations]"
Added Component: Designator=R13(R1/4W)
Add component (AddParameter): Name = "Value"; Value = "R1/4W - 1K"; VariantName = "[No Variations]"
Added Component: Designator=R14(R1/4W)
Add component (AddParameter): Name = "Value"; Value = "R1/4W - 1K"; VariantName = "[No Variations]"
Added Component: Designator=R15(R1/4W)
Add component (AddParameter): Name = "Value"; Value = "R1/4W - 1K"; VariantName = "[No Variations]"
Added Component: Designator=R16(R1/4W)
Add component (AddParameter): Name = "Value"; Value = "R1/4W - 1K"; VariantName = "[No Variations]"
Added Component: Designator=R17(R1/4W)
Add component (AddParameter): Name = "Value"; Value = "R1/4W - 1K"; VariantName = "[No Variations]"
Added Component: Designator=R18(R1/4W)
Add component (AddParameter): Name = "Value"; Value = "R1/4W - 1K"; VariantName = "[No Variations]"
Added Component: Designator=R19(R1/4W)
Add component (AddParameter): Name = "Value"; Value = "R1/4W - 1K"; VariantName = "[No Variations]"
Added Component: Designator=R20(R1/4W)
Add component (AddParameter): Name = "Value"; Value = "R1/4W - 1K"; VariantName = "[No Variations]"
Added Component: Designator=R21(R1/4W)
Add component (AddParameter): Name = "Value"; Value = "R1/4W - 1K"; VariantName = "[No Variations]"
Added Component: Designator=R22(R1/4W)
Add component (AddParameter): Name = "Value"; Value = "R1/4W - 1K"; VariantName = "[No Variations]"
Added Component: Designator=R23(R1/4W)
Add component (AddParameter): Name = "Value"; Value = "R1/4W - 1K"; VariantName = "[No Variations]"
Added Component: Designator=R24(R1/4W)
Add component (AddParameter): Name = "Value"; Value = "R1/4W - 1K"; VariantName = "[No Variations]"
Added Component: Designator=R25(R1/4W)
Add component (AddParameter): Name = "Value"; Value = "R1/4W - 1K"; VariantName = "[No Variations]"
Added Component: Designator=R26(R1/4W)
Add component (AddParameter): Name = "Value"; Value = "R1/4W - 1K"; VariantName = "[No Variations]"
Added Component: Designator=R27(R1/4W)
Add component (AddParameter): Name = "Value"; Value = "R1/4W - 1K"; VariantName = "[No Variations]"
Added Component: Designator=R28(R1/4W)
Add component (AddParameter): Name = "Value"; Value = "R1/4W - 1K"; VariantName = "[No Variations]"
Added Component: Designator=R29(R1/4W)
Add component (AddParameter): Name = "Value"; Value = "R1/4W - 1K"; VariantName = "[No Variations]"
Added Component: Designator=R30(R1/4W)
Add component (AddParameter): Name = "Value"; Value = "R1/4W - 1K"; VariantName = "[No Variations]"
Added Component: Designator=R31(R1/4W)
Add component (AddParameter): Name = "Value"; Value = "R1/4W - 1K"; VariantName = "[No Variations]"
Added Component: Designator=R32(R1/4W)
Add component (AddParameter): Name = "Value"; Value = "R1/4W - 1K"; VariantName = "[No Variations]"
Added Component: Designator=R33(R1/4W)
Add component (AddParameter): Name = "Value"; Value = "R1/4W - 1K"; VariantName = "[No Variations]"
Added Component: Designator=R34(R1/4W)
Add component (AddParameter): Name = "Value"; Value = "R1/4W - 1K"; VariantName = "[No Variations]"
Added Component: Designator=R35(R1/4W)
Add component (AddParameter): Name = "Value"; Value = "R1/4W - 1K"; VariantName = "[No Variations]"
Added Component: Designator=R36(R1/4W)
Add component (AddParameter): Name = "Value"; Value = "R1/4W - 1K"; VariantName = "[No Variations]"
Added Component: Designator=RL1(RELAY_SRA_05VDC_SL_C)
Add component (AddParameter): Name = "Ma_Hang"; Value = "MH009374"; VariantName = "[No Variations]"
Add component (AddParameter): Name = "Ten"; Value = "Relay 5V10A SRD-05VDC-SL-C Chính Hãng"; VariantName = "[No Variations]"
Added Component: Designator=RL2(RELAY_SRA_05VDC_SL_C)
Add component (AddParameter): Name = "Ma_Hang"; Value = "MH009374"; VariantName = "[No Variations]"
Add component (AddParameter): Name = "Ten"; Value = "Relay 5V10A SRD-05VDC-SL-C Chính Hãng"; VariantName = "[No Variations]"
Added Component: Designator=RL3(RELAY_SRA_05VDC_SL_C)
Add component (AddParameter): Name = "Ma_Hang"; Value = "MH009374"; VariantName = "[No Variations]"
Add component (AddParameter): Name = "Ten"; Value = "Relay 5V10A SRD-05VDC-SL-C Chính Hãng"; VariantName = "[No Variations]"
Added Component: Designator=RL4(RELAY_SRA_05VDC_SL_C)
Add component (AddParameter): Name = "Ma_Hang"; Value = "MH009374"; VariantName = "[No Variations]"
Add component (AddParameter): Name = "Ten"; Value = "Relay 5V10A SRD-05VDC-SL-C Chính Hãng"; VariantName = "[No Variations]"
Added Component: Designator=RL5(RELAY_SRA_05VDC_SL_C)
Add component (AddParameter): Name = "Ma_Hang"; Value = "MH009374"; VariantName = "[No Variations]"
Add component (AddParameter): Name = "Ten"; Value = "Relay 5V10A SRD-05VDC-SL-C Chính Hãng"; VariantName = "[No Variations]"
Added Component: Designator=RL6(RELAY_SRA_05VDC_SL_C)
Add component (AddParameter): Name = "Ma_Hang"; Value = "MH009374"; VariantName = "[No Variations]"
Add component (AddParameter): Name = "Ten"; Value = "Relay 5V10A SRD-05VDC-SL-C Chính Hãng"; VariantName = "[No Variations]"
Added Component: Designator=U1(DIP4/W0.3)
Add component (AddParameter): Name = "Value"; Value = "PC817"; VariantName = "[No Variations]"
Added Component: Designator=U2(DIP4/W0.3)
Add component (AddParameter): Name = "Value"; Value = "PC817"; VariantName = "[No Variations]"
Added Component: Designator=U3(DIP4/W0.3)
Add component (AddParameter): Name = "Value"; Value = "PC817"; VariantName = "[No Variations]"
Added Component: Designator=U4(DIP4/W0.3)
Add component (AddParameter): Name = "Value"; Value = "PC817"; VariantName = "[No Variations]"
Added Component: Designator=U5(DIP4/W0.3)
Add component (AddParameter): Name = "Value"; Value = "PC817"; VariantName = "[No Variations]"
Added Component: Designator=U6(DIP4/W0.3)
Add component (AddParameter): Name = "Value"; Value = "PC817"; VariantName = "[No Variations]"
Added Pin To Net: NetName=IN_4 Pin=C5-1
Added Pin To Net: NetName=GND_ISO Pin=C5-2
Added Pin To Net: NetName=IN_2 Pin=C8-1
Added Pin To Net: NetName=GND_ISO Pin=C8-2
Added Pin To Net: NetName=IN_5 Pin=C9-1
Added Pin To Net: NetName=GND_ISO Pin=C9-2
Added Pin To Net: NetName=IN_3 Pin=C12-1
Added Pin To Net: NetName=GND_ISO Pin=C12-2
Added Pin To Net: NetName=IN_6 Pin=C13-1
Added Pin To Net: NetName=GND_ISO Pin=C13-2
Added Pin To Net: NetName=VCC5 Pin=D1-2
Added Pin To Net: NetName=VCC5 Pin=D2-2
Added Pin To Net: NetName=VCC5 Pin=D3-2
Added Pin To Net: NetName=VCC5 Pin=D4-2
Added Pin To Net: NetName=VCC5 Pin=D5-2
Added Pin To Net: NetName=VCC5 Pin=D6-2
Added Pin To Net: NetName=VCC5_ISO Pin=LED2-1
Added Pin To Net: NetName=NetLED2_2 Pin=LED2-2
Added Pin To Net: NetName=VCC5 Pin=LED3-1
Added Pin To Net: NetName=VCC5 Pin=LED4-1
Added Pin To Net: NetName=NetLED4_2 Pin=LED4-2
Added Pin To Net: NetName=VCC5_ISO Pin=LED5-1
Added Pin To Net: NetName=NetLED5_2 Pin=LED5-2
Added Pin To Net: NetName=VCC5_ISO Pin=LED6-1
Added Pin To Net: NetName=VCC5 Pin=LED7-1
Added Pin To Net: NetName=VCC5 Pin=LED8-1
Added Pin To Net: NetName=NetLED8_2 Pin=LED8-2
Added Pin To Net: NetName=VCC5_ISO Pin=LED9-1
Added Pin To Net: NetName=NetLED9_2 Pin=LED9-2
Added Pin To Net: NetName=VCC5_ISO Pin=LED10-1
Added Pin To Net: NetName=VCC5 Pin=LED11-1
Added Pin To Net: NetName=VCC5 Pin=LED12-1
Added Pin To Net: NetName=NetC2_2 Pin=P1-1
Added Pin To Net: NetName=GND Pin=P1-2
Added Pin To Net: NetName=GND_ISO Pin=P3-1
Added Pin To Net: NetName=NetBT1_2 Pin=P3-2
Added Pin To Net: NetName=GND_ISO Pin=P3-5
Added Pin To Net: NetName=GND Pin=Q1-1
Added Pin To Net: NetName=NetQ1_3 Pin=Q1-3
Added Pin To Net: NetName=GND Pin=Q2-1
Added Pin To Net: NetName=NetQ2_3 Pin=Q2-3
Added Pin To Net: NetName=GND Pin=Q3-1
Added Pin To Net: NetName=NetQ3_3 Pin=Q3-3
Added Pin To Net: NetName=GND Pin=Q4-1
Added Pin To Net: NetName=NetQ4_3 Pin=Q4-3
Added Pin To Net: NetName=GND Pin=Q5-1
Added Pin To Net: NetName=NetQ5_3 Pin=Q5-3
Added Pin To Net: NetName=GND Pin=Q6-1
Added Pin To Net: NetName=NetQ6_3 Pin=Q6-3
Added Pin To Net: NetName=VCC5_ISO Pin=R2-2
Added Pin To Net: NetName=NetLED2_2 Pin=R4-2
Added Pin To Net: NetName=NetLED4_2 Pin=R6-1
Added Pin To Net: NetName=IN_4 Pin=R8-1
Added Pin To Net: NetName=OUT_1 Pin=R9-1
Added Pin To Net: NetName=NetR9_2 Pin=R9-2
Added Pin To Net: NetName=OUT_4 Pin=R10-1
Added Pin To Net: NetName=NetQ1_3 Pin=R11-2
Added Pin To Net: NetName=NetQ2_3 Pin=R12-2
Added Pin To Net: NetName=VCC5_ISO Pin=R13-2
Added Pin To Net: NetName=VCC5_ISO Pin=R14-2
Added Pin To Net: NetName=NetLED5_2 Pin=R15-2
Added Pin To Net: NetName=NetLED8_2 Pin=R18-1
Added Pin To Net: NetName=IN_2 Pin=R19-1
Added Pin To Net: NetName=IN_5 Pin=R20-1
Added Pin To Net: NetName=OUT_2 Pin=R21-1
Added Pin To Net: NetName=OUT_5 Pin=R22-1
Added Pin To Net: NetName=NetQ3_3 Pin=R23-2
Added Pin To Net: NetName=NetQ4_3 Pin=R24-2
Added Pin To Net: NetName=VCC5_ISO Pin=R25-2
Added Pin To Net: NetName=VCC5_ISO Pin=R26-2
Added Pin To Net: NetName=NetLED9_2 Pin=R27-2
Added Pin To Net: NetName=IN_3 Pin=R30-1
Added Pin To Net: NetName=IN_6 Pin=R31-1
Added Pin To Net: NetName=OUT_3 Pin=R33-1
Added Pin To Net: NetName=OUT_6 Pin=R34-1
Added Pin To Net: NetName=NetQ5_3 Pin=R35-2
Added Pin To Net: NetName=NetQ6_3 Pin=R36-2
Added Pin To Net: NetName=VCC5 Pin=RL1-3
Added Pin To Net: NetName=VCC5 Pin=RL2-3
Added Pin To Net: NetName=VCC5 Pin=RL3-3
Added Pin To Net: NetName=VCC5 Pin=RL4-3
Added Pin To Net: NetName=VCC5 Pin=RL5-3
Added Pin To Net: NetName=VCC5 Pin=RL6-3
Added Pin To Net: NetName=NetR9_2 Pin=U1-1
Added Pin To Net: NetName=GND_ISO Pin=U1-2
Added Pin To Net: NetName=VCC5 Pin=U1-4
Added Pin To Net: NetName=GND_ISO Pin=U2-2
Added Pin To Net: NetName=VCC5 Pin=U2-4
Added Pin To Net: NetName=GND_ISO Pin=U3-2
Added Pin To Net: NetName=VCC5 Pin=U3-4
Added Pin To Net: NetName=GND_ISO Pin=U4-2
Added Pin To Net: NetName=VCC5 Pin=U4-4
Added Pin To Net: NetName=GND_ISO Pin=U5-2
Added Pin To Net: NetName=VCC5 Pin=U5-4
Added Pin To Net: NetName=GND_ISO Pin=U6-2
Added Pin To Net: NetName=VCC5 Pin=U6-4
Change Net Name : Old Net Name=NetBT1_2 New Net Name=OUT_BTN_1
Change Net Name : Old Net Name=NetC2_2 New Net Name=NetC1_2
Added Pin To Net: NetName=COM_O_1 Pin=P2-1
Added Pin To Net: NetName=COM_O_1 Pin=RL1-4
Added Pin To Net: NetName=COM_O_1 Pin=RL3-4
Added Pin To Net: NetName=COM_O_1 Pin=RL5-4
Added Net: Name=COM_O_1
Added Pin To Net: NetName=COM_O_2 Pin=P2-5
Added Pin To Net: NetName=COM_O_2 Pin=RL2-4
Added Pin To Net: NetName=COM_O_2 Pin=RL4-4
Added Pin To Net: NetName=COM_O_2 Pin=RL6-4
Added Net: Name=COM_O_2
Added Pin To Net: NetName=NetD1_1 Pin=D1-1
Added Pin To Net: NetName=NetD1_1 Pin=Q1-2
Added Pin To Net: NetName=NetD1_1 Pin=R5-2
Added Pin To Net: NetName=NetD1_1 Pin=RL1-5
Added Net: Name=NetD1_1
Added Pin To Net: NetName=NetD2_1 Pin=D2-1
Added Pin To Net: NetName=NetD2_1 Pin=Q2-2
Added Pin To Net: NetName=NetD2_1 Pin=R6-2
Added Pin To Net: NetName=NetD2_1 Pin=RL2-5
Added Net: Name=NetD2_1
Added Pin To Net: NetName=NetD3_1 Pin=D3-1
Added Pin To Net: NetName=NetD3_1 Pin=Q3-2
Added Pin To Net: NetName=NetD3_1 Pin=R17-2
Added Pin To Net: NetName=NetD3_1 Pin=RL3-5
Added Net: Name=NetD3_1
Added Pin To Net: NetName=NetD4_1 Pin=D4-1
Added Pin To Net: NetName=NetD4_1 Pin=Q4-2
Added Pin To Net: NetName=NetD4_1 Pin=R18-2
Added Pin To Net: NetName=NetD4_1 Pin=RL4-5
Added Net: Name=NetD4_1
Added Pin To Net: NetName=NetD5_1 Pin=D5-1
Added Pin To Net: NetName=NetD5_1 Pin=Q5-2
Added Pin To Net: NetName=NetD5_1 Pin=R29-2
Added Pin To Net: NetName=NetD5_1 Pin=RL5-5
Added Net: Name=NetD5_1
Added Pin To Net: NetName=NetD6_1 Pin=D6-1
Added Pin To Net: NetName=NetD6_1 Pin=Q6-2
Added Pin To Net: NetName=NetD6_1 Pin=R32-2
Added Pin To Net: NetName=NetD6_1 Pin=RL6-5
Added Net: Name=NetD6_1
Added Pin To Net: NetName=NetLED3_2 Pin=LED3-2
Added Pin To Net: NetName=NetLED3_2 Pin=R5-1
Added Net: Name=NetLED3_2
Added Pin To Net: NetName=NetLED6_2 Pin=LED6-2
Added Pin To Net: NetName=NetLED6_2 Pin=R16-2
Added Net: Name=NetLED6_2
Added Pin To Net: NetName=NetLED7_2 Pin=LED7-2
Added Pin To Net: NetName=NetLED7_2 Pin=R17-1
Added Net: Name=NetLED7_2
Added Pin To Net: NetName=NetLED10_2 Pin=LED10-2
Added Pin To Net: NetName=NetLED10_2 Pin=R28-2
Added Net: Name=NetLED10_2
Added Pin To Net: NetName=NetLED11_2 Pin=LED11-2
Added Pin To Net: NetName=NetLED11_2 Pin=R29-1
Added Net: Name=NetLED11_2
Added Pin To Net: NetName=NetLED12_2 Pin=LED12-2
Added Pin To Net: NetName=NetLED12_2 Pin=R32-1
Added Net: Name=NetLED12_2
Added Pin To Net: NetName=NetR10_2 Pin=R10-2
Added Pin To Net: NetName=NetR10_2 Pin=U2-1
Added Net: Name=NetR10_2
Added Pin To Net: NetName=NetR11_1 Pin=R11-1
Added Pin To Net: NetName=NetR11_1 Pin=U1-3
Added Net: Name=NetR11_1
Added Pin To Net: NetName=NetR12_1 Pin=R12-1
Added Pin To Net: NetName=NetR12_1 Pin=U2-3
Added Net: Name=NetR12_1
Added Pin To Net: NetName=NetR21_2 Pin=R21-2
Added Pin To Net: NetName=NetR21_2 Pin=U3-1
Added Net: Name=NetR21_2
Added Pin To Net: NetName=NetR22_2 Pin=R22-2
Added Pin To Net: NetName=NetR22_2 Pin=U4-1
Added Net: Name=NetR22_2
Added Pin To Net: NetName=NetR23_1 Pin=R23-1
Added Pin To Net: NetName=NetR23_1 Pin=U3-3
Added Net: Name=NetR23_1
Added Pin To Net: NetName=NetR24_1 Pin=R24-1
Added Pin To Net: NetName=NetR24_1 Pin=U4-3
Added Net: Name=NetR24_1
Added Pin To Net: NetName=NetR33_2 Pin=R33-2
Added Pin To Net: NetName=NetR33_2 Pin=U5-1
Added Net: Name=NetR33_2
Added Pin To Net: NetName=NetR34_2 Pin=R34-2
Added Pin To Net: NetName=NetR34_2 Pin=U6-1
Added Net: Name=NetR34_2
Added Pin To Net: NetName=NetR35_1 Pin=R35-1
Added Pin To Net: NetName=NetR35_1 Pin=U5-3
Added Net: Name=NetR35_1
Added Pin To Net: NetName=NetR36_1 Pin=R36-1
Added Pin To Net: NetName=NetR36_1 Pin=U6-3
Added Net: Name=NetR36_1
Added Pin To Net: NetName=OUT_BTN_2 Pin=P3-3
Added Pin To Net: NetName=OUT_BTN_2 Pin=R13-1
Added Pin To Net: NetName=OUT_BTN_2 Pin=R15-1
Added Pin To Net: NetName=OUT_BTN_2 Pin=R19-2
Added Net: Name=OUT_BTN_2
Added Pin To Net: NetName=OUT_BTN_3 Pin=P3-4
Added Pin To Net: NetName=OUT_BTN_3 Pin=R25-1
Added Pin To Net: NetName=OUT_BTN_3 Pin=R27-1
Added Pin To Net: NetName=OUT_BTN_3 Pin=R30-2
Added Net: Name=OUT_BTN_3
Added Pin To Net: NetName=OUT_BTN_4 Pin=P3-6
Added Pin To Net: NetName=OUT_BTN_4 Pin=R2-1
Added Pin To Net: NetName=OUT_BTN_4 Pin=R4-1
Added Pin To Net: NetName=OUT_BTN_4 Pin=R8-2
Added Net: Name=OUT_BTN_4
Added Pin To Net: NetName=OUT_BTN_5 Pin=P3-7
Added Pin To Net: NetName=OUT_BTN_5 Pin=R14-1
Added Pin To Net: NetName=OUT_BTN_5 Pin=R16-1
Added Pin To Net: NetName=OUT_BTN_5 Pin=R20-2
Added Net: Name=OUT_BTN_5
Added Pin To Net: NetName=OUT_BTN_6 Pin=P3-8
Added Pin To Net: NetName=OUT_BTN_6 Pin=R26-1
Added Pin To Net: NetName=OUT_BTN_6 Pin=R28-1
Added Pin To Net: NetName=OUT_BTN_6 Pin=R31-2
Added Net: Name=OUT_BTN_6
Added Pin To Net: NetName=OUT_RL1 Pin=P2-2
Added Pin To Net: NetName=OUT_RL1 Pin=RL1-1
Added Net: Name=OUT_RL1
Added Pin To Net: NetName=OUT_RL2 Pin=P2-3
Added Pin To Net: NetName=OUT_RL2 Pin=RL3-1
Added Net: Name=OUT_RL2
Added Pin To Net: NetName=OUT_RL3 Pin=P2-4
Added Pin To Net: NetName=OUT_RL3 Pin=RL5-1
Added Net: Name=OUT_RL3
Added Pin To Net: NetName=OUT_RL4 Pin=P2-6
Added Pin To Net: NetName=OUT_RL4 Pin=RL2-1
Added Net: Name=OUT_RL4
Added Pin To Net: NetName=OUT_RL5 Pin=P2-7
Added Pin To Net: NetName=OUT_RL5 Pin=RL4-1
Added Net: Name=OUT_RL5
Added Pin To Net: NetName=OUT_RL6 Pin=P2-8
Added Pin To Net: NetName=OUT_RL6 Pin=RL6-1
Added Net: Name=OUT_RL6
Added Member To Class: ClassName=Sheet1 Member=Component P1 BIG_Header 2
Added Member To Class: ClassName=Sheet1 Member=Component P2 BIG Heager 8
Added Member To Class: ClassName=Sheet1 Member=Component P3 BIG Heager 8
Added Member To Class: ClassName=Sheet1 Member=Component R31 1K
Added Member To Class: ClassName=Sheet1 Member=Component R32 510R
Added Member To Class: ClassName=Sheet1 Member=Component R33 100R
Added Member To Class: ClassName=Sheet1 Member=Component R34 100R
Added Member To Class: ClassName=Sheet1 Member=Component R35 510R
Added Member To Class: ClassName=Sheet1 Member=Component R36 510R
