Change Component Designator: Old Designator=C9 New Designator=C15
Change Component Designator: Old Designator=C15 New Designator=C16
Change Component Designator: Old Designator=C16 New Designator=C17
Change Component Designator: Old Designator=C17 New Designator=C18
Change Component Designator: Old Designator=D3 New Designator=D2
Change Component Designator: Old Designator=D5 New Designator=D3
Change Component Designator: Old Designator=LED5 New Designator=LED4
Change Component Designator: Old Designator=LED6 New Designator=LED5
Change Component Designator: Old Designator=LED7 New Designator=LED6
Change Component Designator: Old Designator=LED9 New Designator=LED7
Change Component Designator: Old Designator=LED10 New Designator=LED8
Change Component Designator: Old Designator=LED11 New Designator=LED9
Change Component Designator: Old Designator=Q3 New Designator=Q2
Change Component Designator: Old Designator=Q5 New Designator=Q3
Change Component Designator: Old Designator=R7 New Designator=R6
Change Component Designator: Old Designator=R8 New Designator=R7
Change Component Designator: Old Designator=R9 New Designator=R8
Change Component Designator: Old Designator=R11 New Designator=R9
Change Component Designator: Old Designator=R13 New Designator=R10
Change Component Designator: Old Designator=R14 New Designator=R11
Change Component Designator: Old Designator=R15 New Designator=R12
Change Component Designator: Old Designator=R16 New Designator=R13
Change Component Designator: Old Designator=R17 New Designator=R14
Change Component Designator: Old Designator=R19 New Designator=R15
Change Component Designator: Old Designator=R20 New Designator=R16
Change Component Designator: Old Designator=R21 New Designator=R17
Change Component Designator: Old Designator=R23 New Designator=R18
Change Component Designator: Old Designator=R25 New Designator=R19
Change Component Designator: Old Designator=R26 New Designator=R20
Change Component Designator: Old Designator=R27 New Designator=R21
Change Component Designator: Old Designator=R28 New Designator=R22
Change Component Designator: Old Designator=R29 New Designator=R23
Change Component Designator: Old Designator=R30 New Designator=R24
Change Component Designator: Old Designator=R31 New Designator=R25
Change Component Designator: Old Designator=R33 New Designator=R26
Change Component Designator: Old Designator=R35 New Designator=R27
Change Component Designator: Old Designator=RL3 New Designator=RL2
Change Component Designator: Old Designator=RL5 New Designator=RL3
Change Component Designator: Old Designator=U3 New Designator=U2
Change Component Designator: Old Designator=U5 New Designator=U3
Change Component Designator: Old Designator=U7 New Designator=U4
