#
# A fatal error has been detected by the Java Runtime Environment:
#
#  EXCEPTION_ACCESS_VIOLATION (0xc0000005) at pc=0x56f2757e, pid=6044, tid=0x00000a64
#
# JRE version: Java(TM) SE Runtime Environment (8.0_191-b12) (build 1.8.0_191-b12)
# Java VM: Java HotSpot(TM) Client VM (25.191-b12 mixed mode windows-x86 )
# Problematic frame:
# V  [jvm.dll+0xe757e]
#
# Failed to write core dump. Minidumps are not enabled by default on client versions of Windows
#
# If you would like to submit a bug report, please visit:
#   http://bugreport.java.com/bugreport/crash.jsp
#

---------------  T H R E A D  ---------------

Current thread (0x284a7c00):  JavaThread "EventThread COM6" [_thread_in_vm, id=2660, stack(0x01440000,0x01490000)]

siginfo: ExceptionCode=0xc0000005, reading address 0x00000000

Registers:
EAX=0x00000000, EBX=0x0159bed8, ECX=0x284a7c00, EDX=0x0000009f
ESP=0x0148a72c, EBP=0x0148a748, ESI=0x00000000, EDI=0x284a7c00
EIP=0x56f2757e, EFLAGS=0x00010246

Top of Stack: (sp=0x0148a72c)
0x0148a72c:   0148a764 284a7d40 0159bed8 284a7c00
0x0148a73c:   2824844c 0000009f 57125568 0148f5f8
0x0148a74c:   6400183d 284a7d40 00000000 00000000
0x0148a75c:   00004e4b 0148a764 30203a29 4d0a0d33
0x0148a76c:   74756e69 31203a65 530a0d37 6e6f6365
0x0148a77c:   32203a64 540a0d37 20656d69 69726176
0x0148a78c:   656c6261 300a0d73 530a0d33 61646e75
0x0148a79c:   0d0a0d79 6e75530a 2c796164 72704120 

Instructions: (pc=0x56f2757e)
0x56f2755e:   c4 08 83 7f 04 00 89 7d f0 c7 45 f4 00 00 00 00
0x56f2756e:   74 08 8d 4d f0 e8 e8 34 0c 00 8b 75 10 8b 45 0c
0x56f2757e:   8b 10 85 f6 78 32 8b 45 14 85 c0 78 2b 8d 0c 06
0x56f2758e:   3b 4a 08 77 23 85 c0 7e 3b 8b 4a 04 8b 49 04 83 


Register to memory mapping:

EAX=0x00000000 is an unknown value
EBX=0x0159bed8 is an unknown value
ECX=0x284a7c00 is a thread
EDX=0x0000009f is an unknown value
ESP=0x0148a72c is pointing into the stack for thread: 0x284a7c00
EBP=0x0148a748 is pointing into the stack for thread: 0x284a7c00
ESI=0x00000000 is an unknown value
EDI=0x284a7c00 is a thread


Stack: [0x01440000,0x01490000],  sp=0x0148a72c,  free space=297k
Native frames: (J=compiled Java code, j=interpreted, Vv=VM code, C=native code)
V  [jvm.dll+0xe757e]
C  [jSSC-2.8_x86.dll+0x183d]
J 4701  jssc.SerialNativeInterface.readBytes(JI)[B (0 bytes) @ 0x036a0da5 [0x036a0d10+0x95]
J 7881 C1 processing.app.Serial.serialEvent(Ljssc/SerialPortEvent;)V (195 bytes) @ 0x036a3eb4 [0x036a3d80+0x134]
J 5084% C1 jssc.SerialPort$EventThread.run()V (84 bytes) @ 0x032e8dfc [0x032e8c80+0x17c]
v  ~StubRoutines::call_stub
V  [jvm.dll+0x15c315]
V  [jvm.dll+0x223ece]
V  [jvm.dll+0x15c3ae]
V  [jvm.dll+0x15c536]
V  [jvm.dll+0x15c5a7]
V  [jvm.dll+0x1002ef]
V  [jvm.dll+0x17f550]
V  [jvm.dll+0x17fdca]
V  [jvm.dll+0x1c57a6]
C  [msvcr100.dll+0x5c556]
C  [msvcr100.dll+0x5c600]
C  [KERNEL32.DLL+0x1fa29]
C  [ntdll.dll+0x67a9e]
C  [ntdll.dll+0x67a6e]
C  0x00000000

Java frames: (J=compiled Java code, j=interpreted, Vv=VM code)
J 4701  jssc.SerialNativeInterface.readBytes(JI)[B (0 bytes) @ 0x036a0d61 [0x036a0d10+0x51]
J 7881 C1 processing.app.Serial.serialEvent(Ljssc/SerialPortEvent;)V (195 bytes) @ 0x036a3eb4 [0x036a3d80+0x134]
J 5084% C1 jssc.SerialPort$EventThread.run()V (84 bytes) @ 0x032e8dfc [0x032e8c80+0x17c]
v  ~StubRoutines::call_stub

---------------  P R O C E S S  ---------------

Java Threads: ( => current thread )
=>0x284a7c00 JavaThread "EventThread COM6" [_thread_in_vm, id=2660, stack(0x01440000,0x01490000)]
  0x284a8800 JavaThread "DestroyJavaVM" [_thread_blocked, id=11040, stack(0x02fe0000,0x03030000)]
  0x284a7400 JavaThread "TimerQueue" daemon [_thread_blocked, id=5240, stack(0x2b5d0000,0x2b620000)]
  0x284a2c00 JavaThread "AWT-EventQueue-0" [_thread_blocked, id=11400, stack(0x29610000,0x29660000)]
  0x284a7000 JavaThread "AWT-Shutdown" [_thread_blocked, id=11436, stack(0x29580000,0x295d0000)]
  0x284a6800 JavaThread "Batik CleanerThread" daemon [_thread_blocked, id=8416, stack(0x29d00000,0x29d50000)]
  0x284a4800 JavaThread "JmDNS(DESKTOP-4LN0DLR.local.).State.Timer" [_thread_blocked, id=7588, stack(0x29a70000,0x29ac0000)]
  0x284a2400 JavaThread "JmDNS(DESKTOP-4LN0DLR.local.).Timer" daemon [_thread_blocked, id=3160, stack(0x299e0000,0x29a30000)]
  0x284a5c00 JavaThread "SocketListener(DESKTOP-4LN0DLR.local.)" daemon [_thread_blocked, id=12088, stack(0x29950000,0x299a0000)]
  0x284a3c00 JavaThread "JmDNS(DESKTOP-4LN0DLR.local.).State.Timer" [_thread_blocked, id=6292, stack(0x298c0000,0x29910000)]
  0x284a6400 JavaThread "JmDNS(DESKTOP-4LN0DLR.local.).Timer" daemon [_thread_blocked, id=6784, stack(0x29830000,0x29880000)]
  0x284a5800 JavaThread "SocketListener(DESKTOP-4LN0DLR.local.)" daemon [_thread_blocked, id=12128, stack(0x297a0000,0x297f0000)]
  0x284a5000 JavaThread "JmDNS(DESKTOP-4LN0DLR.local.).State.Timer" [_thread_blocked, id=12064, stack(0x294f0000,0x29540000)]
  0x28402c00 JavaThread "JmDNS(DESKTOP-4LN0DLR.local.).Timer" daemon [_thread_blocked, id=2616, stack(0x29460000,0x294b0000)]
  0x28402800 JavaThread "SocketListener(DESKTOP-4LN0DLR.local.)" daemon [_thread_blocked, id=12096, stack(0x293d0000,0x29420000)]
  0x28401c00 JavaThread "JmDNS(DESKTOP-4LN0DLR.local.).State.Timer" [_thread_blocked, id=3252, stack(0x29340000,0x29390000)]
  0x28402000 JavaThread "JmDNS(DESKTOP-4LN0DLR.local.).Timer" daemon [_thread_blocked, id=8300, stack(0x292b0000,0x29300000)]
  0x28403400 JavaThread "SocketListener(DESKTOP-4LN0DLR.local.)" daemon [_thread_blocked, id=8308, stack(0x29220000,0x29270000)]
  0x283f8800 JavaThread "JmDNS(DESKTOP-4LN0DLR.local.).State.Timer" [_thread_blocked, id=10968, stack(0x29100000,0x29150000)]
  0x283f8000 JavaThread "JmDNS(DESKTOP-4LN0DLR.local.).Timer" daemon [_thread_blocked, id=3392, stack(0x29070000,0x290c0000)]
  0x283f7800 JavaThread "SocketListener(DESKTOP-4LN0DLR.local.)" daemon [_thread_blocked, id=8008, stack(0x28000000,0x28050000)]
  0x2836b800 JavaThread "Multihomed mDNS.Timer" daemon [_thread_blocked, id=6816, stack(0x272e0000,0x27330000)]
  0x2836cc00 JavaThread "cc.arduino.packages.discoverers.serial.SerialBoardsLister" [_thread_blocked, id=4728, stack(0x28e30000,0x28e80000)]
  0x26ea1400 JavaThread "AWT-Windows" daemon [_thread_blocked, id=5596, stack(0x27370000,0x273c0000)]
  0x26e9e400 JavaThread "Java2D Disposer" daemon [_thread_blocked, id=1868, stack(0x27250000,0x272a0000)]
  0x26487800 JavaThread "Service Thread" daemon [_thread_blocked, id=8844, stack(0x26ae0000,0x26b30000)]
  0x26482000 JavaThread "C1 CompilerThread0" daemon [_thread_blocked, id=3268, stack(0x26a50000,0x26aa0000)]
  0x264af000 JavaThread "Attach Listener" daemon [_thread_blocked, id=11384, stack(0x269c0000,0x26a10000)]
  0x264ad000 JavaThread "Signal Dispatcher" daemon [_thread_blocked, id=11440, stack(0x26930000,0x26980000)]
  0x2646c000 JavaThread "Finalizer" daemon [_thread_blocked, id=3596, stack(0x26770000,0x267c0000)]
  0x26466400 JavaThread "Reference Handler" daemon [_thread_blocked, id=12152, stack(0x266e0000,0x26730000)]

Other Threads:
  0x02eeec00 VMThread [stack: 0x26650000,0x266a0000] [id=12052]
  0x2648a800 WatcherThread [stack: 0x05250000,0x052a0000] [id=5996]

VM state:synchronizing (normal execution)

VM Mutex/Monitor currently owned by a thread:  ([mutex/lock_event])
[0x0154ddf0] Threads_lock - owner thread: 0x02eeec00
[0x0154e3a0] Heap_lock - owner thread: 0x28402800

Heap:
 def new generation   total 157248K, used 157247K [0x05400000, 0x0fea0000, 0x0fea0000)
  eden space 139776K, 100% used [0x05400000, 0x0dc80000, 0x0dc80000)
  from space 17472K,  99% used [0x0ed90000, 0x0fe9fff8, 0x0fea0000)
  to   space 17472K,   0% used [0x0dc80000, 0x0dc80000, 0x0ed90000)
 tenured generation   total 349568K, used 349568K [0x0fea0000, 0x25400000, 0x25400000)
   the space 349568K, 100% used [0x0fea0000, 0x25400000, 0x25400000, 0x25400000)
 Metaspace       used 21790K, capacity 22381K, committed 22784K, reserved 22912K

Card table byte_map: [0x052b0000,0x053c0000] byte_map_base: 0x05286000

Polling page: 0x01560000

CodeCache: size=32768Kb used=2384Kb max_used=5582Kb free=30383Kb
 bounds [0x03210000, 0x03788000, 0x05210000]
 total_blobs=1497 nmethods=1215 adapters=210
 compilation: enabled

Compilation events (10 events):
Event: 569.865 Thread 0x26482000 nmethod 8361 0x03696a48 code [0x03696b80, 0x03696e80]
Event: 569.979 Thread 0x26482000 8362             java.util.TaskQueue::isEmpty (13 bytes)
Event: 569.979 Thread 0x26482000 nmethod 8362 0x035fae08 code [0x035faf00, 0x035faf90]
Event: 570.467 Thread 0x26482000 8363   !         sun.font.FontDesignMetrics::getMetrics (265 bytes)
Event: 570.468 Thread 0x26482000 nmethod 8363 0x03686e08 code [0x03687060, 0x03687e50]
Event: 574.685 Thread 0x26482000 8364             java.util.ArrayList$Itr::next (66 bytes)
Event: 574.686 Thread 0x26482000 nmethod 8364 0x03335688 code [0x033357c0, 0x033359b4]
Event: 577.570 Thread 0x26482000 8365             java.util.LinkedList::size (5 bytes)
Event: 577.570 Thread 0x26482000 nmethod 8365 0x03461088 code [0x03461180, 0x03461200]
Event: 594.980 Thread 0x26482000 8366             sun.util.locale.provider.RuleBasedBreakIterator::readTables (413 bytes)

GC Heap History (10 events):
Event: 598.817 GC heap before
{Heap before GC invocations=956 (full 278):
 def new generation   total 157248K, used 157248K [0x05400000, 0x0fea0000, 0x0fea0000)
  eden space 139776K, 100% used [0x05400000, 0x0dc80000, 0x0dc80000)
  from space 17472K, 100% used [0x0ed90000, 0x0fea0000, 0x0fea0000)
  to   space 17472K,   0% used [0x0dc80000, 0x0dc80000, 0x0ed90000)
 tenured generation   total 349568K, used 349567K [0x0fea0000, 0x25400000, 0x25400000)
   the space 349568K,  99% used [0x0fea0000, 0x253ffff8, 0x25400000, 0x25400000)
 Metaspace       used 21790K, capacity 22381K, committed 22784K, reserved 22912K
Event: 599.253 GC heap after
Heap after GC invocations=957 (full 279):
 def new generation   total 157248K, used 157240K [0x05400000, 0x0fea0000, 0x0fea0000)
  eden space 139776K,  99% used [0x05400000, 0x0dc7ffe0, 0x0dc80000)
  from space 17472K,  99% used [0x0ed90000, 0x0fe9e1a0, 0x0fea0000)
  to   space 17472K,   0% used [0x0dc80000, 0x0dc80000, 0x0ed90000)
 tenured generation   total 349568K, used 349567K [0x0fea0000, 0x25400000, 0x25400000)
   the space 349568K,  99% used [0x0fea0000, 0x253ffff8, 0x25400000, 0x25400000)
 Metaspace       used 21790K, capacity 22381K, committed 22784K, reserved 22912K
}
Event: 599.253 GC heap before
{Heap before GC invocations=957 (full 279):
 def new generation   total 157248K, used 157247K [0x05400000, 0x0fea0000, 0x0fea0000)
  eden space 139776K,  99% used [0x05400000, 0x0dc7fff8, 0x0dc80000)
  from space 17472K,  99% used [0x0ed90000, 0x0fe9fff0, 0x0fea0000)
  to   space 17472K,   0% used [0x0dc80000, 0x0dc80000, 0x0ed90000)
 tenured generation   total 349568K, used 349567K [0x0fea0000, 0x25400000, 0x25400000)
   the space 349568K,  99% used [0x0fea0000, 0x253ffff8, 0x25400000, 0x25400000)
 Metaspace       used 21790K, capacity 22381K, committed 22784K, reserved 22912K
Event: 599.794 GC heap after
Heap after GC invocations=958 (full 280):
 def new generation   total 157248K, used 157246K [0x05400000, 0x0fea0000, 0x0fea0000)
  eden space 139776K,  99% used [0x05400000, 0x0dc7fee8, 0x0dc80000)
  from space 17472K,  99% used [0x0ed90000, 0x0fe9fbf0, 0x0fea0000)
  to   space 17472K,   0% used [0x0dc80000, 0x0dc80000, 0x0ed90000)
 tenured generation   total 349568K, used 349567K [0x0fea0000, 0x25400000, 0x25400000)
   the space 349568K,  99% used [0x0fea0000, 0x253fffc0, 0x25400000, 0x25400000)
 Metaspace       used 21790K, capacity 22381K, committed 22784K, reserved 22912K
}
Event: 599.794 GC heap before
{Heap before GC invocations=958 (full 280):
 def new generation   total 157248K, used 157248K [0x05400000, 0x0fea0000, 0x0fea0000)
  eden space 139776K, 100% used [0x05400000, 0x0dc80000, 0x0dc80000)
  from space 17472K, 100% used [0x0ed90000, 0x0fea0000, 0x0fea0000)
  to   space 17472K,   0% used [0x0dc80000, 0x0dc80000, 0x0ed90000)
 tenured generation   total 349568K, used 349567K [0x0fea0000, 0x25400000, 0x25400000)
   the space 349568K,  99% used [0x0fea0000, 0x253fffc0, 0x25400000, 0x25400000)
 Metaspace       used 21790K, capacity 22381K, committed 22784K, reserved 22912K
Event: 600.222 GC heap after
Heap after GC invocations=959 (full 281):
 def new generation   total 157248K, used 157246K [0x05400000, 0x0fea0000, 0x0fea0000)
  eden space 139776K,  99% used [0x05400000, 0x0dc7ff88, 0x0dc80000)
  from space 17472K,  99% used [0x0ed90000, 0x0fe9fab8, 0x0fea0000)
  to   space 17472K,   0% used [0x0dc80000, 0x0dc80000, 0x0ed90000)
 tenured generation   total 349568K, used 349567K [0x0fea0000, 0x25400000, 0x25400000)
   the space 349568K,  99% used [0x0fea0000, 0x253fffc0, 0x25400000, 0x25400000)
 Metaspace       used 21790K, capacity 22381K, committed 22784K, reserved 22912K
}
Event: 600.222 GC heap before
{Heap before GC invocations=959 (full 281):
 def new generation   total 157248K, used 157247K [0x05400000, 0x0fea0000, 0x0fea0000)
  eden space 139776K, 100% used [0x05400000, 0x0dc80000, 0x0dc80000)
  from space 17472K,  99% used [0x0ed90000, 0x0fe9fc10, 0x0fea0000)
  to   space 17472K,   0% used [0x0dc80000, 0x0dc80000, 0x0ed90000)
 tenured generation   total 349568K, used 349567K [0x0fea0000, 0x25400000, 0x25400000)
   the space 349568K,  99% used [0x0fea0000, 0x253fffc0, 0x25400000, 0x25400000)
 Metaspace       used 21790K, capacity 22381K, committed 22784K, reserved 22912K
Event: 600.620 GC heap after
Heap after GC invocations=960 (full 282):
 def new generation   total 157248K, used 157246K [0x05400000, 0x0fea0000, 0x0fea0000)
  eden space 139776K,  99% used [0x05400000, 0x0dc7ff98, 0x0dc80000)
  from space 17472K,  99% used [0x0ed90000, 0x0fe9fa68, 0x0fea0000)
  to   space 17472K,   0% used [0x0dc80000, 0x0dc80000, 0x0ed90000)
 tenured generation   total 349568K, used 349567K [0x0fea0000, 0x25400000, 0x25400000)
   the space 349568K,  99% used [0x0fea0000, 0x253fffc0, 0x25400000, 0x25400000)
 Metaspace       used 21790K, capacity 22381K, committed 22784K, reserved 22912K
}
Event: 600.620 GC heap before
{Heap before GC invocations=960 (full 282):
 def new generation   total 157248K, used 157246K [0x05400000, 0x0fea0000, 0x0fea0000)
  eden space 139776K,  99% used [0x05400000, 0x0dc7ff98, 0x0dc80000)
  from space 17472K,  99% used [0x0ed90000, 0x0fe9fa68, 0x0fea0000)
  to   space 17472K,   0% used [0x0dc80000, 0x0dc80000, 0x0ed90000)
 tenured generation   total 349568K, used 349567K [0x0fea0000, 0x25400000, 0x25400000)
   the space 349568K,  99% used [0x0fea0000, 0x253fffc0, 0x25400000, 0x25400000)
 Metaspace       used 21790K, capacity 22381K, committed 22784K, reserved 22912K
Event: 601.024 GC heap after
Heap after GC invocations=961 (full 283):
 def new generation   total 157248K, used 157246K [0x05400000, 0x0fea0000, 0x0fea0000)
  eden space 139776K,  99% used [0x05400000, 0x0dc7ff98, 0x0dc80000)
  from space 17472K,  99% used [0x0ed90000, 0x0fe9fa68, 0x0fea0000)
  to   space 17472K,   0% used [0x0dc80000, 0x0dc80000, 0x0ed90000)
 tenured generation   total 349568K, used 349567K [0x0fea0000, 0x25400000, 0x25400000)
   the space 349568K,  99% used [0x0fea0000, 0x253fffc0, 0x25400000, 0x25400000)
 Metaspace       used 21790K, capacity 22381K, committed 22784K, reserved 22912K
}

Deoptimization events (0 events):
No events

Classes redefined (0 events):
No events

Internal exceptions (10 events):
Event: 392.582 Thread 0x284a8400 Exception <a 'sun/nio/fs/WindowsException'> (0x05564f48) thrown at [C:\workspace\8-2-build-windows-i586-cygwin\jdk8u191\11896\hotspot\src\share\vm\prims\jni.cpp, line 709]
Event: 392.584 Thread 0x284a8400 Exception <a 'sun/nio/fs/WindowsException'> (0x055832b8) thrown at [C:\workspace\8-2-build-windows-i586-cygwin\jdk8u191\11896\hotspot\src\share\vm\prims\jni.cpp, line 709]
Event: 392.584 Thread 0x284a8400 Exception <a 'sun/nio/fs/WindowsException'> (0x05583928) thrown at [C:\workspace\8-2-build-windows-i586-cygwin\jdk8u191\11896\hotspot\src\share\vm\prims\jni.cpp, line 709]
Event: 392.586 Thread 0x284a8400 Exception <a 'sun/nio/fs/WindowsException'> (0x0558db48) thrown at [C:\workspace\8-2-build-windows-i586-cygwin\jdk8u191\11896\hotspot\src\share\vm\prims\jni.cpp, line 709]
Event: 392.586 Thread 0x284a8400 Exception <a 'sun/nio/fs/WindowsException'> (0x0558e150) thrown at [C:\workspace\8-2-build-windows-i586-cygwin\jdk8u191\11896\hotspot\src\share\vm\prims\jni.cpp, line 709]
Event: 392.588 Thread 0x284a8400 Exception <a 'sun/nio/fs/WindowsException'> (0x0559de90) thrown at [C:\workspace\8-2-build-windows-i586-cygwin\jdk8u191\11896\hotspot\src\share\vm\prims\jni.cpp, line 709]
Event: 392.588 Thread 0x284a8400 Exception <a 'sun/nio/fs/WindowsException'> (0x0559e488) thrown at [C:\workspace\8-2-build-windows-i586-cygwin\jdk8u191\11896\hotspot\src\share\vm\prims\jni.cpp, line 709]
Event: 392.590 Thread 0x284a8400 Exception <a 'sun/nio/fs/WindowsException'> (0x055b0158) thrown at [C:\workspace\8-2-build-windows-i586-cygwin\jdk8u191\11896\hotspot\src\share\vm\prims\jni.cpp, line 709]
Event: 392.590 Thread 0x284a8400 Exception <a 'sun/nio/fs/WindowsException'> (0x055b0750) thrown at [C:\workspace\8-2-build-windows-i586-cygwin\jdk8u191\11896\hotspot\src\share\vm\prims\jni.cpp, line 709]
Event: 601.024 Thread 0x284a7c00 Exception <a 'java/lang/OutOfMemoryError'> (0x0ff349d8) thrown at [C:\workspace\8-2-build-windows-i586-cygwin\jdk8u191\11896\hotspot\src\share\vm\gc_interface/collectedHeap.inline.hpp, line 159]

Events (10 events):
Event: 598.817 Executing VM operation: GenCollectForAllocation done
Event: 598.817 Executing VM operation: GenCollectForAllocation
Event: 599.253 Executing VM operation: GenCollectForAllocation done
Event: 599.253 Executing VM operation: GenCollectForAllocation
Event: 599.794 Executing VM operation: GenCollectForAllocation done
Event: 599.794 Executing VM operation: GenCollectForAllocation
Event: 600.222 Executing VM operation: GenCollectForAllocation done
Event: 600.222 Executing VM operation: GenCollectForAllocation
Event: 601.024 Executing VM operation: GenCollectForAllocation done
Event: 601.024 Executing VM operation: GenCollectForAllocation


Dynamic libraries:
0x007d0000 - 0x00803000 	C:\Program Files (x86)\Arduino\java\bin\javaw.exe
0x77740000 - 0x778e3000 	C:\WINDOWS\SYSTEM32\ntdll.dll
0x761e0000 - 0x762d0000 	C:\WINDOWS\System32\KERNEL32.DLL
0x76e30000 - 0x77044000 	C:\WINDOWS\System32\KERNELBASE.dll
0x76360000 - 0x763da000 	C:\WINDOWS\System32\ADVAPI32.dll
0x75f90000 - 0x7604f000 	C:\WINDOWS\System32\msvcrt.dll
0x76100000 - 0x76175000 	C:\WINDOWS\System32\sechost.dll
0x77500000 - 0x775c0000 	C:\WINDOWS\System32\RPCRT4.dll
0x77360000 - 0x774f6000 	C:\WINDOWS\System32\USER32.dll
0x776b0000 - 0x776c8000 	C:\WINDOWS\System32\win32u.dll
0x77100000 - 0x77123000 	C:\WINDOWS\System32\GDI32.dll
0x755f0000 - 0x756cc000 	C:\WINDOWS\System32\gdi32full.dll
0x775c0000 - 0x7763b000 	C:\WINDOWS\System32\msvcp_win.dll
0x75860000 - 0x75980000 	C:\WINDOWS\System32\ucrtbase.dll
0x71cb0000 - 0x71ec0000 	C:\WINDOWS\WinSxS\x86_microsoft.windows.common-controls_6595b64144ccf1df_6.0.19041.844_none_11adecdf30011423\COMCTL32.dll
0x76050000 - 0x76075000 	C:\WINDOWS\System32\IMM32.DLL
0x57220000 - 0x572df000 	C:\Program Files (x86)\Arduino\java\bin\msvcr100.dll
0x56e40000 - 0x57213000 	C:\Program Files (x86)\Arduino\java\bin\client\jvm.dll
0x76080000 - 0x76086000 	C:\WINDOWS\System32\PSAPI.DLL
0x751c0000 - 0x751e8000 	C:\WINDOWS\SYSTEM32\WINMM.dll
0x56e30000 - 0x56e38000 	C:\WINDOWS\SYSTEM32\WSOCK32.dll
0x77640000 - 0x776a3000 	C:\WINDOWS\System32\WS2_32.dll
0x751a0000 - 0x751a8000 	C:\WINDOWS\SYSTEM32\VERSION.dll
0x56e00000 - 0x56e30000 	C:\Program Files (x86)\Arduino\java\bin\splashscreen.dll
0x75490000 - 0x75504000 	C:\WINDOWS\system32\uxtheme.dll
0x76510000 - 0x76791000 	C:\WINDOWS\System32\combase.dll
0x56df0000 - 0x56dfc000 	C:\Program Files (x86)\Arduino\java\bin\verify.dll
0x56dc0000 - 0x56de2000 	C:\Program Files (x86)\Arduino\java\bin\java.dll
0x77130000 - 0x77204000 	C:\WINDOWS\System32\MSCTF.dll
0x763e0000 - 0x76476000 	C:\WINDOWS\System32\OLEAUT32.dll
0x56da0000 - 0x56db4000 	C:\Program Files (x86)\Arduino\java\bin\zip.dll
0x751b0000 - 0x751bf000 	C:\WINDOWS\SYSTEM32\kernel.appcore.dll
0x75f30000 - 0x75f8f000 	C:\WINDOWS\System32\bcryptPrimitives.dll
0x71850000 - 0x71909000 	C:\WINDOWS\SYSTEM32\textinputframework.dll
0x707b0000 - 0x70a2e000 	C:\WINDOWS\System32\CoreUIComponents.dll
0x762d0000 - 0x76357000 	C:\WINDOWS\System32\SHCORE.dll
0x70710000 - 0x707ab000 	C:\WINDOWS\System32\CoreMessaging.dll
0x72f40000 - 0x72f69000 	C:\WINDOWS\SYSTEM32\ntmarta.dll
0x70630000 - 0x7070b000 	C:\WINDOWS\SYSTEM32\wintypes.dll
0x76870000 - 0x76e23000 	C:\WINDOWS\System32\SHELL32.dll
0x74530000 - 0x74b39000 	C:\WINDOWS\SYSTEM32\windows.storage.dll
0x74500000 - 0x74524000 	C:\WINDOWS\SYSTEM32\Wldp.dll
0x767a0000 - 0x767e5000 	C:\WINDOWS\System32\shlwapi.dll
0x744e0000 - 0x744f8000 	C:\WINDOWS\SYSTEM32\profapi.dll
0x61940000 - 0x619b3000 	C:\Program Files (x86)\Arduino\lib\listSerialsj.dll
0x75980000 - 0x75db5000 	C:\WINDOWS\System32\SETUPAPI.dll
0x75810000 - 0x7584b000 	C:\WINDOWS\System32\cfgmgr32.dll
0x77230000 - 0x77249000 	C:\WINDOWS\System32\bcrypt.dll
0x56d80000 - 0x56d9d000 	C:\Program Files (x86)\Arduino\lib\jnidispatch-4.2.2-win32-x86.dll
0x756d0000 - 0x757b3000 	C:\WINDOWS\System32\Ole32.dll
0x56d60000 - 0x56d75000 	C:\Program Files (x86)\Arduino\java\bin\net.dll
0x72710000 - 0x72762000 	C:\WINDOWS\system32\mswsock.dll
0x56d50000 - 0x56d5f000 	C:\Program Files (x86)\Arduino\java\bin\nio.dll
0x56c00000 - 0x56d47000 	C:\Program Files (x86)\Arduino\java\bin\awt.dll
0x65010000 - 0x650af000 	C:\WINDOWS\SYSTEM32\apphelp.dll
0x72400000 - 0x72426000 	C:\WINDOWS\system32\DWMAPI.DLL
0x56bc0000 - 0x56bf9000 	C:\Program Files (x86)\Arduino\java\bin\fontmanager.dll
0x641e0000 - 0x642e4000 	C:\WINDOWS\system32\opengl32.dll
0x641a0000 - 0x641df000 	C:\WINDOWS\SYSTEM32\GLU32.dll
0x56b80000 - 0x56bb2000 	C:\Program Files (x86)\Arduino\java\bin\t2k.dll
0x72600000 - 0x72632000 	C:\WINDOWS\SYSTEM32\IPHLPAPI.DLL
0x75850000 - 0x75857000 	C:\WINDOWS\System32\NSI.dll
0x725e0000 - 0x725f4000 	C:\WINDOWS\SYSTEM32\dhcpcsvc6.DLL
0x725c0000 - 0x725d6000 	C:\WINDOWS\SYSTEM32\dhcpcsvc.DLL
0x72520000 - 0x725b2000 	C:\WINDOWS\SYSTEM32\DNSAPI.dll
0x72500000 - 0x72508000 	C:\Windows\System32\rasadhlp.dll
0x65920000 - 0x65978000 	C:\WINDOWS\System32\fwpuclnt.dll
0x56b10000 - 0x56b79000 	C:\Program Files (x86)\Arduino\msvcp100.dll
0x56a50000 - 0x56b0e000 	C:\Program Files (x86)\Arduino\msvcr100.dll
0x28d60000 - 0x28d92000 	C:\Program Files (x86)\Arduino\lib\AStylej.dll
0x56a20000 - 0x56a44000 	C:\Program Files (x86)\Arduino\java\bin\dcpr.dll
0x767f0000 - 0x7686e000 	C:\WINDOWS\System32\clbcatq.dll
0x6d410000 - 0x6d581000 	C:\WINDOWS\SYSTEM32\WindowsCodecs.dll
0x70130000 - 0x70161000 	C:\WINDOWS\system32\dataexchange.dll
0x6ffc0000 - 0x70125000 	C:\WINDOWS\system32\dcomp.dll
0x70fa0000 - 0x71180000 	C:\WINDOWS\system32\d3d11.dll
0x72330000 - 0x723f3000 	C:\WINDOWS\system32\dxgi.dll
0x70a30000 - 0x70bbf000 	C:\WINDOWS\system32\twinapi.appcore.dll
0x56a00000 - 0x56a20000 	C:\Program Files (x86)\Arduino\java\bin\sunec.dll
0x728e0000 - 0x728f3000 	C:\WINDOWS\SYSTEM32\CRYPTSP.dll
0x728b0000 - 0x728df000 	C:\WINDOWS\system32\rsaenh.dll
0x75450000 - 0x75475000 	C:\WINDOWS\SYSTEM32\USERENV.dll
0x728a0000 - 0x728aa000 	C:\WINDOWS\SYSTEM32\CRYPTBASE.dll
0x569f0000 - 0x569f9000 	C:\Program Files (x86)\Arduino\java\bin\sunmscapi.dll
0x77250000 - 0x77351000 	C:\WINDOWS\System32\CRYPT32.dll
0x70270000 - 0x70294000 	C:\WINDOWS\SYSTEM32\DEVOBJ.dll
0x757c0000 - 0x75807000 	C:\WINDOWS\System32\WINTRUST.dll
0x719d0000 - 0x719de000 	C:\WINDOWS\SYSTEM32\MSASN1.dll
0x64000000 - 0x6401b000 	C:\Users\Admin\.jssc\windows\jSSC-2.8_x86.dll
0x71ec0000 - 0x72048000 	C:\WINDOWS\SYSTEM32\dbghelp.dll

VM Arguments:
jvm_args: -Dsun.java2d.d3d=false -Djna.nosys=true -Djna.nounpack=true -Djna.boot.library.name=jnidispatch-4.2.2-win32-x86 -Djna.boot.library.path=C:\Program Files (x86)\Arduino/lib -Djssc.library.path=C:\Program Files (x86)\Arduino/lib -DAPP_DIR=C:\Program Files (x86)\Arduino -Xms128M -Xmx512M 
java_command: processing.app.Base D:\Programming\Arduino\4.Mo_Hinh_Tuoi_Cay_Thong_Minh\Code\Code.ino
java_class_path (initial): C:\Program Files (x86)\Arduino\lib\apple.jar;C:\Program Files (x86)\Arduino\lib\arduino-core.jar;C:\Program Files (x86)\Arduino\lib\batik-1.8.jar;C:\Program Files (x86)\Arduino\lib\batik-anim-1.8.jar;C:\Program Files (x86)\Arduino\lib\batik-awt-util-1.8.jar;C:\Program Files (x86)\Arduino\lib\batik-bridge-1.8.jar;C:\Program Files (x86)\Arduino\lib\batik-codec-1.8.jar;C:\Program Files (x86)\Arduino\lib\batik-css-1.8.jar;C:\Program Files (x86)\Arduino\lib\batik-dom-1.8.jar;C:\Program Files (x86)\Arduino\lib\batik-ext-1.8.jar;C:\Program Files (x86)\Arduino\lib\batik-gvt-1.8.jar;C:\Program Files (x86)\Arduino\lib\batik-parser-1.8.jar;C:\Program Files (x86)\Arduino\lib\batik-rasterizer-1.8.jar;C:\Program Files (x86)\Arduino\lib\batik-script-1.8.jar;C:\Program Files (x86)\Arduino\lib\batik-squiggle-1.8.jar;C:\Program Files (x86)\Arduino\lib\batik-svg-dom-1.8.jar;C:\Program Files (x86)\Arduino\lib\batik-svgpp-1.8.jar;C:\Program Files (x86)\Arduino\lib\batik-transcoder-1.8.jar;C:\Program Files (x86)\Arduino\lib\batik-util-1.8.jar;C:\Program Files (x86)\Arduino\lib\batik-xml-1.8.jar;C:\Program Files (x86)\Arduino\lib\bcpg-jdk15on-152.jar;C:\Program Files (x86)\Arduino\lib\bcprov-jdk15on-152.jar;C:\Program Files (x86)\Arduino\lib\commons-codec-1.7.jar;C:\Program Files (x86)\Arduino\lib\commons-compress-1.8.jar;C:\Program Files (x86)\Arduino\lib\commons-exec-1.1.jar;C:\Program Files (x86)\Arduino\lib\commons-httpclient-3.1.jar;C:\Program Files (x86)\Arduino\lib\commons-lang3-3.3.2.jar;C:\Program Files (x86)\Arduino\lib\commons-logging-1.0.4.jar;C:\Program Files (x86)\Arduino\lib\commons-net-3.3.jar;C:\Program Files (x86)\Arduino\lib\jackson-annotations-2.9.5.jar;C:\Program Files (x86)\Arduino\lib\jackson-core-2.9.5.jar;C:\Program Files (x86)\Arduino\lib\jackson-databind-2.9.5.jar;C:\Program Files (x86)\Arduino\lib\jackson-module-mrbean-2.9.5.jar;C:\Program Files (x86)\Arduino\lib\java-semver-0.8.0.jar;C:\Program Files (x86)\Arduino\lib\jmdns-3.5.3.j
Launcher Type: SUN_STANDARD

Environment Variables:
PATH=D:\Install\MPLAB\MCC18\mpasm;D:\Install\MPLAB\MCC18\bin;C:\Program Files (x86)\Common Files\Oracle\Java\javapath;C:\MCC18\mpasm;C:\MCC18\bin;C:\Program Files (x86)\Microchip\MCC18\mpasm;C:\Program Files (x86)\Microchip\MCC18\bin;C:\WinAVR-20090313\bin;C:\WinAVR-20090313\utils\bin;C:\WINDOWS\system32;C:\WINDOWS;C:\WINDOWS\System32\Wbem;C:\WINDOWS\System32\WindowsPowerShell\v1.0\;C:\WINDOWS\System32\OpenSSH\;C:\Program Files\Microsoft SQL Server\130\Tools\Binn\;C:\Program Files (x86)\Microchip\MPLAB C32 Suite\bin;C:\Program Files\Git\cmd;D:\Install\MPLAB\Microchip\MPLAB C32 Suite\bin;C:\Program Files\dotnet\;C:\Program Files (x86)\Windows Kits\8.1\Windows Performance Toolkit\;C:\Program Files\Microsoft SQL Server\110\Tools\Binn\;D:\Install\Putty\;D:\Install\MPLAB\MCC18\mpasm;D:\Install\MPLAB\MCC18\bin;C:\MCC18\mpasm;C:\MCC18\bin;C:\Program Files (x86)\Microchip\MCC18\mpasm;C:\Program Files (x86)\Microchip\MCC18\bin;C:\Program Files (x86)\Microchip\mplabc18\v3.47\mpasm;C:\Program Files (x86)\Microchip\mplabc18\v3.47\bin;C:\Users\Admin\AppData\Local\Microsoft\WindowsApps;C:\Program Files\JetBrains\PyCharm Community Edition 2020.2.1\bin;;C:\Users\Admin\AppData\Local\Programs\Microsoft VS Code\bin;C:\Program Files (x86)\Arduino\java\bin
USERNAME=Admin
OS=Windows_NT
PROCESSOR_IDENTIFIER=Intel64 Family 6 Model 94 Stepping 3, GenuineIntel



---------------  S Y S T E M  ---------------

OS: Windows 10.0 , 64 bit Build 19041 (10.0.19041.1023)

CPU:total 4 (initial active 4) (4 cores per cpu, 1 threads per core) family 6 model 94 stepping 3, cmov, cx8, fxsr, mmx, sse, sse2, sse3, ssse3, sse4.1, sse4.2, popcnt, avx, avx2, aes, clmul, erms, rtm, 3dnowpref, lzcnt, tsc, tscinvbit, bmi1, bmi2, adx

Memory: 4k page, physical 8258828k(3036688k free), swap 11666700k(4396380k free)

vm_info: Java HotSpot(TM) Client VM (25.191-b12) for windows-x86 JRE (1.8.0_191-b12), built on Oct  6 2018 08:34:23 by "java_re" with MS VC++ 10.0 (VS2010)

time: Sun Apr 24 09:17:39 2022
elapsed time: 602 seconds (0d 0h 10m 2s)

