Removed Pin From Net: NetName=GND Pin=BUCK LM1-3
Removed Pin From Net: NetName=VCC5 Pin=BUCK LM1-4
Removed Pin From Net: NetName=GND Pin=C1-2
Removed Pin From Net: NetName=GND Pin=C2-2
Removed Pin From Net: NetName=GND Pin=C3-2
Removed Pin From Net: NetName=GND Pin=C4-2
Removed Pin From Net: NetName=GND Pin=C5-2
Removed Pin From Net: NetName=GND Pin=C6-2
Removed Pin From Net: NetName=VCC5 Pin=C7-3
Removed Pin From Net: NetName=GND Pin=C7-4
Removed Pin From Net: NetName=GND Pin=C10-1
Removed Pin From Net: NetName=GND Pin=C11-1
Removed Pin From Net: NetName=VCC5 Pin=C11-2
Removed Pin From Net: NetName=VCC5 Pin=D2-2
Removed Pin From Net: NetName=NetD3_1 Pin=D3-1
Removed Pin From Net: NetName=VCC5 Pin=D3-2
Removed Pin From Net: NetName=NetD4_1 Pin=D4-1
Removed Pin From Net: NetName=VCC5 Pin=D4-2
Removed Pin From Net: NetName=VCC5 Pin=D5-2
Removed Pin From Net: NetName=GND Pin=JP1-1
Removed Pin From Net: NetName=VCC5 Pin=LED1-1
Removed Pin From Net: NetName=NetLED1_2 Pin=LED1-2
Removed Pin From Net: NetName=VCC5 Pin=LED2-1
Removed Pin From Net: NetName=VCC5 Pin=LED4-1
Removed Pin From Net: NetName=NetLED4_2 Pin=LED4-2
Removed Pin From Net: NetName=VCC5 Pin=LED5-1
Removed Pin From Net: NetName=VCC5 Pin=LED6-1
Removed Pin From Net: NetName=VCC5 Pin=LED7-1
Removed Pin From Net: NetName=VCC5 Pin=LED8-1
Removed Pin From Net: NetName=VCC5 Pin=LED9-1
Removed Pin From Net: NetName=VCC5 Pin=LED10-1
Removed Pin From Net: NetName=VCC5 Pin=LED11-1
Removed Pin From Net: NetName=GND Pin=Q2-1
Removed Pin From Net: NetName=GND Pin=Q3-1
Removed Pin From Net: NetName=NetD3_1 Pin=Q3-2
Removed Pin From Net: NetName=NetQ3_3 Pin=Q3-3
Removed Pin From Net: NetName=GND Pin=Q4-1
Removed Pin From Net: NetName=NetD4_1 Pin=Q4-2
Removed Pin From Net: NetName=NetQ4_3 Pin=Q4-3
Removed Pin From Net: NetName=GND Pin=Q5-1
Removed Pin From Net: NetName=VCC5 Pin=R1-2
Removed Pin From Net: NetName=VCC5 Pin=R2-2
Removed Pin From Net: NetName=NetLED1_2 Pin=R3-2
Removed Pin From Net: NetName=NetLED4_2 Pin=R6-1
Removed Pin From Net: NetName=OUT_4 Pin=R10-1
Removed Pin From Net: NetName=NetD3_1 Pin=R11-2
Removed Pin From Net: NetName=NetD4_1 Pin=R12-2
Removed Pin From Net: NetName=VCC5 Pin=R13-2
Removed Pin From Net: NetName=VCC5 Pin=R14-2
Removed Pin From Net: NetName=OUT_2 Pin=R17-1
Removed Pin From Net: NetName=NetQ3_3 Pin=R17-2
Removed Pin From Net: NetName=NetQ4_3 Pin=R18-2
Removed Pin From Net: NetName=VCC5 Pin=R22-2
Removed Pin From Net: NetName=VCC5 Pin=R23-2
Removed Pin From Net: NetName=OUT_3 Pin=R24-1
Removed Pin From Net: NetName=VCC5 Pin=RL1-3
Removed Pin From Net: NetName=VCC5 Pin=RL2-3
Removed Pin From Net: NetName=NetD1_1 Pin=RL2-5
Removed Pin From Net: NetName=VCC5 Pin=RL3-3
Removed Pin From Net: NetName=NetD3_1 Pin=RL3-5
Removed Pin From Net: NetName=VCC5 Pin=RL4-3
Removed Pin From Net: NetName=NetD4_1 Pin=RL4-5
Removed Pin From Net: NetName=VCC5 Pin=RL5-3
Removed Pin From Net: NetName=OUT_3 Pin=U1-6
Removed Pin From Net: NetName=OUT_2 Pin=U1-7
Removed Pin From Net: NetName=OUT_1 Pin=U1-8
Removed Pin From Net: NetName=OUT_4 Pin=U1-9
Removed Member From Class: ClassName=Sheet1 Member=BUCK LM1
Removed Member From Class: ClassName=Sheet1 Member=C3
Removed Member From Class: ClassName=Sheet1 Member=C4
Removed Member From Class: ClassName=Sheet1 Member=C5
Removed Member From Class: ClassName=Sheet1 Member=C6
Removed Member From Class: ClassName=Sheet1 Member=C7
Removed Member From Class: ClassName=Sheet1 Member=C8
Removed Member From Class: ClassName=Sheet1 Member=C9
Removed Member From Class: ClassName=Sheet1 Member=C10
Removed Member From Class: ClassName=Sheet1 Member=C11
Removed Member From Class: ClassName=Sheet1 Member=D5
Removed Member From Class: ClassName=Sheet1 Member=JACK DC1
Removed Member From Class: ClassName=Sheet1 Member=LED5
Removed Member From Class: ClassName=Sheet1 Member=LED6
Removed Member From Class: ClassName=Sheet1 Member=LED7
Removed Member From Class: ClassName=Sheet1 Member=LED8
Removed Member From Class: ClassName=Sheet1 Member=LED9
Removed Member From Class: ClassName=Sheet1 Member=LED10
Removed Member From Class: ClassName=Sheet1 Member=LED11
Removed Member From Class: ClassName=Sheet1 Member=Q5
Removed Member From Class: ClassName=Sheet1 Member=R9
Removed Member From Class: ClassName=Sheet1 Member=R10
Removed Member From Class: ClassName=Sheet1 Member=R11
Removed Member From Class: ClassName=Sheet1 Member=R12
Removed Member From Class: ClassName=Sheet1 Member=R13
Removed Member From Class: ClassName=Sheet1 Member=R14
Removed Member From Class: ClassName=Sheet1 Member=R15
Removed Member From Class: ClassName=Sheet1 Member=R16
Removed Member From Class: ClassName=Sheet1 Member=R17
Removed Member From Class: ClassName=Sheet1 Member=R18
Removed Member From Class: ClassName=Sheet1 Member=R19
Removed Member From Class: ClassName=Sheet1 Member=R20
Removed Member From Class: ClassName=Sheet1 Member=R21
Removed Member From Class: ClassName=Sheet1 Member=R22
Removed Member From Class: ClassName=Sheet1 Member=R23
Removed Member From Class: ClassName=Sheet1 Member=R24
Removed Member From Class: ClassName=Sheet1 Member=R25
Removed Member From Class: ClassName=Sheet1 Member=R26
Removed Member From Class: ClassName=Sheet1 Member=R27
Removed Member From Class: ClassName=Sheet1 Member=R28
Removed Member From Class: ClassName=Sheet1 Member=RL1
Removed Member From Class: ClassName=Sheet1 Member=RL2
Removed Member From Class: ClassName=Sheet1 Member=RL3
Removed Member From Class: ClassName=Sheet1 Member=RL4
Removed Member From Class: ClassName=Sheet1 Member=RL5
Change Component Designator: OldDesignator=D1 NewDesignator=D2
Change Component Designator: OldDesignator=LED3 NewDesignator=LED2
Change Component Designator: OldDesignator=Q1 NewDesignator=Q2
Change Component Designator: OldDesignator=R5 NewDesignator=R2
Change Component Designator: OldDesignator=R9 NewDesignator=R4
Added Component: Designator=C1(CP2/5)
Add component (AddParameter): Name = "LatestRevisionDate"; Value = "17-Jul-2002"; VariantName = "[No Variations]"
Add component (AddParameter): Name = "LatestRevisionNote"; Value = "Re-released for DXP Platform."; VariantName = "[No Variations]"
Add component (AddParameter): Name = "PackageReference"; Value = "C0805"; VariantName = "[No Variations]"
Add component (AddParameter): Name = "Publisher"; Value = "Altium Limited"; VariantName = "[No Variations]"
Add component (AddParameter): Name = "VALUE"; Value = "C?"; VariantName = "[No Variations]"
Added Component: Designator=C2(R46KF3100JMP0K)
Add component (AddParameter): Name = "Arrow Part Number"; Value = ""; VariantName = "[No Variations]"
Add component (AddParameter): Name = "Arrow Price/Stock"; Value = ""; VariantName = "[No Variations]"
Add component (AddParameter): Name = "Datasheet Link"; Value = "https://api.kemet.com/component-edge/download/specsheet/R46KF3100JMP0K.pdf"; VariantName = "[No Variations]"
Add component (AddParameter): Name = "Height"; Value = "12.1mm"; VariantName = "[No Variations]"
Add component (AddParameter): Name = "Manufacturer_Name"; Value = "Kemet"; VariantName = "[No Variations]"
Add component (AddParameter): Name = "Manufacturer_Part_Number"; Value = "R46KF3100JMP0K"; VariantName = "[No Variations]"
Add component (AddParameter): Name = "Mouser Part Number"; Value = "80-R46KF3100JMP0K"; VariantName = "[No Variations]"
Add component (AddParameter): Name = "Mouser Price/Stock"; Value = "https://www.mouser.co.uk/ProductDetail/KEMET/R46KF3100JMP0K/?qs=gt1LBUVyoHk5JqGpZKIGRw%3D%3D"; VariantName = "[No Variations]"
Added Component: Designator=D1(DIODE 0.5A)
Add component (AddParameter): Name = "Chung_Loai"; Value = "C?m"; VariantName = "[No Variations]"
Add component (AddParameter): Name = "Don_Vi"; Value = "Con"; VariantName = "[No Variations]"
Add component (AddParameter): Name = "Ghi Chu"; Value = ""; VariantName = "[No Variations]"
Add component (AddParameter): Name = "Kieu_Chan"; Value = ""; VariantName = "[No Variations]"
Add component (AddParameter): Name = "Ma_Hang"; Value = "MH001065"; VariantName = "[No Variations]"
Add component (AddParameter): Name = "Ten_Linh_Kien"; Value = "Diode 1N4148 DO35 450mA 100V ( 1N4148 DIP)"; VariantName = "[No Variations]"
Added Component: Designator=D3(DIODE 0.5A)
Add component (AddParameter): Name = "Chung_Loai"; Value = "C?m"; VariantName = "[No Variations]"
Add component (AddParameter): Name = "Don_Vi"; Value = "Con"; VariantName = "[No Variations]"
Add component (AddParameter): Name = "Ghi Chu"; Value = ""; VariantName = "[No Variations]"
Add component (AddParameter): Name = "Kieu_Chan"; Value = ""; VariantName = "[No Variations]"
Add component (AddParameter): Name = "Ma_Hang"; Value = "MH001065"; VariantName = "[No Variations]"
Add component (AddParameter): Name = "Ten_Linh_Kien"; Value = "Diode 1N4148 DO35 450mA 100V ( 1N4148 DIP)"; VariantName = "[No Variations]"
Added Component: Designator=D4(DIODE 0.5A)
Add component (AddParameter): Name = "Chung_Loai"; Value = "C?m"; VariantName = "[No Variations]"
Add component (AddParameter): Name = "Don_Vi"; Value = "Con"; VariantName = "[No Variations]"
Add component (AddParameter): Name = "Ghi Chu"; Value = ""; VariantName = "[No Variations]"
Add component (AddParameter): Name = "Kieu_Chan"; Value = ""; VariantName = "[No Variations]"
Add component (AddParameter): Name = "Ma_Hang"; Value = "MH001065"; VariantName = "[No Variations]"
Add component (AddParameter): Name = "Ten_Linh_Kien"; Value = "Diode 1N4148 DO35 450mA 100V ( 1N4148 DIP)"; VariantName = "[No Variations]"
Added Component: Designator=F1(Fuse)
Add component (AddParameter): Name = "Designed by"; Value = "VanDungEvn"; VariantName = "[No Variations]"
Add component (AddParameter): Name = "Value"; Value = "Fuse"; VariantName = "[No Variations]"
Added Component: Designator=FL1(UU9810MH)
Add component (AddParameter): Name = "Arrow Part Number"; Value = ""; VariantName = "[No Variations]"
Add component (AddParameter): Name = "Arrow Price/Stock"; Value = ""; VariantName = "[No Variations]"
Add component (AddParameter): Name = "Datasheet Link"; Value = "https://datasheet.lcsc.com/szlcsc/1811111206_Guangdong-Fenghua-Advanced-Tech-UU9-8-10mH_C148474.pdf"; VariantName = "[No Variations]"
Add component (AddParameter): Name = "Height"; Value = "17mm"; VariantName = "[No Variations]"
Add component (AddParameter): Name = "Manufacturer_Name"; Value = "Guangdong Fenghua Advanced Tech"; VariantName = "[No Variations]"
Add component (AddParameter): Name = "Manufacturer_Part_Number"; Value = "UU9.8-10MH"; VariantName = "[No Variations]"
Add component (AddParameter): Name = "Mouser Part Number"; Value = ""; VariantName = "[No Variations]"
Add component (AddParameter): Name = "Mouser Price/Stock"; Value = ""; VariantName = "[No Variations]"
Added Component: Designator=HILINK1(HILINK_1W)
Added Component: Designator=JP1(JP 1x9 CT)
Add component (AddParameter): Name = "Chung_Loai"; Value = "C?m"; VariantName = "[No Variations]"
Add component (AddParameter): Name = "Don_Vi"; Value = "Con"; VariantName = "[No Variations]"
Add component (AddParameter): Name = "Ghi_Chu"; Value = ""; VariantName = "[No Variations]"
Add component (AddParameter): Name = "Kieu_Chan"; Value = ""; VariantName = "[No Variations]"
Add component (AddParameter): Name = "Ma_Hang"; Value = "MH004006"; VariantName = "[No Variations]"
Add component (AddParameter): Name = "Ten_Linh_Kien"; Value = "Jump Ðon Cái 2.54MM 1x20P Th?ng"; VariantName = "[No Variations]"
Added Component: Designator=K1(RELAY_HF49FD/005-1H12T)
Add component (AddParameter): Name = "Availability"; Value = "Unavailable"; VariantName = "[No Variations]"
Add component (AddParameter): Name = "MF"; Value = "Hongfa"; VariantName = "[No Variations]"
Add component (AddParameter): Name = "MP"; Value = "HF49FD/005-1H12T"; VariantName = "[No Variations]"
Add component (AddParameter): Name = "Package"; Value = "None"; VariantName = "[No Variations]"
Add component (AddParameter): Name = "Price"; Value = "None"; VariantName = "[No Variations]"
Add component (AddParameter): Name = "SnapEDA_Link"; Value = "https://www.snapeda.com/parts/HF49FD/005-1H12T/Hongfa/view-part/2753221/?ref=snap"; VariantName = "[No Variations]"
Add component (AddParameter): Name = "Value"; Value = ""; VariantName = "[No Variations]"
Added Component: Designator=K2(RELAY_HF49FD/005-1H12T)
Add component (AddParameter): Name = "Availability"; Value = "Unavailable"; VariantName = "[No Variations]"
Add component (AddParameter): Name = "MF"; Value = "Hongfa"; VariantName = "[No Variations]"
Add component (AddParameter): Name = "MP"; Value = "HF49FD/005-1H12T"; VariantName = "[No Variations]"
Add component (AddParameter): Name = "Package"; Value = "None"; VariantName = "[No Variations]"
Add component (AddParameter): Name = "Price"; Value = "None"; VariantName = "[No Variations]"
Add component (AddParameter): Name = "SnapEDA_Link"; Value = "https://www.snapeda.com/parts/HF49FD/005-1H12T/Hongfa/view-part/2753221/?ref=snap"; VariantName = "[No Variations]"
Add component (AddParameter): Name = "Value"; Value = ""; VariantName = "[No Variations]"
Added Component: Designator=K3(RELAY_HF49FD/005-1H12T)
Add component (AddParameter): Name = "Availability"; Value = "Unavailable"; VariantName = "[No Variations]"
Add component (AddParameter): Name = "MF"; Value = "Hongfa"; VariantName = "[No Variations]"
Add component (AddParameter): Name = "MP"; Value = "HF49FD/005-1H12T"; VariantName = "[No Variations]"
Add component (AddParameter): Name = "Package"; Value = "None"; VariantName = "[No Variations]"
Add component (AddParameter): Name = "Price"; Value = "None"; VariantName = "[No Variations]"
Add component (AddParameter): Name = "SnapEDA_Link"; Value = "https://www.snapeda.com/parts/HF49FD/005-1H12T/Hongfa/view-part/2753221/?ref=snap"; VariantName = "[No Variations]"
Add component (AddParameter): Name = "Value"; Value = ""; VariantName = "[No Variations]"
Added Component: Designator=K4(RELAY_HF49FD/005-1H12T)
Add component (AddParameter): Name = "Availability"; Value = "Unavailable"; VariantName = "[No Variations]"
Add component (AddParameter): Name = "MF"; Value = "Hongfa"; VariantName = "[No Variations]"
Add component (AddParameter): Name = "MP"; Value = "HF49FD/005-1H12T"; VariantName = "[No Variations]"
Add component (AddParameter): Name = "Package"; Value = "None"; VariantName = "[No Variations]"
Add component (AddParameter): Name = "Price"; Value = "None"; VariantName = "[No Variations]"
Add component (AddParameter): Name = "SnapEDA_Link"; Value = "https://www.snapeda.com/parts/HF49FD/005-1H12T/Hongfa/view-part/2753221/?ref=snap"; VariantName = "[No Variations]"
Add component (AddParameter): Name = "Value"; Value = ""; VariantName = "[No Variations]"
Added Component: Designator=KF1(CON 2 KF7.62)
Add component (AddParameter): Name = "Chung_Loai"; Value = "C?m"; VariantName = "[No Variations]"
Add component (AddParameter): Name = "Don_Vi"; Value = "Con"; VariantName = "[No Variations]"
Add component (AddParameter): Name = "Ghi_Chu"; Value = ""; VariantName = "[No Variations]"
Add component (AddParameter): Name = "Kieu_Chan"; Value = ""; VariantName = "[No Variations]"
Add component (AddParameter): Name = "Ma_Hang"; Value = "MH002053"; VariantName = "[No Variations]"
Add component (AddParameter): Name = "Ten_Linh_Kien"; Value = "CON 2 KF7.62-2P 7.62MM (Ðen Th?ng)"; VariantName = "[No Variations]"
Added Component: Designator=KF2(CON 2 KF7.62)
Add component (AddParameter): Name = "Chung_Loai"; Value = "C?m"; VariantName = "[No Variations]"
Add component (AddParameter): Name = "Don_Vi"; Value = "Con"; VariantName = "[No Variations]"
Add component (AddParameter): Name = "Ghi_Chu"; Value = ""; VariantName = "[No Variations]"
Add component (AddParameter): Name = "Kieu_Chan"; Value = ""; VariantName = "[No Variations]"
Add component (AddParameter): Name = "Ma_Hang"; Value = "MH002053"; VariantName = "[No Variations]"
Add component (AddParameter): Name = "Ten_Linh_Kien"; Value = "CON 2 KF7.62-2P 7.62MM (Ðen Th?ng)"; VariantName = "[No Variations]"
Added Component: Designator=KF3(CON 2 KF7.62)
Add component (AddParameter): Name = "Chung_Loai"; Value = "C?m"; VariantName = "[No Variations]"
Add component (AddParameter): Name = "Don_Vi"; Value = "Con"; VariantName = "[No Variations]"
Add component (AddParameter): Name = "Ghi_Chu"; Value = ""; VariantName = "[No Variations]"
Add component (AddParameter): Name = "Kieu_Chan"; Value = ""; VariantName = "[No Variations]"
Add component (AddParameter): Name = "Ma_Hang"; Value = "MH002053"; VariantName = "[No Variations]"
Add component (AddParameter): Name = "Ten_Linh_Kien"; Value = "CON 2 KF7.62-2P 7.62MM (Ðen Th?ng)"; VariantName = "[No Variations]"
Added Component: Designator=LED1(LED-3MM-BLUE)
Add component (AddParameter): Name = "Chung_Loai"; Value = "C?m"; VariantName = "[No Variations]"
Add component (AddParameter): Name = "Don_Vi"; Value = "Con"; VariantName = "[No Variations]"
Add component (AddParameter): Name = "Ghi_Chu"; Value = ""; VariantName = "[No Variations]"
Add component (AddParameter): Name = "Kieu_Chan"; Value = ""; VariantName = "[No Variations]"
Add component (AddParameter): Name = "Ma_Hang"; Value = "MH009003"; VariantName = "[No Variations]"
Add component (AddParameter): Name = "Ten_Linh_Kien"; Value = "LED 3MM Xanh Duong SS (1000c)"; VariantName = "[No Variations]"
Added Component: Designator=LED3(LED-3MM-BLUE)
Add component (AddParameter): Name = "Chung_Loai"; Value = "C?m"; VariantName = "[No Variations]"
Add component (AddParameter): Name = "Don_Vi"; Value = "Con"; VariantName = "[No Variations]"
Add component (AddParameter): Name = "Ghi_Chu"; Value = ""; VariantName = "[No Variations]"
Add component (AddParameter): Name = "Kieu_Chan"; Value = ""; VariantName = "[No Variations]"
Add component (AddParameter): Name = "Ma_Hang"; Value = "MH009003"; VariantName = "[No Variations]"
Add component (AddParameter): Name = "Ten_Linh_Kien"; Value = "LED 3MM Xanh Duong SS (1000c)"; VariantName = "[No Variations]"
Added Component: Designator=LED4(LED-3MM-BLUE)
Add component (AddParameter): Name = "Chung_Loai"; Value = "C?m"; VariantName = "[No Variations]"
Add component (AddParameter): Name = "Don_Vi"; Value = "Con"; VariantName = "[No Variations]"
Add component (AddParameter): Name = "Ghi_Chu"; Value = ""; VariantName = "[No Variations]"
Add component (AddParameter): Name = "Kieu_Chan"; Value = ""; VariantName = "[No Variations]"
Add component (AddParameter): Name = "Ma_Hang"; Value = "MH009003"; VariantName = "[No Variations]"
Add component (AddParameter): Name = "Ten_Linh_Kien"; Value = "LED 3MM Xanh Duong SS (1000c)"; VariantName = "[No Variations]"
Added Component: Designator=Q1(C1815_cam)
Add component (AddParameter): Name = "Value"; Value = "C1815"; VariantName = "[No Variations]"
Added Component: Designator=Q3(C1815_cam)
Add component (AddParameter): Name = "Value"; Value = "C1815"; VariantName = "[No Variations]"
Added Component: Designator=Q4(C1815_cam)
Add component (AddParameter): Name = "Value"; Value = "C1815"; VariantName = "[No Variations]"
Added Component: Designator=R1(R1/4W)
Add component (AddParameter): Name = "Value"; Value = "R1/4W - 1K"; VariantName = "[No Variations]"
Added Component: Designator=R3(R1/4W)
Add component (AddParameter): Name = "Value"; Value = "R1/4W - 1K"; VariantName = "[No Variations]"
Added Component: Designator=R5(R1/4W)
Add component (AddParameter): Name = "Value"; Value = "R1/4W - 1K"; VariantName = "[No Variations]"
Added Component: Designator=R6(R1/4W)
Add component (AddParameter): Name = "Value"; Value = "R1/4W - 1K"; VariantName = "[No Variations]"
Added Component: Designator=R7(R1/4W)
Add component (AddParameter): Name = "Value"; Value = "R1/4W - 1K"; VariantName = "[No Variations]"
Added Component: Designator=R8(R1/4W)
Add component (AddParameter): Name = "Value"; Value = "R1/4W - 1K"; VariantName = "[No Variations]"
Added Component: Designator=RV1(10D561K)
Add component (AddParameter): Name = "Arrow Part Number"; Value = "MOV-10D561K"; VariantName = "[No Variations]"
Add component (AddParameter): Name = "Arrow Price/Stock"; Value = "https://www.arrow.com/en/products/mov-10d561k/bourns"; VariantName = "[No Variations]"
Add component (AddParameter): Name = "Datasheet Link"; Value = "https://www.bourns.com/docs/Product-Datasheets/MOV10D.pdf"; VariantName = "[No Variations]"
Add component (AddParameter): Name = "Height"; Value = "15.5mm"; VariantName = "[No Variations]"
Add component (AddParameter): Name = "Manufacturer_Name"; Value = "Bourns"; VariantName = "[No Variations]"
Add component (AddParameter): Name = "Manufacturer_Part_Number"; Value = "MOV-10D561K"; VariantName = "[No Variations]"
Add component (AddParameter): Name = "Mouser Part Number"; Value = "652-MOV-10D561K"; VariantName = "[No Variations]"
Add component (AddParameter): Name = "Mouser Price/Stock"; Value = "https://www.mouser.co.uk/ProductDetail/Bourns/MOV-10D561K?qs=lgttKnAd%252B2ArrqGQgWwr6w%3D%3D"; VariantName = "[No Variations]"
Added Pin To Net: NetName=VCC5 Pin=C1-1
Added Pin To Net: NetName=GND Pin=C1-2
Added Pin To Net: NetName=VCC5 Pin=D1-2
Added Pin To Net: NetName=NetD3_1 Pin=D3-1
Added Pin To Net: NetName=VCC5 Pin=D3-2
Added Pin To Net: NetName=NetD4_1 Pin=D4-1
Added Pin To Net: NetName=VCC5 Pin=D4-2
Added Pin To Net: NetName=GND Pin=HILINK1-3
Added Pin To Net: NetName=VCC5 Pin=HILINK1-4
Added Pin To Net: NetName=GND Pin=JP1-3
Added Pin To Net: NetName=VCC5 Pin=K1-1
Added Pin To Net: NetName=VCC5 Pin=K2-1
Added Pin To Net: NetName=NetD1_1 Pin=K2-2
Added Pin To Net: NetName=VCC5 Pin=K3-1
Added Pin To Net: NetName=NetD3_1 Pin=K3-2
Added Pin To Net: NetName=VCC5 Pin=K4-1
Added Pin To Net: NetName=NetD4_1 Pin=K4-2
Added Pin To Net: NetName=VCC5 Pin=LED1-1
Added Pin To Net: NetName=NetLED1_2 Pin=LED1-2
Added Pin To Net: NetName=VCC5 Pin=LED3-1
Added Pin To Net: NetName=VCC5 Pin=LED4-1
Added Pin To Net: NetName=NetLED4_2 Pin=LED4-2
Added Pin To Net: NetName=GND Pin=Q1-1
Added Pin To Net: NetName=GND Pin=Q3-1
Added Pin To Net: NetName=NetD3_1 Pin=Q3-2
Added Pin To Net: NetName=NetQ3_3 Pin=Q3-3
Added Pin To Net: NetName=GND Pin=Q4-1
Added Pin To Net: NetName=NetD4_1 Pin=Q4-2
Added Pin To Net: NetName=NetQ4_3 Pin=Q4-3
Added Pin To Net: NetName=NetLED1_2 Pin=R1-1
Added Pin To Net: NetName=OUT_2 Pin=R3-1
Added Pin To Net: NetName=NetD3_1 Pin=R5-2
Added Pin To Net: NetName=NetLED4_2 Pin=R6-1
Added Pin To Net: NetName=NetD4_1 Pin=R6-2
Added Pin To Net: NetName=OUT_4 Pin=R7-1
Added Pin To Net: NetName=NetQ3_3 Pin=R7-2
Added Pin To Net: NetName=OUT_3 Pin=R8-1
Added Pin To Net: NetName=NetQ4_3 Pin=R8-2
Added Pin To Net: NetName=OUT_1 Pin=U1-22
Added Pin To Net: NetName=OUT_2 Pin=U1-24
Added Pin To Net: NetName=OUT_3 Pin=U1-25
Added Pin To Net: NetName=OUT_4 Pin=U1-26
Change Net Name : Old Net Name=NetD1_1 New Net Name=NetD2_1
Change Net Name : Old Net Name=NetLED3_2 New Net Name=NetLED2_2
Change Net Name : Old Net Name=NetQ1_3 New Net Name=NetQ2_3
Added Pin To Net: NetName=0V~F1 Pin=FL1-3
Added Pin To Net: NetName=0V~F1 Pin=HILINK1-2
Added Net: Name=0V~F1
Added Pin To Net: NetName=220V~F1 Pin=FL1-2
Added Pin To Net: NetName=220V~F1 Pin=HILINK1-1
Added Net: Name=220V~F1
Added Pin To Net: NetName=220V~F Pin=C2-2
Added Pin To Net: NetName=220V~F Pin=F1-2
Added Pin To Net: NetName=220V~F Pin=F1-2
Added Pin To Net: NetName=220V~F Pin=FL1-1
Added Pin To Net: NetName=220V~F Pin=RV1-2
Added Net: Name=220V~F
Added Pin To Net: NetName=L1 Pin=K2-4
Added Pin To Net: NetName=L1 Pin=KF2-2
Added Net: Name=L1
Added Pin To Net: NetName=L2 Pin=K1-4
Added Pin To Net: NetName=L2 Pin=KF2-1
Added Net: Name=L2
Added Pin To Net: NetName=L3 Pin=K4-4
Added Pin To Net: NetName=L3 Pin=KF3-2
Added Net: Name=L3
Added Pin To Net: NetName=L4 Pin=K3-4
Added Pin To Net: NetName=L4 Pin=KF3-1
Added Net: Name=L4
Added Pin To Net: NetName=LED_1 Pin=JP1-6
Added Pin To Net: NetName=LED_1 Pin=U1-9
Added Net: Name=LED_1
Added Pin To Net: NetName=LED_2 Pin=JP1-8
Added Pin To Net: NetName=LED_2 Pin=U1-8
Added Net: Name=LED_2
Added Pin To Net: NetName=LED_3 Pin=JP1-5
Added Pin To Net: NetName=LED_3 Pin=U1-7
Added Net: Name=LED_3
Added Pin To Net: NetName=LED_4 Pin=JP1-1
Added Pin To Net: NetName=LED_4 Pin=U1-6
Added Net: Name=LED_4
Added Pin To Net: NetName=L Pin=F1-1
Added Pin To Net: NetName=L Pin=F1-1
Added Pin To Net: NetName=L Pin=K1-3
Added Pin To Net: NetName=L Pin=K2-3
Added Pin To Net: NetName=L Pin=K3-3
Added Pin To Net: NetName=L Pin=K4-3
Added Pin To Net: NetName=L Pin=KF1-2
Added Net: Name=L
Added Pin To Net: NetName=NetD1_1 Pin=D1-1
Added Pin To Net: NetName=NetD1_1 Pin=K1-2
Added Pin To Net: NetName=NetD1_1 Pin=Q1-2
Added Pin To Net: NetName=NetD1_1 Pin=R1-2
Added Net: Name=NetD1_1
Added Pin To Net: NetName=NetLED3_2 Pin=LED3-2
Added Pin To Net: NetName=NetLED3_2 Pin=R5-1
Added Net: Name=NetLED3_2
Added Pin To Net: NetName=NetQ1_3 Pin=Q1-3
Added Pin To Net: NetName=NetQ1_3 Pin=R3-2
Added Net: Name=NetQ1_3
Added Pin To Net: NetName=N Pin=C2-1
Added Pin To Net: NetName=N Pin=FL1-4
Added Pin To Net: NetName=N Pin=KF1-1
Added Pin To Net: NetName=N Pin=RV1-1
Added Net: Name=N
Added Pin To Net: NetName=TOUCH1 Pin=JP1-7
Added Pin To Net: NetName=TOUCH1 Pin=U1-13
Added Net: Name=TOUCH1
Added Pin To Net: NetName=TOUCH2 Pin=JP1-9
Added Pin To Net: NetName=TOUCH2 Pin=U1-12
Added Net: Name=TOUCH2
Added Pin To Net: NetName=TOUCH3 Pin=JP1-4
Added Pin To Net: NetName=TOUCH3 Pin=U1-11
Added Net: Name=TOUCH3
Added Pin To Net: NetName=TOUCH4 Pin=JP1-2
Added Pin To Net: NetName=TOUCH4 Pin=U1-10
Added Net: Name=TOUCH4
Added Member To Class: ClassName=Sheet1 Member=Component F1 F1A
Added Member To Class: ClassName=Sheet1 Member=Component FL1 UU9.8-10MH
Added Member To Class: ClassName=Sheet1 Member=Component HILINK1 HILINK
Added Member To Class: ClassName=Sheet1 Member=Component K1 HF49FD/005-1H12T
Added Member To Class: ClassName=Sheet1 Member=Component K2 HF49FD/005-1H12T
Added Member To Class: ClassName=Sheet1 Member=Component K3 HF49FD/005-1H12T
Added Member To Class: ClassName=Sheet1 Member=Component K4 HF49FD/005-1H12T
Added Member To Class: ClassName=Sheet1 Member=Component KF1 CON 2 KF7.62
Added Member To Class: ClassName=Sheet1 Member=Component KF2 CON 2 KF7.62
Added Member To Class: ClassName=Sheet1 Member=Component KF3 CON 2 KF7.62
Added Member To Class: ClassName=Sheet1 Member=Component RV1 10D561K
Added Room: Name=Sheet1
