Change Component Designator: Old Designator=C4 New Designator=C1
Change Component Designator: Old Designator=C5 New Designator=C2
Change Component Designator: Old Designator=D1 New Designator=D2
Change Component Designator: Old Designator=D1 New Designator=D3
Change Component Designator: Old Designator=D1 New Designator=D4
Change Component Designator: Old Designator=JP3 New Designator=JP1
Change Component Designator: Old Designator=K New Designator=K1
Change Component Designator: Old Designator=K New Designator=K2
Change Component Designator: Old Designator=K New Designator=K3
Change Component Designator: Old Designator=K New Designator=K4
Change Component Designator: Old Designator=LED3 New Designator=LED1
Change Component Designator: Old Designator=LED3 New Designator=LED2
Change Component Designator: Old Designator=LED3 New Designator=LED4
Change Component Designator: Old Designator=Q1 New Designator=Q2
Change Component Designator: Old Designator=Q1 New Designator=Q3
Change Component Designator: Old Designator=Q1 New Designator=Q4
Change Component Designator: Old Designator=R5 New Designator=R1
Change Component Designator: Old Designator=R5 New Designator=R2
Change Component Designator: Old Designator=R5 New Designator=R6
Change Component Designator: Old Designator=R9 New Designator=R3
Change Component Designator: Old Designator=R9 New Designator=R4
Change Component Designator: Old Designator=R9 New Designator=R7
Change Component Designator: Old Designator=R9 New Designator=R8
