Removed Pin From Net: NetName=IO0 Pin=C8-1
Removed Pin From Net: NetName=IO1 Pin=C8-2
Removed Pin From Net: NetName=IO2 Pin=C8-3
Removed Pin From Net: NetName=IO3 Pin=C8-4
Removed Pin From Net: NetName=IO4 Pin=C8-5
Removed Pin From Net: NetName=IO7 Pin=C8-6
Removed Pin From Net: NetName=SS_1 Pin=U1-10
Removed Pin From Net: NetName=SS_2 Pin=U1-11
Removed Pin From Net: NetName=SS_3 Pin=U1-12
Removed Pin From Net: NetName=SS_4 Pin=U1-13
Added Pin To Net: NetName=IO7 Pin=C8-1
Added Pin To Net: NetName=IO4 Pin=C8-2
Added Pin To Net: NetName=IO3 Pin=C8-3
Added Pin To Net: NetName=IO2 Pin=C8-4
Added Pin To Net: NetName=IO1 Pin=C8-5
Added Pin To Net: NetName=IO0 Pin=C8-6
Added Pin To Net: NetName=SS_4 Pin=U1-10
Added Pin To Net: NetName=SS_3 Pin=U1-11
Added Pin To Net: NetName=SS_2 Pin=U1-12
Added Pin To Net: NetName=SS_1 Pin=U1-13
Added Room: Name=Chau_schematic
