Removed Pin From Net: NetName=GND Pin=C1-1
Removed Pin From Net: NetName=NetC1_2 Pin=C1-2
Change Net Name : Old Net Name=NetC1_2 New Net Name=NetC3_1
Added Member To Class: ClassName=Sheet1 Member=Component C3 104
Added Member To Class: ClassName=Sheet1 Member=Component C5 104
Added Member To Class: ClassName=Sheet1 Member=Component C6 Cap Pol3
Added Member To Class: ClassName=Sheet1 Member=Component C7 Cap Pol3
Added Member To Class: ClassName=Sheet1 Member=Component C8 104
Added Member To Class: ClassName=Sheet1 Member=Component C9 104
Added Member To Class: ClassName=Sheet1 Member=Component C11 ADC2
Added Member To Class: ClassName=Sheet1 Member=Component C12 104
Added Member To Class: ClassName=Sheet1 Member=Component C13 104
Added Member To Class: ClassName=Sheet1 Member=Component C14 ADC3
Added Member To Class: ClassName=Sheet1 Member=Component C15 ADC4
Added Member To Class: ClassName=Sheet1 Member=Component C16 1_WIRE_1
Added Member To Class: ClassName=Sheet1 Member=Component C17 1_WIRE_2
Added Member To Class: ClassName=Sheet1 Member=Component C18 LCD_I2C
Added Member To Class: ClassName=Sheet1 Member=Component C19 UART2
Added Member To Class: ClassName=Sheet1 Member=Component D1 100v
Added Member To Class: ClassName=Sheet1 Member=Component D2 100v
Added Member To Class: ClassName=Sheet1 Member=Component D3 100v
Added Member To Class: ClassName=Sheet1 Member=Component D4 100v
Added Member To Class: ClassName=Sheet1 Member=Component D5 100v
Added Member To Class: ClassName=Sheet1 Member=Component D6 100v
Added Member To Class: ClassName=Sheet1 Member=Component LED2 LED 3mm
Added Member To Class: ClassName=Sheet1 Member=Component LED3 LED 3mm
Added Member To Class: ClassName=Sheet1 Member=Component LED4 LED 3mm
Added Member To Class: ClassName=Sheet1 Member=Component LED5 LED 3mm
Added Member To Class: ClassName=Sheet1 Member=Component LED6 LED 3mm
Added Member To Class: ClassName=Sheet1 Member=Component LED7 LED 3mm
Added Member To Class: ClassName=Sheet1 Member=Component LED8 LED 3mm
Added Member To Class: ClassName=Sheet1 Member=Component LED9 LED 3mm
Added Member To Class: ClassName=Sheet1 Member=Component LED10 LED 3mm
Added Member To Class: ClassName=Sheet1 Member=Component LED11 LED 3mm
Added Member To Class: ClassName=Sheet1 Member=Component LED12 LED 3mm
Added Member To Class: ClassName=Sheet1 Member=Component Q1 C1815
Added Member To Class: ClassName=Sheet1 Member=Component Q2 C1815
Added Member To Class: ClassName=Sheet1 Member=Component Q3 C1815
Added Member To Class: ClassName=Sheet1 Member=Component Q4 C1815
Added Member To Class: ClassName=Sheet1 Member=Component Q5 C1815
Added Member To Class: ClassName=Sheet1 Member=Component Q6 C1815
Added Member To Class: ClassName=Sheet1 Member=Component R2 10K
Added Member To Class: ClassName=Sheet1 Member=Component R3 220R
Added Member To Class: ClassName=Sheet1 Member=Component R4 220R
Added Member To Class: ClassName=Sheet1 Member=Component R5 510R
Added Member To Class: ClassName=Sheet1 Member=Component R6 510R
Added Member To Class: ClassName=Sheet1 Member=Component R8 1K
Added Member To Class: ClassName=Sheet1 Member=Component R9 100R
Added Member To Class: ClassName=Sheet1 Member=Component R10 100R
Added Member To Class: ClassName=Sheet1 Member=Component R11 510R
Added Member To Class: ClassName=Sheet1 Member=Component R12 510R
Added Member To Class: ClassName=Sheet1 Member=Component R13 10K
Added Member To Class: ClassName=Sheet1 Member=Component R14 10K
Added Member To Class: ClassName=Sheet1 Member=Component R15 220R
Added Member To Class: ClassName=Sheet1 Member=Component R16 220R
Added Member To Class: ClassName=Sheet1 Member=Component R17 510R
Added Member To Class: ClassName=Sheet1 Member=Component R18 510R
Added Member To Class: ClassName=Sheet1 Member=Component R19 1K
Added Member To Class: ClassName=Sheet1 Member=Component R20 1K
Added Member To Class: ClassName=Sheet1 Member=Component R21 100R
Added Member To Class: ClassName=Sheet1 Member=Component R22 100R
Added Member To Class: ClassName=Sheet1 Member=Component R23 510R
Added Member To Class: ClassName=Sheet1 Member=Component R24 510R
Added Member To Class: ClassName=Sheet1 Member=Component R25 10K
Added Member To Class: ClassName=Sheet1 Member=Component R26 10K
Added Member To Class: ClassName=Sheet1 Member=Component R27 220R
Added Member To Class: ClassName=Sheet1 Member=Component R28 220R
Added Member To Class: ClassName=Sheet1 Member=Component R29 510R
Added Member To Class: ClassName=Sheet1 Member=Component R30 1K
Added Member To Class: ClassName=Sheet1 Member=Component RL1 Relay
Added Member To Class: ClassName=Sheet1 Member=Component RL2 Relay
Added Member To Class: ClassName=Sheet1 Member=Component RL3 Relay
Added Member To Class: ClassName=Sheet1 Member=Component RL4 Relay
Added Member To Class: ClassName=Sheet1 Member=Component RL5 Relay
Added Member To Class: ClassName=Sheet1 Member=Component RL6 Relay
Added Member To Class: ClassName=Sheet1 Member=Component U1 PC817
Added Member To Class: ClassName=Sheet1 Member=Component U2 PC817
Added Member To Class: ClassName=Sheet1 Member=Component U3 PC817
Added Member To Class: ClassName=Sheet1 Member=Component U4 PC817
Added Member To Class: ClassName=Sheet1 Member=Component U5 PC817
Added Member To Class: ClassName=Sheet1 Member=Component U6 PC817
Added Member To Class: ClassName=Sheet1 Member=Component U7 ESP32_MODULE copy
Added Room: Name=Sheet1
