Change Component Designator: Old Designator=BT5 New Designator=BT6
Change Component Designator: Old Designator=BT6 New Designator=BT5
Change Component Designator: Old Designator=C1 New Designator=C2
Change Component Designator: Old Designator=C2 New Designator=C1
Change Component Designator: Old Designator=C8 New Designator=C9
Change Component Designator: Old Designator=C9 New Designator=C10
Change Component Designator: Old Designator=C10 New Designator=C8
Change Component Designator: Old Designator=C14 New Designator=C17
Change Component Designator: Old Designator=C15 New Designator=C16
Change Component Designator: Old Designator=C16 New Designator=C14
Change Component Designator: Old Designator=C17 New Designator=C15
Change Component Designator: Old Designator=C18 New Designator=C21
Change Component Designator: Old Designator=C19 New Designator=C20
Change Component Designator: Old Designator=C20 New Designator=C18
Change Component Designator: Old Designator=C21 New Designator=C19
Change Component Designator: Old Designator=D1 New Designator=D2
Change Component Designator: Old Designator=D1 New Designator=D3
Change Component Designator: Old Designator=D1 New Designator=D4
Change Component Designator: Old Designator=D1 New Designator=D5
Change Component Designator: Old Designator=D1 New Designator=D6
Change Component Designator: Old Designator=JP1 New Designator=JP2
Change Component Designator: Old Designator=JP1 New Designator=JP3
Change Component Designator: Old Designator=JP1 New Designator=JP4
Change Component Designator: Old Designator=JP1 New Designator=JP5
Change Component Designator: Old Designator=JP1 New Designator=JP6
Change Component Designator: Old Designator=LED2 New Designator=LED4
Change Component Designator: Old Designator=LED4 New Designator=LED2
Change Component Designator: Old Designator=LED4 New Designator=LED3
Change Component Designator: Old Designator=LED4 New Designator=LED5
Change Component Designator: Old Designator=LED4 New Designator=LED6
Change Component Designator: Old Designator=LED4 New Designator=LED7
Change Component Designator: Old Designator=LED4 New Designator=LED9
Change Component Designator: Old Designator=LED4 New Designator=LED10
Change Component Designator: Old Designator=LED5 New Designator=LED8
Change Component Designator: Old Designator=LED8 New Designator=LED12
Change Component Designator: Old Designator=LED9 New Designator=LED11
Change Component Designator: Old Designator=Q1 New Designator=Q2
Change Component Designator: Old Designator=Q1 New Designator=Q3
Change Component Designator: Old Designator=Q1 New Designator=Q4
Change Component Designator: Old Designator=Q1 New Designator=Q5
Change Component Designator: Old Designator=Q1 New Designator=Q6
Change Component Designator: Old Designator=R3 New Designator=R8
Change Component Designator: Old Designator=R3 New Designator=R9
Change Component Designator: Old Designator=R3 New Designator=R20
Change Component Designator: Old Designator=R3 New Designator=R21
Change Component Designator: Old Designator=R3 New Designator=R31
Change Component Designator: Old Designator=R3 New Designator=R32
Change Component Designator: Old Designator=R4 New Designator=R11
Change Component Designator: Old Designator=R4 New Designator=R12
Change Component Designator: Old Designator=R4 New Designator=R23
Change Component Designator: Old Designator=R4 New Designator=R24
Change Component Designator: Old Designator=R4 New Designator=R35
Change Component Designator: Old Designator=R4 New Designator=R36
Change Component Designator: Old Designator=R5 New Designator=R3
Change Component Designator: Old Designator=R5 New Designator=R4
Change Component Designator: Old Designator=R5 New Designator=R15
Change Component Designator: Old Designator=R5 New Designator=R17
Change Component Designator: Old Designator=R5 New Designator=R27
Change Component Designator: Old Designator=R5 New Designator=R28
Change Component Designator: Old Designator=R8 New Designator=R10
Change Component Designator: Old Designator=R11 New Designator=R13
Change Component Designator: Old Designator=R12 New Designator=R14
Change Component Designator: Old Designator=R13 New Designator=R16
Change Component Designator: Old Designator=R14 New Designator=R18
Change Component Designator: Old Designator=R15 New Designator=R19
Change Component Designator: Old Designator=R16 New Designator=R22
Change Component Designator: Old Designator=R19 New Designator=R26
Change Component Designator: Old Designator=R20 New Designator=R25
Change Component Designator: Old Designator=R21 New Designator=R30
Change Component Designator: Old Designator=R22 New Designator=R29
Change Component Designator: Old Designator=R23 New Designator=R34
Change Component Designator: Old Designator=R24 New Designator=R33
Change Component Designator: Old Designator=RL1 New Designator=RL2
Change Component Designator: Old Designator=RL1 New Designator=RL3
Change Component Designator: Old Designator=RL1 New Designator=RL4
Change Component Designator: Old Designator=RL1 New Designator=RL5
Change Component Designator: Old Designator=RL1 New Designator=RL6
Change Component Designator: Old Designator=U1 New Designator=U2
Change Component Designator: Old Designator=U1 New Designator=U3
Change Component Designator: Old Designator=U1 New Designator=U4
Change Component Designator: Old Designator=U1 New Designator=U5
Change Component Designator: Old Designator=U1 New Designator=U6
Change Component Designator: Old Designator=U5 New Designator=U7
