Removed Pin From Net: NetName=GND_ISO Pin=B1-3
Removed Pin From Net: NetName=VCC5_ISO Pin=B1-4
Removed Pin From Net: NetName=GND_ISO Pin=BT1-1
Removed Pin From Net: NetName=GND_ISO Pin=BT1-1
Removed Pin From Net: NetName=GND_ISO Pin=BT2-1
Removed Pin From Net: NetName=GND_ISO Pin=BT2-1
Removed Pin From Net: NetName=GND_ISO Pin=BT3-1
Removed Pin From Net: NetName=GND_ISO Pin=BT3-1
Removed Pin From Net: NetName=NetBT3_2 Pin=BT3-2
Removed Pin From Net: NetName=NetBT3_2 Pin=BT3-2
Removed Pin From Net: NetName=GND_ISO Pin=BT4-1
Removed Pin From Net: NetName=GND_ISO Pin=BT4-1
Removed Pin From Net: NetName=GND_ISO Pin=BT5-1
Removed Pin From Net: NetName=GND_ISO Pin=BT5-1
Removed Pin From Net: NetName=GND_ISO Pin=C1-1
Removed Pin From Net: NetName=VCC5_ISO Pin=C2-1
Removed Pin From Net: NetName=GND_ISO Pin=C2-2
Removed Pin From Net: NetName=GND_ISO Pin=C3-2
Removed Pin From Net: NetName=GND_ISO Pin=C5-1
Removed Pin From Net: NetName=NetC6_2 Pin=C6-2
Removed Pin From Net: NetName=NetC6_2 Pin=C8-1
Removed Pin From Net: NetName=GND_ISO Pin=C9-2
Removed Pin From Net: NetName=GND_ISO Pin=C10-1
Removed Pin From Net: NetName=NetBT3_2 Pin=C10-2
Removed Pin From Net: NetName=VCC5_ISO Pin=C11-3
Removed Pin From Net: NetName=GND_ISO Pin=C13-1
Removed Pin From Net: NetName=VCC5_ISO Pin=C13-3
Removed Pin From Net: NetName=GND_ISO Pin=C14-1
Removed Pin From Net: NetName=GND_ISO Pin=C15-2
Removed Pin From Net: NetName=GND_ISO Pin=C16-1
Removed Pin From Net: NetName=GND_ISO Pin=C17-2
Removed Pin From Net: NetName=NetC6_2 Pin=JACK DC1-1
Removed Pin From Net: NetName=VCC5_ISO Pin=LED1-1
Removed Pin From Net: NetName=GND_ISO Pin=LED2-2
Removed Pin From Net: NetName=VCC5_ISO Pin=LED3-1
Removed Pin From Net: NetName=NetLED3_2 Pin=LED3-2
Removed Pin From Net: NetName=GND_ISO Pin=LED4-2
Removed Pin From Net: NetName=GND_ISO Pin=LED6-2
Removed Pin From Net: NetName=GND_ISO Pin=LED7-2
Removed Pin From Net: NetName=VCC5_ISO Pin=LED8-1
Removed Pin From Net: NetName=GND_ISO Pin=LED9-2
Removed Pin From Net: NetName=VCC5_ISO Pin=LED10-1
Removed Pin From Net: NetName=GND_ISO Pin=LED11-2
Removed Pin From Net: NetName=NetQ1_3 Pin=Q1-3
Removed Pin From Net: NetName=NetQ2_3 Pin=Q2-3
Removed Pin From Net: NetName=NetQ1_3 Pin=R2-2
Removed Pin From Net: NetName=VCC5_ISO Pin=R3-2
Removed Pin From Net: NetName=NetQ2_3 Pin=R7-2
Removed Pin From Net: NetName=VCC5_ISO Pin=R8-2
Removed Pin From Net: NetName=NetLED3_2 Pin=R9-2
Removed Pin From Net: NetName=VCC5_ISO Pin=R18-2
Removed Pin From Net: NetName=VCC5_ISO Pin=R23-2
Removed Pin From Net: NetName=GND_ISO Pin=U5-1
Removed Pin From Net: NetName=VCC5_ISO Pin=U5-2
Removed Pin From Net: NetName=SDA Pin=U5-3
Removed Pin From Net: NetName=SCL Pin=U5-4
Removed Pin From Net: NetName=NetC6_2 Pin=UN1-1
Removed Member From Class: ClassName=Sheet1 Member=B1
Removed Member From Class: ClassName=Sheet1 Member=BT1
Removed Member From Class: ClassName=Sheet1 Member=BT2
Removed Member From Class: ClassName=Sheet1 Member=BT3
Removed Member From Class: ClassName=Sheet1 Member=BT4
Removed Member From Class: ClassName=Sheet1 Member=BT5
Removed Member From Class: ClassName=Sheet1 Member=D3
Removed Member From Class: ClassName=Sheet1 Member=D4
Removed Member From Class: ClassName=Sheet1 Member=D5
Removed Member From Class: ClassName=Sheet1 Member=D6
Removed Member From Class: ClassName=Sheet1 Member=JP1
Removed Member From Class: ClassName=Sheet1 Member=JP2
Removed Member From Class: ClassName=Sheet1 Member=JP3
Removed Member From Class: ClassName=Sheet1 Member=JP4
Removed Member From Class: ClassName=Sheet1 Member=JP5
Removed Member From Class: ClassName=Sheet1 Member=JP6
Removed Member From Class: ClassName=Sheet1 Member=LED7
Removed Member From Class: ClassName=Sheet1 Member=LED8
Removed Member From Class: ClassName=Sheet1 Member=LED9
Removed Member From Class: ClassName=Sheet1 Member=LED10
Removed Member From Class: ClassName=Sheet1 Member=LED11
Removed Member From Class: ClassName=Sheet1 Member=Q3
Removed Member From Class: ClassName=Sheet1 Member=Q4
Removed Member From Class: ClassName=Sheet1 Member=Q5
Removed Member From Class: ClassName=Sheet1 Member=Q6
Removed Member From Class: ClassName=Sheet1 Member=R19
Removed Member From Class: ClassName=Sheet1 Member=R20
Removed Member From Class: ClassName=Sheet1 Member=R21
Removed Member From Class: ClassName=Sheet1 Member=R22
Removed Member From Class: ClassName=Sheet1 Member=R23
Removed Member From Class: ClassName=Sheet1 Member=R24
Removed Member From Class: ClassName=Sheet1 Member=R25
Removed Member From Class: ClassName=Sheet1 Member=R26
Removed Member From Class: ClassName=Sheet1 Member=R27
Removed Member From Class: ClassName=Sheet1 Member=RL1
Removed Member From Class: ClassName=Sheet1 Member=RL2
Removed Member From Class: ClassName=Sheet1 Member=RL3
Removed Member From Class: ClassName=Sheet1 Member=RL4
Removed Member From Class: ClassName=Sheet1 Member=RL5
Removed Member From Class: ClassName=Sheet1 Member=RL6
Removed Member From Class: ClassName=Sheet1 Member=U1
Removed Member From Class: ClassName=Sheet1 Member=U2
Removed Member From Class: ClassName=Sheet1 Member=U3
Removed Member From Class: ClassName=Sheet1 Member=U4
Removed Member From Class: ClassName=Sheet1 Member=U5
Removed Member From Class: ClassName=Sheet1 Member=U6
Removed Member From Class: ClassName=Sheet1 Member=U7
Removed Member From Class: ClassName=Sheet1 Member=UN1
Change Component Designator: OldDesignator=C12 NewDesignator=C3
Change Component Designator: OldDesignator=LED5 NewDesignator=LED1
Change Component Designator: OldDesignator=R13 NewDesignator=R1
Change Component Designator: OldDesignator=R14 NewDesignator=R3
Change Component Designator: OldDesignator=R15 NewDesignator=R5
Added Component: Designator=BUCK LM1(BUCK LM2596)
Added Component: Designator=C1(Header3)
Add component (AddParameter): Name = "ComponentLink1 Description"; Value = "Manufacturer"; VariantName = "[No Variations]"
Add component (AddParameter): Name = "ComponentLink1URL"; Value = "http://www.we-online.com"; VariantName = "[No Variations]"
Add component (AddParameter): Name = "ComponentLink2 Description"; Value = "Datasheet"; VariantName = "[No Variations]"
Add component (AddParameter): Name = "ComponentLink2URL"; Value = "http://katalog.we-online.de/em/datasheet/6130xx143121.pdf"; VariantName = "[No Variations]"
Add component (AddParameter): Name = "Created by"; Value = "Karrer Zheng"; VariantName = "[No Variations]"
Add component (AddParameter): Name = "Created Date"; Value = "29 March 2013"; VariantName = "[No Variations]"
Add component (AddParameter): Name = "Manufacturer"; Value = "W¨¹rth Elektronik eiSos GmbH"; VariantName = "[No Variations]"
Add component (AddParameter): Name = "NoPins"; Value = "02"; VariantName = "[No Variations]"
Add component (AddParameter): Name = "partNo"; Value = "613002143121"; VariantName = "[No Variations]"
Added Component: Designator=C2(Header3)
Add component (AddParameter): Name = "ComponentLink1 Description"; Value = "Manufacturer"; VariantName = "[No Variations]"
Add component (AddParameter): Name = "ComponentLink1URL"; Value = "http://www.we-online.com"; VariantName = "[No Variations]"
Add component (AddParameter): Name = "ComponentLink2 Description"; Value = "Datasheet"; VariantName = "[No Variations]"
Add component (AddParameter): Name = "ComponentLink2URL"; Value = "http://katalog.we-online.de/em/datasheet/6130xx143121.pdf"; VariantName = "[No Variations]"
Add component (AddParameter): Name = "Created by"; Value = "Karrer Zheng"; VariantName = "[No Variations]"
Add component (AddParameter): Name = "Created Date"; Value = "29 March 2013"; VariantName = "[No Variations]"
Add component (AddParameter): Name = "Manufacturer"; Value = "W¨¹rth Elektronik eiSos GmbH"; VariantName = "[No Variations]"
Add component (AddParameter): Name = "NoPins"; Value = "02"; VariantName = "[No Variations]"
Add component (AddParameter): Name = "partNo"; Value = "613002143121"; VariantName = "[No Variations]"
Added Component: Designator=C4(tu gom)
Add component (AddParameter): Name = "Chung_Loai"; Value = "C?m"; VariantName = "[No Variations]"
Add component (AddParameter): Name = "Don_Vi"; Value = "Con"; VariantName = "[No Variations]"
Add component (AddParameter): Name = "Kieu_Chan"; Value = ""; VariantName = "[No Variations]"
Add component (AddParameter): Name = "Ma_Hang"; Value = "MH004761"; VariantName = "[No Variations]"
Add component (AddParameter): Name = "So_Chan"; Value = "2"; VariantName = "[No Variations]"
Add component (AddParameter): Name = "Ten_Linh_Kien"; Value = "T? g?m 104 100nF 50V"; VariantName = "[No Variations]"
Added Component: Designator=C5(Header3)
Add component (AddParameter): Name = "ComponentLink1 Description"; Value = "Manufacturer"; VariantName = "[No Variations]"
Add component (AddParameter): Name = "ComponentLink1URL"; Value = "http://www.we-online.com"; VariantName = "[No Variations]"
Add component (AddParameter): Name = "ComponentLink2 Description"; Value = "Datasheet"; VariantName = "[No Variations]"
Add component (AddParameter): Name = "ComponentLink2URL"; Value = "http://katalog.we-online.de/em/datasheet/6130xx143121.pdf"; VariantName = "[No Variations]"
Add component (AddParameter): Name = "Created by"; Value = "Karrer Zheng"; VariantName = "[No Variations]"
Add component (AddParameter): Name = "Created Date"; Value = "29 March 2013"; VariantName = "[No Variations]"
Add component (AddParameter): Name = "Manufacturer"; Value = "W¨¹rth Elektronik eiSos GmbH"; VariantName = "[No Variations]"
Add component (AddParameter): Name = "NoPins"; Value = "02"; VariantName = "[No Variations]"
Add component (AddParameter): Name = "partNo"; Value = "613002143121"; VariantName = "[No Variations]"
Added Component: Designator=C6(Header3)
Add component (AddParameter): Name = "ComponentLink1 Description"; Value = "Manufacturer"; VariantName = "[No Variations]"
Add component (AddParameter): Name = "ComponentLink1URL"; Value = "http://www.we-online.com"; VariantName = "[No Variations]"
Add component (AddParameter): Name = "ComponentLink2 Description"; Value = "Datasheet"; VariantName = "[No Variations]"
Add component (AddParameter): Name = "ComponentLink2URL"; Value = "http://katalog.we-online.de/em/datasheet/6130xx143121.pdf"; VariantName = "[No Variations]"
Add component (AddParameter): Name = "Created by"; Value = "Karrer Zheng"; VariantName = "[No Variations]"
Add component (AddParameter): Name = "Created Date"; Value = "29 March 2013"; VariantName = "[No Variations]"
Add component (AddParameter): Name = "Manufacturer"; Value = "W¨¹rth Elektronik eiSos GmbH"; VariantName = "[No Variations]"
Add component (AddParameter): Name = "NoPins"; Value = "02"; VariantName = "[No Variations]"
Add component (AddParameter): Name = "partNo"; Value = "613002143121"; VariantName = "[No Variations]"
Added Component: Designator=C7(tu gom)
Add component (AddParameter): Name = "Chung_Loai"; Value = "C?m"; VariantName = "[No Variations]"
Add component (AddParameter): Name = "Don_Vi"; Value = "Con"; VariantName = "[No Variations]"
Add component (AddParameter): Name = "Kieu_Chan"; Value = ""; VariantName = "[No Variations]"
Add component (AddParameter): Name = "Ma_Hang"; Value = "MH004761"; VariantName = "[No Variations]"
Add component (AddParameter): Name = "So_Chan"; Value = "2"; VariantName = "[No Variations]"
Add component (AddParameter): Name = "Ten_Linh_Kien"; Value = "T? g?m 104 100nF 50V"; VariantName = "[No Variations]"
Added Component: Designator=C8(tu gom)
Add component (AddParameter): Name = "Chung_Loai"; Value = "C?m"; VariantName = "[No Variations]"
Add component (AddParameter): Name = "Don_Vi"; Value = "Con"; VariantName = "[No Variations]"
Add component (AddParameter): Name = "Kieu_Chan"; Value = ""; VariantName = "[No Variations]"
Add component (AddParameter): Name = "Ma_Hang"; Value = "MH004761"; VariantName = "[No Variations]"
Add component (AddParameter): Name = "So_Chan"; Value = "2"; VariantName = "[No Variations]"
Add component (AddParameter): Name = "Ten_Linh_Kien"; Value = "T? g?m 104 100nF 50V"; VariantName = "[No Variations]"
Added Component: Designator=C9(Header3)
Add component (AddParameter): Name = "ComponentLink1 Description"; Value = "Manufacturer"; VariantName = "[No Variations]"
Add component (AddParameter): Name = "ComponentLink1URL"; Value = "http://www.we-online.com"; VariantName = "[No Variations]"
Add component (AddParameter): Name = "ComponentLink2 Description"; Value = "Datasheet"; VariantName = "[No Variations]"
Add component (AddParameter): Name = "ComponentLink2URL"; Value = "http://katalog.we-online.de/em/datasheet/6130xx143121.pdf"; VariantName = "[No Variations]"
Add component (AddParameter): Name = "Created by"; Value = "Karrer Zheng"; VariantName = "[No Variations]"
Add component (AddParameter): Name = "Created Date"; Value = "29 March 2013"; VariantName = "[No Variations]"
Add component (AddParameter): Name = "Manufacturer"; Value = "W¨¹rth Elektronik eiSos GmbH"; VariantName = "[No Variations]"
Add component (AddParameter): Name = "NoPins"; Value = "02"; VariantName = "[No Variations]"
Add component (AddParameter): Name = "partNo"; Value = "613002143121"; VariantName = "[No Variations]"
Added Component: Designator=C10(Header4)
Add component (AddParameter): Name = "ComponentLink1 Description"; Value = "Manufacturer"; VariantName = "[No Variations]"
Add component (AddParameter): Name = "ComponentLink1URL"; Value = "http://www.we-online.com"; VariantName = "[No Variations]"
Add component (AddParameter): Name = "ComponentLink2 Description"; Value = "Datasheet"; VariantName = "[No Variations]"
Add component (AddParameter): Name = "ComponentLink2URL"; Value = "http://katalog.we-online.de/em/datasheet/6130xx143121.pdf"; VariantName = "[No Variations]"
Add component (AddParameter): Name = "Created by"; Value = "Karrer Zheng"; VariantName = "[No Variations]"
Add component (AddParameter): Name = "Created Date"; Value = "29 March 2013"; VariantName = "[No Variations]"
Add component (AddParameter): Name = "Manufacturer"; Value = "W¨¹rth Elektronik eiSos GmbH"; VariantName = "[No Variations]"
Add component (AddParameter): Name = "NoPins"; Value = "02"; VariantName = "[No Variations]"
Add component (AddParameter): Name = "partNo"; Value = "613002143121"; VariantName = "[No Variations]"
Added Component: Designator=C12(Header3)
Add component (AddParameter): Name = "ComponentLink1 Description"; Value = "Manufacturer"; VariantName = "[No Variations]"
Add component (AddParameter): Name = "ComponentLink1URL"; Value = "http://www.we-online.com"; VariantName = "[No Variations]"
Add component (AddParameter): Name = "ComponentLink2 Description"; Value = "Datasheet"; VariantName = "[No Variations]"
Add component (AddParameter): Name = "ComponentLink2URL"; Value = "http://katalog.we-online.de/em/datasheet/6130xx143121.pdf"; VariantName = "[No Variations]"
Add component (AddParameter): Name = "Created by"; Value = "Karrer Zheng"; VariantName = "[No Variations]"
Add component (AddParameter): Name = "Created Date"; Value = "29 March 2013"; VariantName = "[No Variations]"
Add component (AddParameter): Name = "Manufacturer"; Value = "W¨¹rth Elektronik eiSos GmbH"; VariantName = "[No Variations]"
Add component (AddParameter): Name = "NoPins"; Value = "02"; VariantName = "[No Variations]"
Add component (AddParameter): Name = "partNo"; Value = "613002143121"; VariantName = "[No Variations]"
Added Component: Designator=C13(Header2)
Add component (AddParameter): Name = "ComponentLink1 Description"; Value = "Manufacturer"; VariantName = "[No Variations]"
Add component (AddParameter): Name = "ComponentLink1URL"; Value = "http://www.we-online.com"; VariantName = "[No Variations]"
Add component (AddParameter): Name = "ComponentLink2 Description"; Value = "Datasheet"; VariantName = "[No Variations]"
Add component (AddParameter): Name = "ComponentLink2URL"; Value = "http://katalog.we-online.de/em/datasheet/6130xx143121.pdf"; VariantName = "[No Variations]"
Add component (AddParameter): Name = "Created by"; Value = "Karrer Zheng"; VariantName = "[No Variations]"
Add component (AddParameter): Name = "Created Date"; Value = "29 March 2013"; VariantName = "[No Variations]"
Add component (AddParameter): Name = "Manufacturer"; Value = "W¨¹rth Elektronik eiSos GmbH"; VariantName = "[No Variations]"
Add component (AddParameter): Name = "NoPins"; Value = "02"; VariantName = "[No Variations]"
Add component (AddParameter): Name = "partNo"; Value = "613002143121"; VariantName = "[No Variations]"
Added Component: Designator=C14(Header3)
Add component (AddParameter): Name = "ComponentLink1 Description"; Value = "Manufacturer"; VariantName = "[No Variations]"
Add component (AddParameter): Name = "ComponentLink1URL"; Value = "http://www.we-online.com"; VariantName = "[No Variations]"
Add component (AddParameter): Name = "ComponentLink2 Description"; Value = "Datasheet"; VariantName = "[No Variations]"
Add component (AddParameter): Name = "ComponentLink2URL"; Value = "http://katalog.we-online.de/em/datasheet/6130xx143121.pdf"; VariantName = "[No Variations]"
Add component (AddParameter): Name = "Created by"; Value = "Karrer Zheng"; VariantName = "[No Variations]"
Add component (AddParameter): Name = "Created Date"; Value = "29 March 2013"; VariantName = "[No Variations]"
Add component (AddParameter): Name = "Manufacturer"; Value = "W¨¹rth Elektronik eiSos GmbH"; VariantName = "[No Variations]"
Add component (AddParameter): Name = "NoPins"; Value = "02"; VariantName = "[No Variations]"
Add component (AddParameter): Name = "partNo"; Value = "613002143121"; VariantName = "[No Variations]"
Added Component: Designator=C15(Header3)
Add component (AddParameter): Name = "ComponentLink1 Description"; Value = "Manufacturer"; VariantName = "[No Variations]"
Add component (AddParameter): Name = "ComponentLink1URL"; Value = "http://www.we-online.com"; VariantName = "[No Variations]"
Add component (AddParameter): Name = "ComponentLink2 Description"; Value = "Datasheet"; VariantName = "[No Variations]"
Add component (AddParameter): Name = "ComponentLink2URL"; Value = "http://katalog.we-online.de/em/datasheet/6130xx143121.pdf"; VariantName = "[No Variations]"
Add component (AddParameter): Name = "Created by"; Value = "Karrer Zheng"; VariantName = "[No Variations]"
Add component (AddParameter): Name = "Created Date"; Value = "29 March 2013"; VariantName = "[No Variations]"
Add component (AddParameter): Name = "Manufacturer"; Value = "W¨¹rth Elektronik eiSos GmbH"; VariantName = "[No Variations]"
Add component (AddParameter): Name = "NoPins"; Value = "02"; VariantName = "[No Variations]"
Add component (AddParameter): Name = "partNo"; Value = "613002143121"; VariantName = "[No Variations]"
Added Component: Designator=C16(Header3)
Add component (AddParameter): Name = "ComponentLink1 Description"; Value = "Manufacturer"; VariantName = "[No Variations]"
Add component (AddParameter): Name = "ComponentLink1URL"; Value = "http://www.we-online.com"; VariantName = "[No Variations]"
Add component (AddParameter): Name = "ComponentLink2 Description"; Value = "Datasheet"; VariantName = "[No Variations]"
Add component (AddParameter): Name = "ComponentLink2URL"; Value = "http://katalog.we-online.de/em/datasheet/6130xx143121.pdf"; VariantName = "[No Variations]"
Add component (AddParameter): Name = "Created by"; Value = "Karrer Zheng"; VariantName = "[No Variations]"
Add component (AddParameter): Name = "Created Date"; Value = "29 March 2013"; VariantName = "[No Variations]"
Add component (AddParameter): Name = "Manufacturer"; Value = "W¨¹rth Elektronik eiSos GmbH"; VariantName = "[No Variations]"
Add component (AddParameter): Name = "NoPins"; Value = "02"; VariantName = "[No Variations]"
Add component (AddParameter): Name = "partNo"; Value = "613002143121"; VariantName = "[No Variations]"
Added Component: Designator=C17(Header3)
Add component (AddParameter): Name = "ComponentLink1 Description"; Value = "Manufacturer"; VariantName = "[No Variations]"
Add component (AddParameter): Name = "ComponentLink1URL"; Value = "http://www.we-online.com"; VariantName = "[No Variations]"
Add component (AddParameter): Name = "ComponentLink2 Description"; Value = "Datasheet"; VariantName = "[No Variations]"
Add component (AddParameter): Name = "ComponentLink2URL"; Value = "http://katalog.we-online.de/em/datasheet/6130xx143121.pdf"; VariantName = "[No Variations]"
Add component (AddParameter): Name = "Created by"; Value = "Karrer Zheng"; VariantName = "[No Variations]"
Add component (AddParameter): Name = "Created Date"; Value = "29 March 2013"; VariantName = "[No Variations]"
Add component (AddParameter): Name = "Manufacturer"; Value = "W¨¹rth Elektronik eiSos GmbH"; VariantName = "[No Variations]"
Add component (AddParameter): Name = "NoPins"; Value = "02"; VariantName = "[No Variations]"
Add component (AddParameter): Name = "partNo"; Value = "613002143121"; VariantName = "[No Variations]"
Added Component: Designator=C18(Header3)
Add component (AddParameter): Name = "ComponentLink1 Description"; Value = "Manufacturer"; VariantName = "[No Variations]"
Add component (AddParameter): Name = "ComponentLink1URL"; Value = "http://www.we-online.com"; VariantName = "[No Variations]"
Add component (AddParameter): Name = "ComponentLink2 Description"; Value = "Datasheet"; VariantName = "[No Variations]"
Add component (AddParameter): Name = "ComponentLink2URL"; Value = "http://katalog.we-online.de/em/datasheet/6130xx143121.pdf"; VariantName = "[No Variations]"
Add component (AddParameter): Name = "Created by"; Value = "Karrer Zheng"; VariantName = "[No Variations]"
Add component (AddParameter): Name = "Created Date"; Value = "29 March 2013"; VariantName = "[No Variations]"
Add component (AddParameter): Name = "Manufacturer"; Value = "W¨¹rth Elektronik eiSos GmbH"; VariantName = "[No Variations]"
Add component (AddParameter): Name = "NoPins"; Value = "02"; VariantName = "[No Variations]"
Add component (AddParameter): Name = "partNo"; Value = "613002143121"; VariantName = "[No Variations]"
Added Component: Designator=C19(Header2)
Add component (AddParameter): Name = "ComponentLink1 Description"; Value = "Manufacturer"; VariantName = "[No Variations]"
Add component (AddParameter): Name = "ComponentLink1URL"; Value = "http://www.we-online.com"; VariantName = "[No Variations]"
Add component (AddParameter): Name = "ComponentLink2 Description"; Value = "Datasheet"; VariantName = "[No Variations]"
Add component (AddParameter): Name = "ComponentLink2URL"; Value = "http://katalog.we-online.de/em/datasheet/6130xx143121.pdf"; VariantName = "[No Variations]"
Add component (AddParameter): Name = "Created by"; Value = "Karrer Zheng"; VariantName = "[No Variations]"
Add component (AddParameter): Name = "Created Date"; Value = "29 March 2013"; VariantName = "[No Variations]"
Add component (AddParameter): Name = "Manufacturer"; Value = "W¨¹rth Elektronik eiSos GmbH"; VariantName = "[No Variations]"
Add component (AddParameter): Name = "NoPins"; Value = "02"; VariantName = "[No Variations]"
Add component (AddParameter): Name = "partNo"; Value = "613002143121"; VariantName = "[No Variations]"
Added Component: Designator=C20(Header2)
Add component (AddParameter): Name = "ComponentLink1 Description"; Value = "Manufacturer"; VariantName = "[No Variations]"
Add component (AddParameter): Name = "ComponentLink1URL"; Value = "http://www.we-online.com"; VariantName = "[No Variations]"
Add component (AddParameter): Name = "ComponentLink2 Description"; Value = "Datasheet"; VariantName = "[No Variations]"
Add component (AddParameter): Name = "ComponentLink2URL"; Value = "http://katalog.we-online.de/em/datasheet/6130xx143121.pdf"; VariantName = "[No Variations]"
Add component (AddParameter): Name = "Created by"; Value = "Karrer Zheng"; VariantName = "[No Variations]"
Add component (AddParameter): Name = "Created Date"; Value = "29 March 2013"; VariantName = "[No Variations]"
Add component (AddParameter): Name = "Manufacturer"; Value = "W¨¹rth Elektronik eiSos GmbH"; VariantName = "[No Variations]"
Add component (AddParameter): Name = "NoPins"; Value = "02"; VariantName = "[No Variations]"
Add component (AddParameter): Name = "partNo"; Value = "613002143121"; VariantName = "[No Variations]"
Added Component: Designator=C21(Header6)
Add component (AddParameter): Name = "ComponentLink1 Description"; Value = "Manufacturer"; VariantName = "[No Variations]"
Add component (AddParameter): Name = "ComponentLink1URL"; Value = "http://www.we-online.com"; VariantName = "[No Variations]"
Add component (AddParameter): Name = "ComponentLink2 Description"; Value = "Datasheet"; VariantName = "[No Variations]"
Add component (AddParameter): Name = "ComponentLink2URL"; Value = "http://katalog.we-online.de/em/datasheet/6130xx143121.pdf"; VariantName = "[No Variations]"
Add component (AddParameter): Name = "Created by"; Value = "Karrer Zheng"; VariantName = "[No Variations]"
Add component (AddParameter): Name = "Created Date"; Value = "29 March 2013"; VariantName = "[No Variations]"
Add component (AddParameter): Name = "Manufacturer"; Value = "W¨¹rth Elektronik eiSos GmbH"; VariantName = "[No Variations]"
Add component (AddParameter): Name = "NoPins"; Value = "02"; VariantName = "[No Variations]"
Add component (AddParameter): Name = "partNo"; Value = "613002143121"; VariantName = "[No Variations]"
Added Component: Designator=D1(DIODE 0.5A)
Add component (AddParameter): Name = "Chung_Loai"; Value = "C?m"; VariantName = "[No Variations]"
Add component (AddParameter): Name = "Don_Vi"; Value = "Con"; VariantName = "[No Variations]"
Add component (AddParameter): Name = "Ghi Chu"; Value = ""; VariantName = "[No Variations]"
Add component (AddParameter): Name = "Kieu_Chan"; Value = ""; VariantName = "[No Variations]"
Add component (AddParameter): Name = "Ma_Hang"; Value = "MH001065"; VariantName = "[No Variations]"
Add component (AddParameter): Name = "Ten_Linh_Kien"; Value = "Diode 1N4148 DO35 450mA 100V ( 1N4148 DIP)"; VariantName = "[No Variations]"
Added Component: Designator=D2(DIODE 0.5A)
Add component (AddParameter): Name = "Chung_Loai"; Value = "C?m"; VariantName = "[No Variations]"
Add component (AddParameter): Name = "Don_Vi"; Value = "Con"; VariantName = "[No Variations]"
Add component (AddParameter): Name = "Ghi Chu"; Value = ""; VariantName = "[No Variations]"
Add component (AddParameter): Name = "Kieu_Chan"; Value = ""; VariantName = "[No Variations]"
Add component (AddParameter): Name = "Ma_Hang"; Value = "MH001065"; VariantName = "[No Variations]"
Add component (AddParameter): Name = "Ten_Linh_Kien"; Value = "Diode 1N4148 DO35 450mA 100V ( 1N4148 DIP)"; VariantName = "[No Variations]"
Added Component: Designator=JACK DC1(JACK DC 5.5)
Add component (AddParameter): Name = "Value"; Value = "Jac DC"; VariantName = "[No Variations]"
Added Component: Designator=LED2(LED-3MM-BLUE)
Add component (AddParameter): Name = "Chung_Loai"; Value = "C?m"; VariantName = "[No Variations]"
Add component (AddParameter): Name = "Don_Vi"; Value = "Con"; VariantName = "[No Variations]"
Add component (AddParameter): Name = "Ghi_Chu"; Value = ""; VariantName = "[No Variations]"
Add component (AddParameter): Name = "Kieu_Chan"; Value = ""; VariantName = "[No Variations]"
Add component (AddParameter): Name = "Ma_Hang"; Value = "MH009003"; VariantName = "[No Variations]"
Add component (AddParameter): Name = "Ten_Linh_Kien"; Value = "LED 3MM Xanh Duong SS (1000c)"; VariantName = "[No Variations]"
Added Component: Designator=LED3(LED-3MM-BLUE)
Add component (AddParameter): Name = "Chung_Loai"; Value = "C?m"; VariantName = "[No Variations]"
Add component (AddParameter): Name = "Don_Vi"; Value = "Con"; VariantName = "[No Variations]"
Add component (AddParameter): Name = "Ghi_Chu"; Value = ""; VariantName = "[No Variations]"
Add component (AddParameter): Name = "Kieu_Chan"; Value = ""; VariantName = "[No Variations]"
Add component (AddParameter): Name = "Ma_Hang"; Value = "MH009003"; VariantName = "[No Variations]"
Add component (AddParameter): Name = "Ten_Linh_Kien"; Value = "LED 3MM Xanh Duong SS (1000c)"; VariantName = "[No Variations]"
Added Component: Designator=LED4(LED-3MM-BLUE)
Add component (AddParameter): Name = "Chung_Loai"; Value = "C?m"; VariantName = "[No Variations]"
Add component (AddParameter): Name = "Don_Vi"; Value = "Con"; VariantName = "[No Variations]"
Add component (AddParameter): Name = "Ghi_Chu"; Value = ""; VariantName = "[No Variations]"
Add component (AddParameter): Name = "Kieu_Chan"; Value = ""; VariantName = "[No Variations]"
Add component (AddParameter): Name = "Ma_Hang"; Value = "MH009003"; VariantName = "[No Variations]"
Add component (AddParameter): Name = "Ten_Linh_Kien"; Value = "LED 3MM Xanh Duong SS (1000c)"; VariantName = "[No Variations]"
Added Component: Designator=LED5(LED-3MM-BLUE)
Add component (AddParameter): Name = "Chung_Loai"; Value = "C?m"; VariantName = "[No Variations]"
Add component (AddParameter): Name = "Don_Vi"; Value = "Con"; VariantName = "[No Variations]"
Add component (AddParameter): Name = "Ghi_Chu"; Value = ""; VariantName = "[No Variations]"
Add component (AddParameter): Name = "Kieu_Chan"; Value = ""; VariantName = "[No Variations]"
Add component (AddParameter): Name = "Ma_Hang"; Value = "MH009003"; VariantName = "[No Variations]"
Add component (AddParameter): Name = "Ten_Linh_Kien"; Value = "LED 3MM Xanh Duong SS (1000c)"; VariantName = "[No Variations]"
Added Component: Designator=LED6(LED-3MM-BLUE)
Add component (AddParameter): Name = "Chung_Loai"; Value = "C?m"; VariantName = "[No Variations]"
Add component (AddParameter): Name = "Don_Vi"; Value = "Con"; VariantName = "[No Variations]"
Add component (AddParameter): Name = "Ghi_Chu"; Value = ""; VariantName = "[No Variations]"
Add component (AddParameter): Name = "Kieu_Chan"; Value = ""; VariantName = "[No Variations]"
Add component (AddParameter): Name = "Ma_Hang"; Value = "MH009003"; VariantName = "[No Variations]"
Add component (AddParameter): Name = "Ten_Linh_Kien"; Value = "LED 3MM Xanh Duong SS (1000c)"; VariantName = "[No Variations]"
Added Component: Designator=Q1(C1815_cam)
Add component (AddParameter): Name = "Value"; Value = "C1815"; VariantName = "[No Variations]"
Added Component: Designator=Q2(C1815_cam)
Add component (AddParameter): Name = "Value"; Value = "C1815"; VariantName = "[No Variations]"
Added Component: Designator=R2(R1/4W)
Add component (AddParameter): Name = "Value"; Value = "R1/4W - 1K"; VariantName = "[No Variations]"
Added Component: Designator=R4(R1/4W)
Add component (AddParameter): Name = "Value"; Value = "R1/4W - 1K"; VariantName = "[No Variations]"
Added Component: Designator=R6(R1/4W)
Add component (AddParameter): Name = "Value"; Value = "R1/4W - 1K"; VariantName = "[No Variations]"
Added Component: Designator=R7(R1/4W)
Add component (AddParameter): Name = "Value"; Value = "R1/4W - 1K"; VariantName = "[No Variations]"
Added Component: Designator=R8(R1/4W)
Add component (AddParameter): Name = "Value"; Value = "R1/4W - 1K"; VariantName = "[No Variations]"
Added Component: Designator=R9(R1/4W)
Add component (AddParameter): Name = "Value"; Value = "R1/4W - 1K"; VariantName = "[No Variations]"
Added Component: Designator=R10(R1/4W)
Add component (AddParameter): Name = "Value"; Value = "R1/4W - 1K"; VariantName = "[No Variations]"
Added Component: Designator=R11(R1/4W)
Add component (AddParameter): Name = "Value"; Value = "R1/4W - 1K"; VariantName = "[No Variations]"
Added Component: Designator=R12(R1/4W)
Add component (AddParameter): Name = "Value"; Value = "R1/4W - 1K"; VariantName = "[No Variations]"
Added Component: Designator=R13(R1/4W)
Add component (AddParameter): Name = "Value"; Value = "R1/4W - 1K"; VariantName = "[No Variations]"
Added Component: Designator=R14(R1/4W)
Add component (AddParameter): Name = "Value"; Value = "R1/4W - 1K"; VariantName = "[No Variations]"
Added Component: Designator=R15(R1/4W)
Add component (AddParameter): Name = "Value"; Value = "R1/4W - 1K"; VariantName = "[No Variations]"
Added Component: Designator=R16(R1/4W)
Add component (AddParameter): Name = "Value"; Value = "R1/4W - 1K"; VariantName = "[No Variations]"
Added Component: Designator=R17(R1/4W)
Add component (AddParameter): Name = "Value"; Value = "R1/4W - 1K"; VariantName = "[No Variations]"
Added Component: Designator=R18(R1/4W)
Add component (AddParameter): Name = "Value"; Value = "R1/4W - 1K"; VariantName = "[No Variations]"
Added Pin To Net: NetName=GND_ISO Pin=BUCK LM1-3
Added Pin To Net: NetName=VCC5_ISO Pin=BUCK LM1-4
Added Pin To Net: NetName=GND_ISO Pin=C1-1
Added Pin To Net: NetName=NetBT3_2 Pin=C1-2
Added Pin To Net: NetName=VCC5_ISO Pin=C1-3
Added Pin To Net: NetName=GND_ISO Pin=C2-1
Added Pin To Net: NetName=VCC5_ISO Pin=C2-3
Added Pin To Net: NetName=GND_ISO Pin=C4-2
Added Pin To Net: NetName=GND_ISO Pin=C5-1
Added Pin To Net: NetName=VCC5_ISO Pin=C5-3
Added Pin To Net: NetName=GND_ISO Pin=C6-1
Added Pin To Net: NetName=NetC6_2 Pin=C6-2
Added Pin To Net: NetName=VCC5_ISO Pin=C6-3
Added Pin To Net: NetName=GND_ISO Pin=C7-2
Added Pin To Net: NetName=GND_ISO Pin=C8-2
Added Pin To Net: NetName=GND_ISO Pin=C9-1
Added Pin To Net: NetName=VCC5_ISO Pin=C9-2
Added Pin To Net: NetName=GND_ISO Pin=C10-1
Added Pin To Net: NetName=GND_ISO Pin=C12-1
Added Pin To Net: NetName=VCC5_ISO Pin=C12-2
Added Pin To Net: NetName=GND_ISO Pin=C13-2
Added Pin To Net: NetName=GND_ISO Pin=C14-3
Added Pin To Net: NetName=GND_ISO Pin=C15-1
Added Pin To Net: NetName=VCC5_ISO Pin=C15-2
Added Pin To Net: NetName=GND_ISO Pin=C16-1
Added Pin To Net: NetName=VCC5_ISO Pin=C16-2
Added Pin To Net: NetName=VCC5_ISO Pin=C17-1
Added Pin To Net: NetName=GND_ISO Pin=C17-3
Added Pin To Net: NetName=VCC5_ISO Pin=C18-1
Added Pin To Net: NetName=GND_ISO Pin=C18-3
Added Pin To Net: NetName=GND_ISO Pin=C19-1
Added Pin To Net: NetName=GND_ISO Pin=C20-2
Added Pin To Net: NetName=GND_ISO Pin=C21-1
Added Pin To Net: NetName=VCC5_ISO Pin=C21-6
Added Pin To Net: NetName=VCC5_ISO Pin=D1-2
Added Pin To Net: NetName=VCC5_ISO Pin=D2-2
Added Pin To Net: NetName=VCC5_ISO Pin=LED2-1
Added Pin To Net: NetName=VCC5_ISO Pin=LED3-1
Added Pin To Net: NetName=NetLED3_2 Pin=LED3-2
Added Pin To Net: NetName=VCC5_ISO Pin=LED4-1
Added Pin To Net: NetName=VCC5_ISO Pin=LED5-1
Added Pin To Net: NetName=VCC5_ISO Pin=LED6-1
Added Pin To Net: NetName=GND_ISO Pin=Q1-1
Added Pin To Net: NetName=NetQ1_3 Pin=Q1-3
Added Pin To Net: NetName=GND_ISO Pin=Q2-1
Added Pin To Net: NetName=NetQ2_3 Pin=Q2-3
Added Pin To Net: NetName=VCC5_ISO Pin=R2-2
Added Pin To Net: NetName=VCC5_ISO Pin=R7-2
Added Pin To Net: NetName=NetC6_2 Pin=R8-1
Added Pin To Net: NetName=VCC5_ISO Pin=R8-2
Added Pin To Net: NetName=NetLED3_2 Pin=R9-2
Added Pin To Net: NetName=NetC6_2 Pin=R10-1
Added Pin To Net: NetName=NetC6_2 Pin=R12-2
Added Pin To Net: NetName=VCC5_ISO Pin=R13-1
Added Pin To Net: NetName=NetQ1_3 Pin=R15-2
Added Pin To Net: NetName=VCC5_ISO Pin=R16-1
Added Pin To Net: NetName=NetQ2_3 Pin=R18-2
Change Net Name : Old Net Name=GND_ISO New Net Name=GND
Change Net Name : Old Net Name=NetBT3_2 New Net Name=NetC1_2
Change Net Name : Old Net Name=NetLED5_2 New Net Name=NetLED1_2
Change Net Name : Old Net Name=VCC5_ISO New Net Name=VCC5
Added Pin To Net: NetName=ADC1 Pin=Arduino1-A6
Added Pin To Net: NetName=ADC1 Pin=C17-2
Added Net: Name=ADC1
Added Pin To Net: NetName=ADC2 Pin=Arduino1-A7
Added Pin To Net: NetName=ADC2 Pin=C18-2
Added Net: Name=ADC2
Added Pin To Net: NetName=NetBUCK LM1_2 Pin=BUCK LM1-2
Added Pin To Net: NetName=NetBUCK LM1_2 Pin=JACK DC1-2
Added Net: Name=NetBUCK LM1_2
Added Pin To Net: NetName=NetC2_2 Pin=C2-2
Added Pin To Net: NetName=NetC2_2 Pin=R2-1
Added Pin To Net: NetName=NetC2_2 Pin=R4-1
Added Pin To Net: NetName=NetC2_2 Pin=R6-2
Added Net: Name=NetC2_2
Added Pin To Net: NetName=NetC5_2 Pin=C5-2
Added Pin To Net: NetName=NetC5_2 Pin=R7-1
Added Pin To Net: NetName=NetC5_2 Pin=R9-1
Added Pin To Net: NetName=NetC5_2 Pin=R11-2
Added Net: Name=NetC5_2
Added Pin To Net: NetName=NetC13_1 Pin=C13-1
Added Pin To Net: NetName=NetC13_1 Pin=D1-1
Added Pin To Net: NetName=NetC13_1 Pin=Q1-2
Added Pin To Net: NetName=NetC13_1 Pin=R13-2
Added Pin To Net: NetName=NetC13_1 Pin=R14-2
Added Net: Name=NetC13_1
Added Pin To Net: NetName=NetC20_1 Pin=C20-1
Added Pin To Net: NetName=NetC20_1 Pin=D2-1
Added Pin To Net: NetName=NetC20_1 Pin=Q2-2
Added Pin To Net: NetName=NetC20_1 Pin=R16-2
Added Pin To Net: NetName=NetC20_1 Pin=R17-2
Added Net: Name=NetC20_1
Added Pin To Net: NetName=NetLED2_2 Pin=LED2-2
Added Pin To Net: NetName=NetLED2_2 Pin=R4-2
Added Net: Name=NetLED2_2
Added Pin To Net: NetName=NetLED4_2 Pin=LED4-2
Added Pin To Net: NetName=NetLED4_2 Pin=R10-2
Added Net: Name=NetLED4_2
Added Pin To Net: NetName=NetLED5_2 Pin=LED5-2
Added Pin To Net: NetName=NetLED5_2 Pin=R14-1
Added Net: Name=NetLED5_2
Added Pin To Net: NetName=NetLED6_2 Pin=LED6-2
Added Pin To Net: NetName=NetLED6_2 Pin=R17-1
Added Net: Name=NetLED6_2
Added Pin To Net: NetName=OUT_0 Pin=Arduino1-D12
Added Pin To Net: NetName=OUT_0 Pin=C21-5
Added Net: Name=OUT_0
Added Pin To Net: NetName=OUT_1 Pin=Arduino1-D13
Added Pin To Net: NetName=OUT_1 Pin=C21-4
Added Net: Name=OUT_1
Added Pin To Net: NetName=OUT_2 Pin=Arduino1-A2
Added Pin To Net: NetName=OUT_2 Pin=C21-3
Added Net: Name=OUT_2
Added Pin To Net: NetName=OUT_3 Pin=Arduino1-A3
Added Pin To Net: NetName=OUT_3 Pin=C21-2
Added Net: Name=OUT_3
Added Pin To Net: NetName=OUT_TTL_1 Pin=Arduino1-A0
Added Pin To Net: NetName=OUT_TTL_1 Pin=R15-1
Added Net: Name=OUT_TTL_1
Added Pin To Net: NetName=OUT_TTL_2 Pin=Arduino1-A1
Added Pin To Net: NetName=OUT_TTL_2 Pin=R18-1
Added Net: Name=OUT_TTL_2
Added Pin To Net: NetName=PWM1 Pin=Arduino1-D3
Added Pin To Net: NetName=PWM1 Pin=C14-1
Added Net: Name=PWM1
Added Pin To Net: NetName=PWM2 Pin=Arduino1-D5
Added Pin To Net: NetName=PWM2 Pin=C14-2
Added Net: Name=PWM2
Added Pin To Net: NetName=RX Pin=Arduino1-RX0
Added Pin To Net: NetName=RX Pin=C10-3
Added Net: Name=RX
Added Pin To Net: NetName=SERVO_0 Pin=Arduino1-D6
Added Pin To Net: NetName=SERVO_0 Pin=C9-3
Added Net: Name=SERVO_0
Added Pin To Net: NetName=SERVO_1 Pin=Arduino1-D9
Added Pin To Net: NetName=SERVO_1 Pin=C12-3
Added Net: Name=SERVO_1
Added Pin To Net: NetName=SERVO_2 Pin=Arduino1-D10
Added Pin To Net: NetName=SERVO_2 Pin=C15-3
Added Net: Name=SERVO_2
Added Pin To Net: NetName=SERVO_3 Pin=Arduino1-D11
Added Pin To Net: NetName=SERVO_3 Pin=C16-3
Added Net: Name=SERVO_3
Added Pin To Net: NetName=SS_0 Pin=Arduino1-D2
Added Pin To Net: NetName=SS_0 Pin=C4-1
Added Pin To Net: NetName=SS_0 Pin=R6-1
Added Net: Name=SS_0
Added Pin To Net: NetName=SS_1 Pin=Arduino1-D4
Added Pin To Net: NetName=SS_1 Pin=C3-1
Added Pin To Net: NetName=SS_1 Pin=R5-1
Added Net: Name=SS_1
Added Pin To Net: NetName=SS_2 Pin=Arduino1-D7
Added Pin To Net: NetName=SS_2 Pin=C7-1
Added Pin To Net: NetName=SS_2 Pin=R11-1
Added Net: Name=SS_2
Added Pin To Net: NetName=SS_3 Pin=Arduino1-D8
Added Pin To Net: NetName=SS_3 Pin=C8-1
Added Pin To Net: NetName=SS_3 Pin=R12-1
Added Net: Name=SS_3
Added Pin To Net: NetName=TX Pin=Arduino1-TX1
Added Pin To Net: NetName=TX Pin=C10-2
Added Net: Name=TX
Added Pin To Net: NetName=VCC12 Pin=BUCK LM1-1
Added Pin To Net: NetName=VCC12 Pin=JACK DC1-1
Added Net: Name=VCC12
Added Pin To Net: NetName=VCC33 Pin=Arduino1-3V3
Added Pin To Net: NetName=VCC33 Pin=C19-2
Added Net: Name=VCC33
Added Pin To Net: NetName=VCC Pin=C10-4
Added Pin To Net: NetName=VCC Pin=C11-3
Added Net: Name=VCC
Added Member To Class: ClassName=Sheet1 Member=Component BUCK LM1 Buck LM2596
Added Member To Class: ClassName=Sheet1 Member=Component C18 ADC2
Added Member To Class: ClassName=Sheet1 Member=Component C19 Header2
Added Member To Class: ClassName=Sheet1 Member=Component C20 Header2
Added Member To Class: ClassName=Sheet1 Member=Component C21 Header6
Added Room: Name=Sheet1
