Removed Pin From Net: NetName=OUT_2 Pin=Arduino1-A2
Removed Pin From Net: NetName=OUT_3 Pin=Arduino1-A3
Removed Pin From Net: NetName=SS_1 Pin=Arduino1-D2
Removed Pin From Net: NetName=SERVO_3 Pin=Arduino1-D6
Removed Pin From Net: NetName=OUT_0 Pin=Arduino1-D12
Removed Pin From Net: NetName=OUT_1 Pin=Arduino1-D13
Removed Pin From Net: NetName=GND Pin=C2-1
Removed Pin From Net: NetName=VCC5 Pin=C2-3
Removed Pin From Net: NetName=GND Pin=C4-2
Removed Pin From Net: NetName=GND Pin=C9-1
Removed Pin From Net: NetName=VCC5 Pin=C9-2
Removed Pin From Net: NetName=GND Pin=C10-1
Removed Pin From Net: NetName=VCC5 Pin=C10-4
Removed Pin From Net: NetName=GND Pin=C13-2
Removed Pin From Net: NetName=GND Pin=C14-3
Removed Pin From Net: NetName=VCC5 Pin=C17-1
Removed Pin From Net: NetName=GND Pin=C17-3
Removed Pin From Net: NetName=VCC5 Pin=C18-1
Removed Pin From Net: NetName=GND Pin=C18-3
Removed Pin From Net: NetName=GND Pin=C19-1
Removed Pin From Net: NetName=GND Pin=C20-2
Removed Pin From Net: NetName=VCC5 Pin=D1-2
Removed Pin From Net: NetName=VCC5 Pin=D2-2
Removed Pin From Net: NetName=VCC12 Pin=JACK DC1-1
Removed Pin From Net: NetName=GND12 Pin=JACK DC1-2
Removed Pin From Net: NetName=VCC5 Pin=LED2-1
Removed Pin From Net: NetName=VCC5 Pin=LED5-1
Removed Pin From Net: NetName=VCC5 Pin=LED6-1
Removed Pin From Net: NetName=GND Pin=Q1-1
Removed Pin From Net: NetName=GND Pin=Q2-1
Removed Pin From Net: NetName=VCC5 Pin=R2-2
Removed Pin From Net: NetName=VCC5 Pin=R13-1
Removed Pin From Net: NetName=VCC5 Pin=R16-1
Removed Member From Class: ClassName=Sheet1 Member=C16
Removed Member From Class: ClassName=Sheet1 Member=C17
Removed Member From Class: ClassName=Sheet1 Member=C18
Removed Member From Class: ClassName=Sheet1 Member=C19
Removed Member From Class: ClassName=Sheet1 Member=C20
Removed Member From Class: ClassName=Sheet1 Member=C21
Removed Member From Class: ClassName=Sheet1 Member=D1
Removed Member From Class: ClassName=Sheet1 Member=D2
Removed Member From Class: ClassName=Sheet1 Member=JACK DC1
Removed Member From Class: ClassName=Sheet1 Member=LED4
Removed Member From Class: ClassName=Sheet1 Member=LED5
Removed Member From Class: ClassName=Sheet1 Member=LED6
Removed Member From Class: ClassName=Sheet1 Member=Q1
Removed Member From Class: ClassName=Sheet1 Member=Q2
Removed Member From Class: ClassName=Sheet1 Member=R10
Removed Member From Class: ClassName=Sheet1 Member=R11
Removed Member From Class: ClassName=Sheet1 Member=R12
Removed Member From Class: ClassName=Sheet1 Member=R13
Removed Member From Class: ClassName=Sheet1 Member=R14
Removed Member From Class: ClassName=Sheet1 Member=R15
Removed Member From Class: ClassName=Sheet1 Member=R16
Removed Member From Class: ClassName=Sheet1 Member=R17
Removed Member From Class: ClassName=Sheet1 Member=R18
Change Component Designator: OldDesignator=C3 NewDesignator=C5
Change Component Designator: OldDesignator=C5 NewDesignator=C2
Change Component Designator: OldDesignator=C6 NewDesignator=C3
Change Component Designator: OldDesignator=C7 NewDesignator=C6
Change Component Designator: OldDesignator=C8 NewDesignator=C7
Change Component Designator: OldDesignator=C12 NewDesignator=C8
Change Component Designator: OldDesignator=C15 NewDesignator=C10
Change Component Designator: OldDesignator=C16 NewDesignator=C12
Change Component Designator: OldDesignator=C21 NewDesignator=C9
Change Component Designator: OldDesignator=LED3 NewDesignator=LED2
Change Component Designator: OldDesignator=LED4 NewDesignator=LED3
Change Component Designator: OldDesignator=R3 NewDesignator=R4
Change Component Designator: OldDesignator=R5 NewDesignator=R7
Change Component Designator: OldDesignator=R7 NewDesignator=R2
Change Component Designator: OldDesignator=R8 NewDesignator=R3
Change Component Designator: OldDesignator=R9 NewDesignator=R5
Change Component Designator: OldDesignator=R10 NewDesignator=R6
Change Component Designator: OldDesignator=R11 NewDesignator=R8
Change Component Designator: OldDesignator=R12 NewDesignator=R9
Added Component: Designator=C4(Header2)
Add component (AddParameter): Name = "ComponentLink1 Description"; Value = "Manufacturer"; VariantName = "[No Variations]"
Add component (AddParameter): Name = "ComponentLink1URL"; Value = "http://www.we-online.com"; VariantName = "[No Variations]"
Add component (AddParameter): Name = "ComponentLink2 Description"; Value = "Datasheet"; VariantName = "[No Variations]"
Add component (AddParameter): Name = "ComponentLink2URL"; Value = "http://katalog.we-online.de/em/datasheet/6130xx143121.pdf"; VariantName = "[No Variations]"
Add component (AddParameter): Name = "Created by"; Value = "Karrer Zheng"; VariantName = "[No Variations]"
Add component (AddParameter): Name = "Created Date"; Value = "29 March 2013"; VariantName = "[No Variations]"
Add component (AddParameter): Name = "Manufacturer"; Value = "W¨¹rth Elektronik eiSos GmbH"; VariantName = "[No Variations]"
Add component (AddParameter): Name = "NoPins"; Value = "02"; VariantName = "[No Variations]"
Add component (AddParameter): Name = "partNo"; Value = "613002143121"; VariantName = "[No Variations]"
Added Component: Designator=C13(Header4)
Add component (AddParameter): Name = "ComponentLink1 Description"; Value = "Manufacturer"; VariantName = "[No Variations]"
Add component (AddParameter): Name = "ComponentLink1URL"; Value = "http://www.we-online.com"; VariantName = "[No Variations]"
Add component (AddParameter): Name = "ComponentLink2 Description"; Value = "Datasheet"; VariantName = "[No Variations]"
Add component (AddParameter): Name = "ComponentLink2URL"; Value = "http://katalog.we-online.de/em/datasheet/6130xx143121.pdf"; VariantName = "[No Variations]"
Add component (AddParameter): Name = "Created by"; Value = "Karrer Zheng"; VariantName = "[No Variations]"
Add component (AddParameter): Name = "Created Date"; Value = "29 March 2013"; VariantName = "[No Variations]"
Add component (AddParameter): Name = "Manufacturer"; Value = "W¨¹rth Elektronik eiSos GmbH"; VariantName = "[No Variations]"
Add component (AddParameter): Name = "NoPins"; Value = "02"; VariantName = "[No Variations]"
Add component (AddParameter): Name = "partNo"; Value = "613002143121"; VariantName = "[No Variations]"
Added Component: Designator=C14(Header4)
Add component (AddParameter): Name = "ComponentLink1 Description"; Value = "Manufacturer"; VariantName = "[No Variations]"
Add component (AddParameter): Name = "ComponentLink1URL"; Value = "http://www.we-online.com"; VariantName = "[No Variations]"
Add component (AddParameter): Name = "ComponentLink2 Description"; Value = "Datasheet"; VariantName = "[No Variations]"
Add component (AddParameter): Name = "ComponentLink2URL"; Value = "http://katalog.we-online.de/em/datasheet/6130xx143121.pdf"; VariantName = "[No Variations]"
Add component (AddParameter): Name = "Created by"; Value = "Karrer Zheng"; VariantName = "[No Variations]"
Add component (AddParameter): Name = "Created Date"; Value = "29 March 2013"; VariantName = "[No Variations]"
Add component (AddParameter): Name = "Manufacturer"; Value = "W¨¹rth Elektronik eiSos GmbH"; VariantName = "[No Variations]"
Add component (AddParameter): Name = "NoPins"; Value = "02"; VariantName = "[No Variations]"
Add component (AddParameter): Name = "partNo"; Value = "613002143121"; VariantName = "[No Variations]"
Added Component: Designator=C15(Header2)
Add component (AddParameter): Name = "ComponentLink1 Description"; Value = "Manufacturer"; VariantName = "[No Variations]"
Add component (AddParameter): Name = "ComponentLink1URL"; Value = "http://www.we-online.com"; VariantName = "[No Variations]"
Add component (AddParameter): Name = "ComponentLink2 Description"; Value = "Datasheet"; VariantName = "[No Variations]"
Add component (AddParameter): Name = "ComponentLink2URL"; Value = "http://katalog.we-online.de/em/datasheet/6130xx143121.pdf"; VariantName = "[No Variations]"
Add component (AddParameter): Name = "Created by"; Value = "Karrer Zheng"; VariantName = "[No Variations]"
Add component (AddParameter): Name = "Created Date"; Value = "29 March 2013"; VariantName = "[No Variations]"
Add component (AddParameter): Name = "Manufacturer"; Value = "W¨¹rth Elektronik eiSos GmbH"; VariantName = "[No Variations]"
Add component (AddParameter): Name = "NoPins"; Value = "02"; VariantName = "[No Variations]"
Add component (AddParameter): Name = "partNo"; Value = "613002143121"; VariantName = "[No Variations]"
Added Component: Designator=JP1(Header10)
Add component (AddParameter): Name = "Value"; Value = "Connector 10"; VariantName = "[No Variations]"
Added Pin To Net: NetName=SS_1 Pin=Arduino1-D6
Added Pin To Net: NetName=GND12 Pin=C4-1
Added Pin To Net: NetName=VCC12 Pin=C4-2
Added Pin To Net: NetName=GND Pin=C13-1
Added Pin To Net: NetName=VCC5 Pin=C13-4
Added Pin To Net: NetName=GND Pin=C14-1
Added Pin To Net: NetName=VCC5 Pin=C14-4
Added Pin To Net: NetName=GND Pin=C15-1
Added Pin To Net: NetName=VCC5 Pin=C15-2
Change Net Name : Old Net Name=NetC5_2 New Net Name=NetC2_2
Change Net Name : Old Net Name=NetC6_2 New Net Name=NetC3_2
Change Net Name : Old Net Name=NetLED3_2 New Net Name=NetLED2_2
Change Net Name : Old Net Name=NetLED4_2 New Net Name=NetLED3_2
Added Pin To Net: NetName=3V3 Pin=Arduino1-3V3
Added Pin To Net: NetName=3V3 Pin=JP1-4
Added Net: Name=3V3
Added Pin To Net: NetName=A0 Pin=Arduino1-A0
Added Pin To Net: NetName=A0 Pin=JP1-5
Added Net: Name=A0
Added Pin To Net: NetName=A1 Pin=Arduino1-A1
Added Pin To Net: NetName=A1 Pin=JP1-6
Added Net: Name=A1
Added Pin To Net: NetName=A2 Pin=Arduino1-A2
Added Pin To Net: NetName=A2 Pin=JP1-7
Added Net: Name=A2
Added Pin To Net: NetName=A3 Pin=Arduino1-A3
Added Pin To Net: NetName=A3 Pin=JP1-8
Added Net: Name=A3
Added Pin To Net: NetName=A6 Pin=Arduino1-A6
Added Pin To Net: NetName=A6 Pin=JP1-9
Added Net: Name=A6
Added Pin To Net: NetName=A7 Pin=Arduino1-A7
Added Pin To Net: NetName=A7 Pin=JP1-10
Added Net: Name=A7
Added Pin To Net: NetName=D11 Pin=Arduino1-D11
Added Pin To Net: NetName=D11 Pin=JP1-1
Added Net: Name=D11
Added Pin To Net: NetName=D12 Pin=Arduino1-D12
Added Pin To Net: NetName=D12 Pin=JP1-2
Added Net: Name=D12
Added Pin To Net: NetName=D13 Pin=Arduino1-D13
Added Pin To Net: NetName=D13 Pin=JP1-3
Added Net: Name=D13
Added Pin To Net: NetName=ECHO Pin=Arduino1-D4
Added Pin To Net: NetName=ECHO Pin=C14-2
Added Net: Name=ECHO
Added Pin To Net: NetName=S_RX Pin=Arduino1-D2
Added Pin To Net: NetName=S_RX Pin=C13-2
Added Net: Name=S_RX
Added Pin To Net: NetName=S_TX Pin=Arduino1-D3
Added Pin To Net: NetName=S_TX Pin=C13-3
Added Net: Name=S_TX
Added Pin To Net: NetName=TRIG Pin=Arduino1-D5
Added Pin To Net: NetName=TRIG Pin=C14-3
Added Net: Name=TRIG
Added Member To Class: ClassName=Sheet1 Member=Component JP1 JP10
Added Room: Name=Sheet1
