Change Net Name : Old Net Name=NetBUCK LM1_2 New Net Name=GND12
Added Member To Class: ClassName=Sheet1 Member=Component C1 Sensor 01
Added Member To Class: ClassName=Sheet1 Member=Component C2 Sensor 0
Added Member To Class: ClassName=Sheet1 Member=Component C3 104
Added Member To Class: ClassName=Sheet1 Member=Component C4 104
Added Member To Class: ClassName=Sheet1 Member=Component C5 Sensor 02
Added Member To Class: ClassName=Sheet1 Member=Component C6 Sensor 03
Added Member To Class: ClassName=Sheet1 Member=Component C7 104
Added Member To Class: ClassName=Sheet1 Member=Component C8 104
Added Member To Class: ClassName=Sheet1 Member=Component C9 Servo_0
Added Member To Class: ClassName=Sheet1 Member=Component C10 USART_PC
Added Member To Class: ClassName=Sheet1 Member=Component C12 Servo_1
Added Member To Class: ClassName=Sheet1 Member=Component C13 Header2
Added Member To Class: ClassName=Sheet1 Member=Component C14 L298N
Added Member To Class: ClassName=Sheet1 Member=Component C15 Servo_2
Added Member To Class: ClassName=Sheet1 Member=Component C16 Servo_3
Added Member To Class: ClassName=Sheet1 Member=Component C17 ADC1
Added Member To Class: ClassName=Sheet1 Member=Component D1 100v
Added Member To Class: ClassName=Sheet1 Member=Component D2 100v
Added Member To Class: ClassName=Sheet1 Member=Component JACK DC1 JACK DC 5.5
Added Member To Class: ClassName=Sheet1 Member=Component LED1 LED 3mm
Added Member To Class: ClassName=Sheet1 Member=Component LED2 LED 3mm
Added Member To Class: ClassName=Sheet1 Member=Component LED3 LED 3mm
Added Member To Class: ClassName=Sheet1 Member=Component LED4 LED 3mm
Added Member To Class: ClassName=Sheet1 Member=Component LED5 LED 3mm
Added Member To Class: ClassName=Sheet1 Member=Component LED6 LED 3mm
Added Member To Class: ClassName=Sheet1 Member=Component Q1 C1815
Added Member To Class: ClassName=Sheet1 Member=Component Q2 C1815
Added Member To Class: ClassName=Sheet1 Member=Component R1 47K
Added Member To Class: ClassName=Sheet1 Member=Component R2 47K
Added Member To Class: ClassName=Sheet1 Member=Component R3 100R
Added Member To Class: ClassName=Sheet1 Member=Component R4 100R
Added Member To Class: ClassName=Sheet1 Member=Component R5 4.7K
Added Member To Class: ClassName=Sheet1 Member=Component R6 4.7K
Added Member To Class: ClassName=Sheet1 Member=Component R7 47K
Added Member To Class: ClassName=Sheet1 Member=Component R8 47K
Added Member To Class: ClassName=Sheet1 Member=Component R9 100R
Added Member To Class: ClassName=Sheet1 Member=Component R10 100R
Added Member To Class: ClassName=Sheet1 Member=Component R11 4.7K
Added Member To Class: ClassName=Sheet1 Member=Component R12 4.7K
Added Member To Class: ClassName=Sheet1 Member=Component R13 510R
Added Member To Class: ClassName=Sheet1 Member=Component R14 510R
Added Member To Class: ClassName=Sheet1 Member=Component R15 510R
Added Member To Class: ClassName=Sheet1 Member=Component R16 510R
Added Member To Class: ClassName=Sheet1 Member=Component R17 510R
Added Member To Class: ClassName=Sheet1 Member=Component R18 510R
Added Room: Name=Sheet1
