Removed Pin From Net: NetName=D12 Pin=JP1-1
Removed Pin From Net: NetName=D11 Pin=JP1-2
Removed Pin From Net: NetName=D13 Pin=JP1-3
Removed Pin From Net: NetName=3V3 Pin=JP1-4
Removed Pin From Net: NetName=A0 Pin=JP1-5
Removed Pin From Net: NetName=A1 Pin=JP1-6
Removed Pin From Net: NetName=A2 Pin=JP1-7
Removed Pin From Net: NetName=A3 Pin=JP1-8
Removed Pin From Net: NetName=A6 Pin=JP1-9
Removed Pin From Net: NetName=A7 Pin=JP1-10
Added Pin To Net: NetName=A7 Pin=JP1-1
Added Pin To Net: NetName=A6 Pin=JP1-2
Added Pin To Net: NetName=A3 Pin=JP1-3
Added Pin To Net: NetName=A2 Pin=JP1-4
Added Pin To Net: NetName=A1 Pin=JP1-5
Added Pin To Net: NetName=A0 Pin=JP1-6
Added Pin To Net: NetName=3V3 Pin=JP1-7
Added Pin To Net: NetName=D13 Pin=JP1-8
Added Pin To Net: NetName=D11 Pin=JP1-9
Added Pin To Net: NetName=D12 Pin=JP1-10
