Removed Pin From Net: NetName=GND Pin=C9-1
Removed Pin From Net: NetName=VCC5 Pin=C9-6
Added Member To Class: ClassName=Sheet1 Member=Component C2 Sensor 02
Added Member To Class: ClassName=Sheet1 Member=Component C3 Sensor 03
Added Member To Class: ClassName=Sheet1 Member=Component C4 Header2
Added Member To Class: ClassName=Sheet1 Member=Component C5 104
Added Member To Class: ClassName=Sheet1 Member=Component C7 104
Added Member To Class: ClassName=Sheet1 Member=Component C10 Servo_2
Added Member To Class: ClassName=Sheet1 Member=Component C12 Servo_3
Added Member To Class: ClassName=Sheet1 Member=Component C13 SR04
Added Member To Class: ClassName=Sheet1 Member=Component C14 SR04
Added Member To Class: ClassName=Sheet1 Member=Component C15 Header2
Added Member To Class: ClassName=Sheet1 Member=Component LED2 LED 3mm
Added Member To Class: ClassName=Sheet1 Member=Component LED3 LED 3mm
Added Member To Class: ClassName=Sheet1 Member=Component R2 47K
Added Member To Class: ClassName=Sheet1 Member=Component R4 100R
Added Member To Class: ClassName=Sheet1 Member=Component R6 100R
Added Member To Class: ClassName=Sheet1 Member=Component R8 4.7K
Added Member To Class: ClassName=Sheet1 Member=Component R9 4.7K
Added Room: Name=Sheet1
