Removed Pin From Net: NetName=VCC5 Pin=HD1-1
Removed Pin From Net: NetName=RS485_B- Pin=HD1-2
Removed Pin From Net: NetName=RS485_A+ Pin=HD1-3
Removed Pin From Net: NetName=GND Pin=HD1-4
Added Component: Designator=C6(Header4)
Add component (AddParameter): Name = "ComponentLink1 Description"; Value = "Manufacturer"; VariantName = "[No Variations]"
Add component (AddParameter): Name = "ComponentLink1URL"; Value = "http://www.we-online.com"; VariantName = "[No Variations]"
Add component (AddParameter): Name = "ComponentLink2 Description"; Value = "Datasheet"; VariantName = "[No Variations]"
Add component (AddParameter): Name = "ComponentLink2URL"; Value = "http://katalog.we-online.de/em/datasheet/6130xx143121.pdf"; VariantName = "[No Variations]"
Add component (AddParameter): Name = "Created by"; Value = "Karrer Zheng"; VariantName = "[No Variations]"
Add component (AddParameter): Name = "Created Date"; Value = "29 March 2013"; VariantName = "[No Variations]"
Add component (AddParameter): Name = "Manufacturer"; Value = "W¨¹rth Elektronik eiSos GmbH"; VariantName = "[No Variations]"
Add component (AddParameter): Name = "NoPins"; Value = "02"; VariantName = "[No Variations]"
Add component (AddParameter): Name = "partNo"; Value = "613002143121"; VariantName = "[No Variations]"
Added Pin To Net: NetName=VCC5 Pin=C6-1
Added Pin To Net: NetName=RS485_B- Pin=C6-2
Added Pin To Net: NetName=RS485_A+ Pin=C6-3
Added Pin To Net: NetName=GND Pin=C6-4
Added Member To Class: ClassName=Sheet1 Member=Component C1 Header2
Added Member To Class: ClassName=Sheet1 Member=Component C2 104
Added Member To Class: ClassName=Sheet1 Member=Component C4 Header2
Added Member To Class: ClassName=Sheet1 Member=Component C5 LCD_I2C
Added Member To Class: ClassName=Sheet1 Member=Component C6 LCD_I2C
Added Room: Name=Sheet1
