Change Component Designator: Old Designator=C2 New Designator=C1
Change Component Designator: Old Designator=C3 New Designator=C2
Change Component Designator: Old Designator=C4 New Designator=C3
Change Component Designator: Old Designator=C5 New Designator=C4
Change Component Designator: Old Designator=C6 New Designator=C5
Change Component Designator: Old Designator=C7 New Designator=C6
Change Component Designator: Old Designator=C8 New Designator=C7
Change Component Designator: Old Designator=C9 New Designator=C8
Change Component Designator: Old Designator=C10 New Designator=C9
Change Component Designator: Old Designator=C12 New Designator=C10
Change Component Designator: Old Designator=C13 New Designator=C11
Change Component Designator: Old Designator=C13 New Designator=C14
Change Component Designator: Old Designator=C16 New Designator=C12
Change Component Designator: Old Designator=C18 New Designator=C15
Change Component Designator: Old Designator=C19 New Designator=C13
Change Component Designator: Old Designator=D1 New Designator=D7
Change Component Designator: Old Designator=JP? New Designator=JP1
Change Component Designator: Old Designator=JP? New Designator=JP2
Change Component Designator: Old Designator=LED3 New Designator=LED14
Change Component Designator: Old Designator=LED10 New Designator=LED13
Change Component Designator: Old Designator=Q1 New Designator=Q7
Change Component Designator: Old Designator=R5 New Designator=R40
Change Component Designator: Old Designator=R9 New Designator=R41
Change Component Designator: Old Designator=R11 New Designator=R42
Change Component Designator: Old Designator=R26 New Designator=R37
Change Component Designator: Old Designator=R28 New Designator=R38
Change Component Designator: Old Designator=R31 New Designator=R39
Change Component Designator: Old Designator=RL1 New Designator=RL7
Change Component Designator: Old Designator=U1 New Designator=U8
