Removed Pin From Net: NetName=RELAY_1 Pin=Arduino1-D8
Removed Pin From Net: NetName=RELAY_2 Pin=Arduino1-D9
Removed Pin From Net: NetName=RELAY_3 Pin=Arduino1-D10
Removed Pin From Net: NetName=RELAY_4 Pin=Arduino1-D11
Removed Pin From Net: NetName=RELAY_5 Pin=Arduino1-D12
Removed Pin From Net: NetName=VCC5 Pin=C4-1
Removed Pin From Net: NetName=GND Pin=C4-2
Removed Pin From Net: NetName=GND Pin=HILINK1-3
Removed Pin From Net: NetName=VCC5 Pin=HILINK1-4
Removed Pin From Net: NetName=VCC5_ISO Pin=LED1-1
Removed Pin From Net: NetName=VCC5_ISO Pin=R1-2
Removed Pin From Net: NetName=GND_ISO Pin=U2-2
Removed Pin From Net: NetName=VCC5_ISO Pin=U2-3
Removed Member From Class: ClassName=Sheet1 Member=C4
Removed Member From Class: ClassName=Sheet1 Member=C5
Removed Member From Class: ClassName=Sheet1 Member=F1
Removed Member From Class: ClassName=Sheet1 Member=FL1
Removed Member From Class: ClassName=Sheet1 Member=HILINK1
Removed Member From Class: ClassName=Sheet1 Member=JP3
Removed Member From Class: ClassName=Sheet1 Member=LED1
Removed Member From Class: ClassName=Sheet1 Member=R1
Removed Member From Class: ClassName=Sheet1 Member=RV1
Added Component: Designator=BT1(Nut Nhan 4 Chan Cam 6x6)
Add component (AddParameter): Name = "Ma_Hang"; Value = "MH004584"; VariantName = "[No Variations]"
Add component (AddParameter): Name = "Ten"; Value = "Nút Nh?n 4 Chân 6x6x5MM DIP"; VariantName = "[No Variations]"
Added Component: Designator=C3(Header2)
Add component (AddParameter): Name = "ComponentLink1 Description"; Value = "Manufacturer"; VariantName = "[No Variations]"
Add component (AddParameter): Name = "ComponentLink1URL"; Value = "http://www.we-online.com"; VariantName = "[No Variations]"
Add component (AddParameter): Name = "ComponentLink2 Description"; Value = "Datasheet"; VariantName = "[No Variations]"
Add component (AddParameter): Name = "ComponentLink2URL"; Value = "http://katalog.we-online.de/em/datasheet/6130xx143121.pdf"; VariantName = "[No Variations]"
Add component (AddParameter): Name = "Created by"; Value = "Karrer Zheng"; VariantName = "[No Variations]"
Add component (AddParameter): Name = "Created Date"; Value = "29 March 2013"; VariantName = "[No Variations]"
Add component (AddParameter): Name = "Manufacturer"; Value = "W¨¹rth Elektronik eiSos GmbH"; VariantName = "[No Variations]"
Add component (AddParameter): Name = "NoPins"; Value = "02"; VariantName = "[No Variations]"
Add component (AddParameter): Name = "partNo"; Value = "613002143121"; VariantName = "[No Variations]"
Added Component: Designator=C3(Header2)
Add component (AddParameter): Name = "ComponentLink1 Description"; Value = "Manufacturer"; VariantName = "[No Variations]"
Add component (AddParameter): Name = "ComponentLink1URL"; Value = "http://www.we-online.com"; VariantName = "[No Variations]"
Add component (AddParameter): Name = "ComponentLink2 Description"; Value = "Datasheet"; VariantName = "[No Variations]"
Add component (AddParameter): Name = "ComponentLink2URL"; Value = "http://katalog.we-online.de/em/datasheet/6130xx143121.pdf"; VariantName = "[No Variations]"
Add component (AddParameter): Name = "Created by"; Value = "Karrer Zheng"; VariantName = "[No Variations]"
Add component (AddParameter): Name = "Created Date"; Value = "29 March 2013"; VariantName = "[No Variations]"
Add component (AddParameter): Name = "Manufacturer"; Value = "W¨¹rth Elektronik eiSos GmbH"; VariantName = "[No Variations]"
Add component (AddParameter): Name = "NoPins"; Value = "02"; VariantName = "[No Variations]"
Add component (AddParameter): Name = "partNo"; Value = "613002143121"; VariantName = "[No Variations]"
Added Component: Designator=C6(tu gom)
Add component (AddParameter): Name = "Chung_Loai"; Value = "C?m"; VariantName = "[No Variations]"
Add component (AddParameter): Name = "Don_Vi"; Value = "Con"; VariantName = "[No Variations]"
Add component (AddParameter): Name = "Kieu_Chan"; Value = ""; VariantName = "[No Variations]"
Add component (AddParameter): Name = "Ma_Hang"; Value = "MH004761"; VariantName = "[No Variations]"
Add component (AddParameter): Name = "So_Chan"; Value = "2"; VariantName = "[No Variations]"
Add component (AddParameter): Name = "Ten_Linh_Kien"; Value = "T? g?m 104 100nF 50V"; VariantName = "[No Variations]"
Added Component: Designator=C6(tu gom)
Add component (AddParameter): Name = "Chung_Loai"; Value = "C?m"; VariantName = "[No Variations]"
Add component (AddParameter): Name = "Don_Vi"; Value = "Con"; VariantName = "[No Variations]"
Add component (AddParameter): Name = "Kieu_Chan"; Value = ""; VariantName = "[No Variations]"
Add component (AddParameter): Name = "Ma_Hang"; Value = "MH004761"; VariantName = "[No Variations]"
Add component (AddParameter): Name = "So_Chan"; Value = "2"; VariantName = "[No Variations]"
Add component (AddParameter): Name = "Ten_Linh_Kien"; Value = "T? g?m 104 100nF 50V"; VariantName = "[No Variations]"
Added Component: Designator=C7(tu gom)
Add component (AddParameter): Name = "Chung_Loai"; Value = "C?m"; VariantName = "[No Variations]"
Add component (AddParameter): Name = "Don_Vi"; Value = "Con"; VariantName = "[No Variations]"
Add component (AddParameter): Name = "Kieu_Chan"; Value = ""; VariantName = "[No Variations]"
Add component (AddParameter): Name = "Ma_Hang"; Value = "MH004761"; VariantName = "[No Variations]"
Add component (AddParameter): Name = "So_Chan"; Value = "2"; VariantName = "[No Variations]"
Add component (AddParameter): Name = "Ten_Linh_Kien"; Value = "T? g?m 104 100nF 50V"; VariantName = "[No Variations]"
Added Component: Designator=D2(DIODE 0.5A)
Add component (AddParameter): Name = "Chung_Loai"; Value = "C?m"; VariantName = "[No Variations]"
Add component (AddParameter): Name = "Don_Vi"; Value = "Con"; VariantName = "[No Variations]"
Add component (AddParameter): Name = "Ghi Chu"; Value = ""; VariantName = "[No Variations]"
Add component (AddParameter): Name = "Kieu_Chan"; Value = ""; VariantName = "[No Variations]"
Add component (AddParameter): Name = "Ma_Hang"; Value = "MH001065"; VariantName = "[No Variations]"
Add component (AddParameter): Name = "Ten_Linh_Kien"; Value = "Diode 1N4148 DO35 450mA 100V ( 1N4148 DIP)"; VariantName = "[No Variations]"
Added Component: Designator=JACK DC?(JACK DC 5.5)
Add component (AddParameter): Name = "Value"; Value = "Jac DC"; VariantName = "[No Variations]"
Added Component: Designator=JP2(HED2)
Add component (AddParameter): Name = "Class"; Value = "Connector"; VariantName = "[No Variations]"
Add component (AddParameter): Name = "Manufacturer"; Value = "Generic Components"; VariantName = "[No Variations]"
Add component (AddParameter): Name = "Value"; Value = "Header 2"; VariantName = "[No Variations]"
Added Component: Designator=LED3(LED-3MM-BLUE)
Add component (AddParameter): Name = "Chung_Loai"; Value = "C?m"; VariantName = "[No Variations]"
Add component (AddParameter): Name = "Don_Vi"; Value = "Con"; VariantName = "[No Variations]"
Add component (AddParameter): Name = "Ghi_Chu"; Value = ""; VariantName = "[No Variations]"
Add component (AddParameter): Name = "Kieu_Chan"; Value = ""; VariantName = "[No Variations]"
Add component (AddParameter): Name = "Ma_Hang"; Value = "MH009003"; VariantName = "[No Variations]"
Add component (AddParameter): Name = "Ten_Linh_Kien"; Value = "LED 3MM Xanh Duong SS (1000c)"; VariantName = "[No Variations]"
Added Component: Designator=LED3(LED-3MM-BLUE)
Add component (AddParameter): Name = "Chung_Loai"; Value = "C?m"; VariantName = "[No Variations]"
Add component (AddParameter): Name = "Don_Vi"; Value = "Con"; VariantName = "[No Variations]"
Add component (AddParameter): Name = "Ghi_Chu"; Value = ""; VariantName = "[No Variations]"
Add component (AddParameter): Name = "Kieu_Chan"; Value = ""; VariantName = "[No Variations]"
Add component (AddParameter): Name = "Ma_Hang"; Value = "MH009003"; VariantName = "[No Variations]"
Add component (AddParameter): Name = "Ten_Linh_Kien"; Value = "LED 3MM Xanh Duong SS (1000c)"; VariantName = "[No Variations]"
Added Component: Designator=Q2(C1815_cam)
Add component (AddParameter): Name = "Value"; Value = "C1815"; VariantName = "[No Variations]"
Added Component: Designator=R3(R1/4W)
Add component (AddParameter): Name = "Value"; Value = "R1/4W - 1K"; VariantName = "[No Variations]"
Added Component: Designator=R5(R1/4W)
Add component (AddParameter): Name = "Value"; Value = "R1/4W - 1K"; VariantName = "[No Variations]"
Added Component: Designator=R6(R1/4W)
Add component (AddParameter): Name = "Value"; Value = "R1/4W - 1K"; VariantName = "[No Variations]"
Added Component: Designator=R7(R1/4W)
Add component (AddParameter): Name = "Value"; Value = "R1/4W - 1K"; VariantName = "[No Variations]"
Added Component: Designator=R10(R1/4W)
Add component (AddParameter): Name = "Value"; Value = "R1/4W - 1K"; VariantName = "[No Variations]"
Added Component: Designator=RL2(RELAY_SRA_05VDC_CL)
Add component (AddParameter): Name = "Ma_Hang"; Value = "MH009374"; VariantName = "[No Variations]"
Add component (AddParameter): Name = "Ten"; Value = "Relay 5V10A SRD-05VDC-SL-C Chính Hãng"; VariantName = "[No Variations]"
Added Component: Designator=U2(DIP4/W0.3)
Add component (AddParameter): Name = "Value"; Value = "PC817"; VariantName = "[No Variations]"
Added Component: Designator=UN1(QTO-220H2)
Add component (AddParameter): Name = "ComponentLink1Description"; Value = "Manufacturer Link"; VariantName = "[No Variations]"
Add component (AddParameter): Name = "ComponentLink1URL"; Value = "http://www.st.com/"; VariantName = "[No Variations]"
Add component (AddParameter): Name = "ComponentLink2Description"; Value = "Datasheet"; VariantName = "[No Variations]"
Add component (AddParameter): Name = "ComponentLink2URL"; Value = "http://www.st.com/stonline/products/literature/ds/2146/l78m05c.pdf"; VariantName = "[No Variations]"
Add component (AddParameter): Name = "DatasheetVersion"; Value = "Apr-1994"; VariantName = "[No Variations]"
Add component (AddParameter): Name = "LatestRevisionDate"; Value = "17-Jul-2002"; VariantName = "[No Variations]"
Add component (AddParameter): Name = "LatestRevisionNote"; Value = "Re-released for DXP Platform."; VariantName = "[No Variations]"
Add component (AddParameter): Name = "Note"; Value = "Tab is connected to pin 3 (GND)."; VariantName = "[No Variations]"
Add component (AddParameter): Name = "PackageDescription"; Value = "TO, Thru-Hole, Vertical, Heatsink Mounted; 3 In-Line Leads; Pitch 2.54 mm; Pin sequence 1, 3, 2"; VariantName = "[No Variations]"
Add component (AddParameter): Name = "PackageReference"; Value = "ISOWATT220AB"; VariantName = "[No Variations]"
Add component (AddParameter): Name = "PackageVersion"; Value = "Jul-1998"; VariantName = "[No Variations]"
Add component (AddParameter): Name = "Published"; Value = "24-Aug-2001"; VariantName = "[No Variations]"
Add component (AddParameter): Name = "Publisher"; Value = "Altium Limited"; VariantName = "[No Variations]"
Added Pin To Net: NetName=RELAY_1 Pin=Arduino1-D7
Added Pin To Net: NetName=RELAY_2 Pin=Arduino1-D8
Added Pin To Net: NetName=RELAY_3 Pin=Arduino1-D9
Added Pin To Net: NetName=RELAY_4 Pin=Arduino1-D10
Added Pin To Net: NetName=RELAY_5 Pin=Arduino1-D11
Added Pin To Net: NetName=GND_ISO Pin=BT1-1
Added Pin To Net: NetName=GND_ISO Pin=BT1-1
Added Pin To Net: NetName=GND_ISO Pin=C3-1
Added Pin To Net: NetName=GND Pin=C3-1
Added Pin To Net: NetName=GND_ISO Pin=C6-2
Added Pin To Net: NetName=GND Pin=C6-2
Added Pin To Net: NetName=VCC5 Pin=C7-1
Added Pin To Net: NetName=GND Pin=C7-2
Added Pin To Net: NetName=VCC5 Pin=D2-1
Added Pin To Net: NetName=GND Pin=JACK DC?-2
Added Pin To Net: NetName=VCC5_ISO Pin=LED3-1
Added Pin To Net: NetName=GND_ISO Pin=LED3-2
Added Pin To Net: NetName=GND Pin=Q2-1
Added Pin To Net: NetName=VCC5_ISO Pin=R6-2
Added Pin To Net: NetName=VCC5 Pin=RL2-3
Added Pin To Net: NetName=VCC5 Pin=U2-4
Added Pin To Net: NetName=GND Pin=UN1-2
Added Pin To Net: NetName=VCC5 Pin=UN1-3
Added Pin To Net: NetName=DOWN Pin=Arduino1-D5
Added Pin To Net: NetName=DOWN Pin=C6-1
Added Pin To Net: NetName=DOWN Pin=R10-1
Added Net: Name=DOWN
Added Pin To Net: NetName=ENTER Pin=Arduino1-D2
Added Pin To Net: NetName=ENTER Pin=C14-1
Added Pin To Net: NetName=ENTER Pin=R24-1
Added Net: Name=ENTER
Added Pin To Net: NetName=LEFT Pin=Arduino1-D4
Added Pin To Net: NetName=LEFT Pin=C9-1
Added Pin To Net: NetName=LEFT Pin=R15-1
Added Net: Name=LEFT
Added Pin To Net: NetName=NetC3_2 Pin=C3-2
Added Pin To Net: NetName=NetC3_2 Pin=C6-1
Added Pin To Net: NetName=NetC3_2 Pin=JACK DC?-1
Added Pin To Net: NetName=NetC3_2 Pin=UN1-1
Added Net: Name=NetC3_2
Added Pin To Net: NetName=NetLED3_1 Pin=LED3-1
Added Pin To Net: NetName=NetLED3_1 Pin=U2-2
Added Net: Name=NetLED3_1
Added Pin To Net: NetName=NetR3_2 Pin=R3-2
Added Pin To Net: NetName=NetR3_2 Pin=U2-1
Added Net: Name=NetR3_2
Added Pin To Net: NetName=NetR5_1 Pin=R5-1
Added Pin To Net: NetName=NetR5_1 Pin=U2-3
Added Net: Name=NetR5_1
Added Pin To Net: NetName=RELAY_6 Pin=Arduino1-D12
Added Pin To Net: NetName=RELAY_6 Pin=R3-1
Added Net: Name=RELAY_6
Added Pin To Net: NetName=RIGHT Pin=Arduino1-D3
Added Pin To Net: NetName=RIGHT Pin=C12-1
Added Pin To Net: NetName=RIGHT Pin=R20-1
Added Net: Name=RIGHT
Added Pin To Net: NetName=UP Pin=Arduino1-D6
Added Pin To Net: NetName=UP Pin=C6-1
Added Pin To Net: NetName=UP Pin=R10-1
Added Net: Name=UP
Added Member To Class: ClassName=Sheet1 Member=Component BT1 SET_CLOSE
Added Member To Class: ClassName=Sheet1 Member=Component C3 Header2
Added Member To Class: ClassName=Sheet1 Member=Component C3 Header2
Added Member To Class: ClassName=Sheet1 Member=Component C6 104
Added Member To Class: ClassName=Sheet1 Member=Component C6 104
Added Member To Class: ClassName=Sheet1 Member=Component C7 104
Added Member To Class: ClassName=Sheet1 Member=Component D2 100v
Added Member To Class: ClassName=Sheet1 Member=Component JACK DC? JACK DC 5.5
Added Member To Class: ClassName=Sheet1 Member=Component JP2 Header 2_1
Added Member To Class: ClassName=Sheet1 Member=Component LED3 LED 3mm
Added Member To Class: ClassName=Sheet1 Member=Component LED3 LED 3mm
Added Member To Class: ClassName=Sheet1 Member=Component Q2 C1815
Added Member To Class: ClassName=Sheet1 Member=Component R6 47K
Added Member To Class: ClassName=Sheet1 Member=Component R7 100R
Added Member To Class: ClassName=Sheet1 Member=Component R10 4.7K
Added Member To Class: ClassName=Sheet1 Member=Component RL2 Relay
Added Member To Class: ClassName=Sheet1 Member=Component UN1 L78M05CP
