Removed Pin From Net: NetName=GND_ISO Pin=C10-1
Removed Pin From Net: NetName=VCC33_ISO Pin=C10-3
Removed Pin From Net: NetName=GND_ISO Pin=C11-1
Removed Pin From Net: NetName=VCC33_ISO Pin=C11-3
Removed Pin From Net: NetName=GND_ISO Pin=C19-1
Removed Pin From Net: NetName=VCC5_ISO Pin=C19-4
Removed Pin From Net: NetName=VCC5 Pin=D2-2
Removed Pin From Net: NetName=VCC5 Pin=D4-2
Removed Pin From Net: NetName=VCC5 Pin=D6-2
Removed Pin From Net: NetName=VCC5 Pin=LED4-1
Removed Pin From Net: NetName=VCC5 Pin=LED8-1
Removed Pin From Net: NetName=VCC5 Pin=LED12-1
Removed Pin From Net: NetName=COM_O_1 Pin=P2-1
Removed Pin From Net: NetName=OUT_RL3 Pin=P2-2
Removed Pin From Net: NetName=OUT_RL2 Pin=P2-3
Removed Pin From Net: NetName=OUT_RL1 Pin=P2-4
Removed Pin From Net: NetName=GND_ISO Pin=P3-1
Removed Pin From Net: NetName=OUT_BTN_6 Pin=P3-2
Removed Pin From Net: NetName=OUT_BTN_5 Pin=P3-3
Removed Pin From Net: NetName=OUT_BTN_4 Pin=P3-4
Removed Pin From Net: NetName=GND_ISO Pin=P3-5
Removed Pin From Net: NetName=OUT_BTN_3 Pin=P3-6
Removed Pin From Net: NetName=OUT_BTN_2 Pin=P3-7
Removed Pin From Net: NetName=OUT_BTN_1 Pin=P3-8
Removed Pin From Net: NetName=GND Pin=Q2-1
Removed Pin From Net: NetName=GND Pin=Q4-1
Removed Pin From Net: NetName=GND Pin=Q6-1
Removed Pin From Net: NetName=VCC5 Pin=RL2-3
Removed Pin From Net: NetName=VCC5 Pin=RL4-3
Removed Pin From Net: NetName=VCC5 Pin=RL6-3
Removed Pin From Net: NetName=GND_ISO Pin=U2-2
Removed Pin From Net: NetName=VCC5 Pin=U2-4
Removed Pin From Net: NetName=GND_ISO Pin=U4-2
Removed Pin From Net: NetName=VCC5 Pin=U4-4
Removed Pin From Net: NetName=GND_ISO Pin=U6-2
Removed Pin From Net: NetName=VCC5 Pin=U6-4
Removed Member From Class: ClassName=Sheet1 Member=D4
Removed Member From Class: ClassName=Sheet1 Member=D5
Removed Member From Class: ClassName=Sheet1 Member=D6
Removed Member From Class: ClassName=Sheet1 Member=LED10
Removed Member From Class: ClassName=Sheet1 Member=LED11
Removed Member From Class: ClassName=Sheet1 Member=LED12
Removed Member From Class: ClassName=Sheet1 Member=P2
Removed Member From Class: ClassName=Sheet1 Member=P3
Removed Member From Class: ClassName=Sheet1 Member=Q4
Removed Member From Class: ClassName=Sheet1 Member=Q5
Removed Member From Class: ClassName=Sheet1 Member=Q6
Removed Member From Class: ClassName=Sheet1 Member=R28
Removed Member From Class: ClassName=Sheet1 Member=R29
Removed Member From Class: ClassName=Sheet1 Member=R30
Removed Member From Class: ClassName=Sheet1 Member=R31
Removed Member From Class: ClassName=Sheet1 Member=R32
Removed Member From Class: ClassName=Sheet1 Member=R33
Removed Member From Class: ClassName=Sheet1 Member=R34
Removed Member From Class: ClassName=Sheet1 Member=R35
Removed Member From Class: ClassName=Sheet1 Member=R36
Removed Member From Class: ClassName=Sheet1 Member=RL4
Removed Member From Class: ClassName=Sheet1 Member=RL5
Removed Member From Class: ClassName=Sheet1 Member=RL6
Removed Member From Class: ClassName=Sheet1 Member=U5
Removed Member From Class: ClassName=Sheet1 Member=U6
Removed Member From Class: ClassName=Sheet1 Member=U7
Change Component Designator: OldDesignator=C2 NewDesignator=C1
Change Component Designator: OldDesignator=C3 NewDesignator=C2
Change Component Designator: OldDesignator=C4 NewDesignator=C3
Change Component Designator: OldDesignator=C5 NewDesignator=C4
Change Component Designator: OldDesignator=C6 NewDesignator=C5
Change Component Designator: OldDesignator=C7 NewDesignator=C6
Change Component Designator: OldDesignator=C8 NewDesignator=C7
Change Component Designator: OldDesignator=C9 NewDesignator=C8
Change Component Designator: OldDesignator=C12 NewDesignator=C13
Change Component Designator: OldDesignator=C13 NewDesignator=C14
Change Component Designator: OldDesignator=C14 NewDesignator=C11
Change Component Designator: OldDesignator=C15 NewDesignator=C12
Change Component Designator: OldDesignator=C18 NewDesignator=C19
Change Component Designator: OldDesignator=D3 NewDesignator=D2
Change Component Designator: OldDesignator=D5 NewDesignator=D3
Change Component Designator: OldDesignator=LED5 NewDesignator=LED4
Change Component Designator: OldDesignator=LED6 NewDesignator=LED5
Change Component Designator: OldDesignator=LED7 NewDesignator=LED6
Change Component Designator: OldDesignator=LED9 NewDesignator=LED7
Change Component Designator: OldDesignator=LED10 NewDesignator=LED8
Change Component Designator: OldDesignator=LED11 NewDesignator=LED9
Change Component Designator: OldDesignator=Q3 NewDesignator=Q2
Change Component Designator: OldDesignator=Q5 NewDesignator=Q3
Change Component Designator: OldDesignator=R7 NewDesignator=R6
Change Component Designator: OldDesignator=R8 NewDesignator=R7
Change Component Designator: OldDesignator=R9 NewDesignator=R8
Change Component Designator: OldDesignator=R11 NewDesignator=R9
Change Component Designator: OldDesignator=R13 NewDesignator=R10
Change Component Designator: OldDesignator=R14 NewDesignator=R11
Change Component Designator: OldDesignator=R15 NewDesignator=R12
Change Component Designator: OldDesignator=R16 NewDesignator=R13
Change Component Designator: OldDesignator=R17 NewDesignator=R14
Change Component Designator: OldDesignator=R19 NewDesignator=R15
Change Component Designator: OldDesignator=R20 NewDesignator=R16
Change Component Designator: OldDesignator=R21 NewDesignator=R17
Change Component Designator: OldDesignator=R23 NewDesignator=R18
Change Component Designator: OldDesignator=R25 NewDesignator=R19
Change Component Designator: OldDesignator=R26 NewDesignator=R20
Change Component Designator: OldDesignator=R27 NewDesignator=R21
Change Component Designator: OldDesignator=R28 NewDesignator=R22
Change Component Designator: OldDesignator=R29 NewDesignator=R23
Change Component Designator: OldDesignator=R30 NewDesignator=R24
Change Component Designator: OldDesignator=R31 NewDesignator=R25
Change Component Designator: OldDesignator=R33 NewDesignator=R26
Change Component Designator: OldDesignator=R35 NewDesignator=R27
Change Component Designator: OldDesignator=RL3 NewDesignator=RL2
Change Component Designator: OldDesignator=RL5 NewDesignator=RL3
Change Component Designator: OldDesignator=U3 NewDesignator=U2
Change Component Designator: OldDesignator=U5 NewDesignator=U3
Change Component Designator: OldDesignator=U7 NewDesignator=U4
Added Component: Designator=C9(Header4)
Add component (AddParameter): Name = "ComponentLink1 Description"; Value = "Manufacturer"; VariantName = "[No Variations]"
Add component (AddParameter): Name = "ComponentLink1URL"; Value = "http://www.we-online.com"; VariantName = "[No Variations]"
Add component (AddParameter): Name = "ComponentLink2 Description"; Value = "Datasheet"; VariantName = "[No Variations]"
Add component (AddParameter): Name = "ComponentLink2URL"; Value = "http://katalog.we-online.de/em/datasheet/6130xx143121.pdf"; VariantName = "[No Variations]"
Add component (AddParameter): Name = "Created by"; Value = "Karrer Zheng"; VariantName = "[No Variations]"
Add component (AddParameter): Name = "Created Date"; Value = "29 March 2013"; VariantName = "[No Variations]"
Add component (AddParameter): Name = "Manufacturer"; Value = "W¨¹rth Elektronik eiSos GmbH"; VariantName = "[No Variations]"
Add component (AddParameter): Name = "NoPins"; Value = "02"; VariantName = "[No Variations]"
Add component (AddParameter): Name = "partNo"; Value = "613002143121"; VariantName = "[No Variations]"
Added Component: Designator=C10(Header3)
Add component (AddParameter): Name = "ComponentLink1 Description"; Value = "Manufacturer"; VariantName = "[No Variations]"
Add component (AddParameter): Name = "ComponentLink1URL"; Value = "http://www.we-online.com"; VariantName = "[No Variations]"
Add component (AddParameter): Name = "ComponentLink2 Description"; Value = "Datasheet"; VariantName = "[No Variations]"
Add component (AddParameter): Name = "ComponentLink2URL"; Value = "http://katalog.we-online.de/em/datasheet/6130xx143121.pdf"; VariantName = "[No Variations]"
Add component (AddParameter): Name = "Created by"; Value = "Karrer Zheng"; VariantName = "[No Variations]"
Add component (AddParameter): Name = "Created Date"; Value = "29 March 2013"; VariantName = "[No Variations]"
Add component (AddParameter): Name = "Manufacturer"; Value = "W¨¹rth Elektronik eiSos GmbH"; VariantName = "[No Variations]"
Add component (AddParameter): Name = "NoPins"; Value = "02"; VariantName = "[No Variations]"
Add component (AddParameter): Name = "partNo"; Value = "613002143121"; VariantName = "[No Variations]"
Added Component: Designator=C15(Header3)
Add component (AddParameter): Name = "ComponentLink1 Description"; Value = "Manufacturer"; VariantName = "[No Variations]"
Add component (AddParameter): Name = "ComponentLink1URL"; Value = "http://www.we-online.com"; VariantName = "[No Variations]"
Add component (AddParameter): Name = "ComponentLink2 Description"; Value = "Datasheet"; VariantName = "[No Variations]"
Add component (AddParameter): Name = "ComponentLink2URL"; Value = "http://katalog.we-online.de/em/datasheet/6130xx143121.pdf"; VariantName = "[No Variations]"
Add component (AddParameter): Name = "Created by"; Value = "Karrer Zheng"; VariantName = "[No Variations]"
Add component (AddParameter): Name = "Created Date"; Value = "29 March 2013"; VariantName = "[No Variations]"
Add component (AddParameter): Name = "Manufacturer"; Value = "W¨¹rth Elektronik eiSos GmbH"; VariantName = "[No Variations]"
Add component (AddParameter): Name = "NoPins"; Value = "02"; VariantName = "[No Variations]"
Add component (AddParameter): Name = "partNo"; Value = "613002143121"; VariantName = "[No Variations]"
Added Component: Designator=C18(HDR4)
Add component (AddParameter): Name = "ComponentLink1 Description"; Value = "Manufacturer"; VariantName = "[No Variations]"
Add component (AddParameter): Name = "ComponentLink1URL"; Value = "http://www.we-online.com"; VariantName = "[No Variations]"
Add component (AddParameter): Name = "ComponentLink2 Description"; Value = "Datasheet"; VariantName = "[No Variations]"
Add component (AddParameter): Name = "ComponentLink2URL"; Value = "http://katalog.we-online.de/em/datasheet/6130xx143121.pdf"; VariantName = "[No Variations]"
Add component (AddParameter): Name = "Created by"; Value = "Karrer Zheng"; VariantName = "[No Variations]"
Add component (AddParameter): Name = "Created Date"; Value = "29 March 2013"; VariantName = "[No Variations]"
Add component (AddParameter): Name = "Manufacturer"; Value = "W¨¹rth Elektronik eiSos GmbH"; VariantName = "[No Variations]"
Add component (AddParameter): Name = "NoPins"; Value = "02"; VariantName = "[No Variations]"
Add component (AddParameter): Name = "partNo"; Value = "613002143121"; VariantName = "[No Variations]"
Added Component: Designator=JP1(Header7)
Add component (AddParameter): Name = "Value"; Value = "Connector 7"; VariantName = "[No Variations]"
Added Pin To Net: NetName=VCC33_ISO Pin=C9-1
Added Pin To Net: NetName=GND_ISO Pin=C9-2
Added Pin To Net: NetName=GND_ISO Pin=C10-2
Added Pin To Net: NetName=VCC33_ISO Pin=C10-3
Added Pin To Net: NetName=GND Pin=C15-1
Added Pin To Net: NetName=COM_O_1 Pin=C18-1
Added Pin To Net: NetName=OUT_RL3 Pin=C18-2
Added Pin To Net: NetName=OUT_RL2 Pin=C18-3
Added Pin To Net: NetName=OUT_RL1 Pin=C18-4
Added Pin To Net: NetName=GND_ISO Pin=JP1-1
Added Pin To Net: NetName=OUT_BTN_1 Pin=JP1-5
Change Net Name : Old Net Name=NetC3_1 New Net Name=NetC2_1
Change Net Name : Old Net Name=NetD3_1 New Net Name=NetD2_1
Change Net Name : Old Net Name=NetD5_1 New Net Name=NetD3_1
Change Net Name : Old Net Name=NetLED5_2 New Net Name=NetLED4_2
Change Net Name : Old Net Name=NetLED6_2 New Net Name=NetLED5_2
Change Net Name : Old Net Name=NetLED7_2 New Net Name=NetLED6_2
Change Net Name : Old Net Name=NetLED9_2 New Net Name=NetLED7_2
Change Net Name : Old Net Name=NetLED10_2 New Net Name=NetLED8_2
Change Net Name : Old Net Name=NetLED11_2 New Net Name=NetLED9_2
Change Net Name : Old Net Name=NetQ3_3 New Net Name=NetQ2_3
Change Net Name : Old Net Name=NetQ5_3 New Net Name=NetQ3_3
Change Net Name : Old Net Name=NetR9_2 New Net Name=NetR8_2
Change Net Name : Old Net Name=NetR11_1 New Net Name=NetR9_1
Change Net Name : Old Net Name=NetR21_2 New Net Name=NetR17_2
Change Net Name : Old Net Name=NetR23_1 New Net Name=NetR18_1
Change Net Name : Old Net Name=NetR33_2 New Net Name=NetR26_2
Change Net Name : Old Net Name=NetR35_1 New Net Name=NetR27_1
Added Pin To Net: NetName=L298_INA Pin=C15-3
Added Pin To Net: NetName=L298_INA Pin=U4-6
Added Net: Name=L298_INA
Added Pin To Net: NetName=L298_INB Pin=C15-2
Added Pin To Net: NetName=L298_INB Pin=U4-7
Added Net: Name=L298_INB
Added Pin To Net: NetName=SS_HUMI Pin=C9-4
Added Pin To Net: NetName=SS_HUMI Pin=U4-2
Added Net: Name=SS_HUMI
Added Pin To Net: NetName=SS_LIGHT Pin=C10-1
Added Pin To Net: NetName=SS_LIGHT Pin=U4-3
Added Net: Name=SS_LIGHT
Added Member To Class: ClassName=Sheet1 Member=Component C9 SS_HUMI
Added Member To Class: ClassName=Sheet1 Member=Component JP1 JP7
Added Room: Name=Sheet1
