Change Component Designator: OldDesignator=BT5 NewDesignator=BT6
Change Component Designator: OldDesignator=BT6 NewDesignator=BT5
Change Component Designator: OldDesignator=C1 NewDesignator=C2
Change Component Designator: OldDesignator=C2 NewDesignator=C1
Change Component Designator: OldDesignator=C8 NewDesignator=C9
Change Component Designator: OldDesignator=C9 NewDesignator=C10
Change Component Designator: OldDesignator=C10 NewDesignator=C8
Change Component Designator: OldDesignator=C14 NewDesignator=C17
Change Component Designator: OldDesignator=C15 NewDesignator=C16
Change Component Designator: OldDesignator=C16 NewDesignator=C14
Change Component Designator: OldDesignator=C17 NewDesignator=C15
Change Component Designator: OldDesignator=C18 NewDesignator=C21
Change Component Designator: OldDesignator=C19 NewDesignator=C20
Change Component Designator: OldDesignator=C20 NewDesignator=C18
Change Component Designator: OldDesignator=C21 NewDesignator=C19
Change Component Designator: OldDesignator=D1 NewDesignator=D2
Change Component Designator: OldDesignator=D1 NewDesignator=D3
Change Component Designator: OldDesignator=D1 NewDesignator=D4
Change Component Designator: OldDesignator=D1 NewDesignator=D5
Change Component Designator: OldDesignator=D1 NewDesignator=D6
Change Component Designator: OldDesignator=JP1 NewDesignator=JP2
Change Component Designator: OldDesignator=JP1 NewDesignator=JP3
Change Component Designator: OldDesignator=JP1 NewDesignator=JP4
Change Component Designator: OldDesignator=JP1 NewDesignator=JP5
Change Component Designator: OldDesignator=JP1 NewDesignator=JP6
Change Component Designator: OldDesignator=LED2 NewDesignator=LED4
Change Component Designator: OldDesignator=LED4 NewDesignator=LED2
Change Component Designator: OldDesignator=LED4 NewDesignator=LED3
Change Component Designator: OldDesignator=LED4 NewDesignator=LED5
Change Component Designator: OldDesignator=LED4 NewDesignator=LED6
Change Component Designator: OldDesignator=LED4 NewDesignator=LED7
Change Component Designator: OldDesignator=LED4 NewDesignator=LED9
Change Component Designator: OldDesignator=LED4 NewDesignator=LED10
Change Component Designator: OldDesignator=LED5 NewDesignator=LED8
Change Component Designator: OldDesignator=LED8 NewDesignator=LED12
Change Component Designator: OldDesignator=LED9 NewDesignator=LED11
Change Component Designator: OldDesignator=Q1 NewDesignator=Q2
Change Component Designator: OldDesignator=Q1 NewDesignator=Q3
Change Component Designator: OldDesignator=Q1 NewDesignator=Q4
Change Component Designator: OldDesignator=Q1 NewDesignator=Q5
Change Component Designator: OldDesignator=Q1 NewDesignator=Q6
Change Component Designator: OldDesignator=R3 NewDesignator=R8
Change Component Designator: OldDesignator=R3 NewDesignator=R9
Change Component Designator: OldDesignator=R3 NewDesignator=R20
Change Component Designator: OldDesignator=R3 NewDesignator=R21
Change Component Designator: OldDesignator=R3 NewDesignator=R31
Change Component Designator: OldDesignator=R3 NewDesignator=R32
Change Component Designator: OldDesignator=R4 NewDesignator=R11
Change Component Designator: OldDesignator=R4 NewDesignator=R12
Change Component Designator: OldDesignator=R4 NewDesignator=R23
Change Component Designator: OldDesignator=R4 NewDesignator=R24
Change Component Designator: OldDesignator=R4 NewDesignator=R35
Change Component Designator: OldDesignator=R4 NewDesignator=R36
Change Component Designator: OldDesignator=R5 NewDesignator=R3
Change Component Designator: OldDesignator=R5 NewDesignator=R4
Change Component Designator: OldDesignator=R5 NewDesignator=R15
Change Component Designator: OldDesignator=R5 NewDesignator=R17
Change Component Designator: OldDesignator=R5 NewDesignator=R27
Change Component Designator: OldDesignator=R5 NewDesignator=R28
Change Component Designator: OldDesignator=R8 NewDesignator=R10
Change Component Designator: OldDesignator=R11 NewDesignator=R13
Change Component Designator: OldDesignator=R12 NewDesignator=R14
Change Component Designator: OldDesignator=R13 NewDesignator=R16
Change Component Designator: OldDesignator=R14 NewDesignator=R18
Change Component Designator: OldDesignator=R15 NewDesignator=R19
Change Component Designator: OldDesignator=R16 NewDesignator=R22
Change Component Designator: OldDesignator=R19 NewDesignator=R26
Change Component Designator: OldDesignator=R20 NewDesignator=R25
Change Component Designator: OldDesignator=R21 NewDesignator=R30
Change Component Designator: OldDesignator=R22 NewDesignator=R29
Change Component Designator: OldDesignator=R23 NewDesignator=R34
Change Component Designator: OldDesignator=R24 NewDesignator=R33
Change Component Designator: OldDesignator=RL1 NewDesignator=RL2
Change Component Designator: OldDesignator=RL1 NewDesignator=RL3
Change Component Designator: OldDesignator=RL1 NewDesignator=RL4
Change Component Designator: OldDesignator=RL1 NewDesignator=RL5
Change Component Designator: OldDesignator=RL1 NewDesignator=RL6
Change Component Designator: OldDesignator=U1 NewDesignator=U2
Change Component Designator: OldDesignator=U1 NewDesignator=U3
Change Component Designator: OldDesignator=U1 NewDesignator=U4
Change Component Designator: OldDesignator=U1 NewDesignator=U5
Change Component Designator: OldDesignator=U1 NewDesignator=U6
Change Component Designator: OldDesignator=U5 NewDesignator=U7
Change Net Name : Old Net Name=NetBT5_2 New Net Name=NetBT6_2
Change Net Name : Old Net Name=NetBT6_2 New Net Name=NetBT5_2
Change Net Name : Old Net Name=NetC2_2 New Net Name=NetC1_2
Change Net Name : Old Net Name=NetD1_1 New Net Name=NetD3_1
Change Net Name : Old Net Name=NetJP1_1 New Net Name=NetJP3_1
Change Net Name : Old Net Name=NetJP1_2 New Net Name=NetJP3_2
Change Net Name : Old Net Name=NetLED2_2 New Net Name=NetLED4_2
Change Net Name : Old Net Name=NetLED4_2 New Net Name=NetLED5_2
Change Net Name : Old Net Name=NetLED5_2 New Net Name=NetLED8_2
Change Net Name : Old Net Name=NetLED8_2 New Net Name=NetLED12_2
Change Net Name : Old Net Name=NetLED9_2 New Net Name=NetLED11_2
Change Net Name : Old Net Name=NetQ1_3 New Net Name=NetQ3_3
Change Net Name : Old Net Name=NetR3_2 New Net Name=NetR20_2
Change Net Name : Old Net Name=NetR4_1 New Net Name=NetR23_1
Added Pin To Net: NetName=NetD1_1 Pin=D1-1
Added Pin To Net: NetName=NetD1_1 Pin=Q1-2
Added Pin To Net: NetName=NetD1_1 Pin=R3-2
Added Pin To Net: NetName=NetD1_1 Pin=RL1-5
Added Net: Name=NetD1_1
Added Pin To Net: NetName=NetD2_1 Pin=D2-1
Added Pin To Net: NetName=NetD2_1 Pin=Q2-2
Added Pin To Net: NetName=NetD2_1 Pin=R5-2
Added Pin To Net: NetName=NetD2_1 Pin=RL2-5
Added Net: Name=NetD2_1
Added Pin To Net: NetName=NetD4_1 Pin=D4-1
Added Pin To Net: NetName=NetD4_1 Pin=Q4-2
Added Pin To Net: NetName=NetD4_1 Pin=R17-2
Added Pin To Net: NetName=NetD4_1 Pin=RL4-5
Added Net: Name=NetD4_1
Added Pin To Net: NetName=NetD5_1 Pin=D5-1
Added Pin To Net: NetName=NetD5_1 Pin=Q5-2
Added Pin To Net: NetName=NetD5_1 Pin=R27-2
Added Pin To Net: NetName=NetD5_1 Pin=RL5-5
Added Net: Name=NetD5_1
Added Pin To Net: NetName=NetD6_1 Pin=D6-1
Added Pin To Net: NetName=NetD6_1 Pin=Q6-2
Added Pin To Net: NetName=NetD6_1 Pin=R28-2
Added Pin To Net: NetName=NetD6_1 Pin=RL6-5
Added Net: Name=NetD6_1
Added Pin To Net: NetName=NetJP1_1 Pin=JP1-1
Added Pin To Net: NetName=NetJP1_1 Pin=RL1-4
Added Net: Name=NetJP1_1
Added Pin To Net: NetName=NetJP1_2 Pin=JP1-2
Added Pin To Net: NetName=NetJP1_2 Pin=RL1-1
Added Net: Name=NetJP1_2
Added Pin To Net: NetName=NetJP2_1 Pin=JP2-1
Added Pin To Net: NetName=NetJP2_1 Pin=RL2-4
Added Net: Name=NetJP2_1
Added Pin To Net: NetName=NetJP2_2 Pin=JP2-2
Added Pin To Net: NetName=NetJP2_2 Pin=RL2-1
Added Net: Name=NetJP2_2
Added Pin To Net: NetName=NetJP4_1 Pin=JP4-1
Added Pin To Net: NetName=NetJP4_1 Pin=RL4-4
Added Net: Name=NetJP4_1
Added Pin To Net: NetName=NetJP4_2 Pin=JP4-2
Added Pin To Net: NetName=NetJP4_2 Pin=RL4-1
Added Net: Name=NetJP4_2
Added Pin To Net: NetName=NetJP5_1 Pin=JP5-1
Added Pin To Net: NetName=NetJP5_1 Pin=RL5-4
Added Net: Name=NetJP5_1
Added Pin To Net: NetName=NetJP5_2 Pin=JP5-2
Added Pin To Net: NetName=NetJP5_2 Pin=RL5-1
Added Net: Name=NetJP5_2
Added Pin To Net: NetName=NetJP6_1 Pin=JP6-1
Added Pin To Net: NetName=NetJP6_1 Pin=RL6-4
Added Net: Name=NetJP6_1
Added Pin To Net: NetName=NetJP6_2 Pin=JP6-2
Added Pin To Net: NetName=NetJP6_2 Pin=RL6-1
Added Net: Name=NetJP6_2
Added Pin To Net: NetName=NetLED2_2 Pin=LED2-2
Added Pin To Net: NetName=NetLED2_2 Pin=R3-1
Added Net: Name=NetLED2_2
Added Pin To Net: NetName=NetLED3_2 Pin=LED3-2
Added Pin To Net: NetName=NetLED3_2 Pin=R5-1
Added Net: Name=NetLED3_2
Added Pin To Net: NetName=NetLED6_2 Pin=LED6-2
Added Pin To Net: NetName=NetLED6_2 Pin=R15-1
Added Net: Name=NetLED6_2
Added Pin To Net: NetName=NetLED7_2 Pin=LED7-2
Added Pin To Net: NetName=NetLED7_2 Pin=R17-1
Added Net: Name=NetLED7_2
Added Pin To Net: NetName=NetLED9_2 Pin=LED9-2
Added Pin To Net: NetName=NetLED9_2 Pin=R27-1
Added Net: Name=NetLED9_2
Added Pin To Net: NetName=NetLED10_2 Pin=LED10-2
Added Pin To Net: NetName=NetLED10_2 Pin=R28-1
Added Net: Name=NetLED10_2
Added Pin To Net: NetName=NetQ1_3 Pin=Q1-3
Added Pin To Net: NetName=NetQ1_3 Pin=R11-2
Added Net: Name=NetQ1_3
Added Pin To Net: NetName=NetQ2_3 Pin=Q2-3
Added Pin To Net: NetName=NetQ2_3 Pin=R12-2
Added Net: Name=NetQ2_3
Added Pin To Net: NetName=NetQ4_3 Pin=Q4-3
Added Pin To Net: NetName=NetQ4_3 Pin=R24-2
Added Net: Name=NetQ4_3
Added Pin To Net: NetName=NetQ5_3 Pin=Q5-3
Added Pin To Net: NetName=NetQ5_3 Pin=R35-2
Added Net: Name=NetQ5_3
Added Pin To Net: NetName=NetQ6_3 Pin=Q6-3
Added Pin To Net: NetName=NetQ6_3 Pin=R36-2
Added Net: Name=NetQ6_3
Added Pin To Net: NetName=NetR8_2 Pin=R8-2
Added Pin To Net: NetName=NetR8_2 Pin=U1-1
Added Net: Name=NetR8_2
Added Pin To Net: NetName=NetR9_2 Pin=R9-2
Added Pin To Net: NetName=NetR9_2 Pin=U2-1
Added Net: Name=NetR9_2
Added Pin To Net: NetName=NetR11_1 Pin=R11-1
Added Pin To Net: NetName=NetR11_1 Pin=U1-3
Added Net: Name=NetR11_1
Added Pin To Net: NetName=NetR12_1 Pin=R12-1
Added Pin To Net: NetName=NetR12_1 Pin=U2-3
Added Net: Name=NetR12_1
Added Pin To Net: NetName=NetR21_2 Pin=R21-2
Added Pin To Net: NetName=NetR21_2 Pin=U4-1
Added Net: Name=NetR21_2
Added Pin To Net: NetName=NetR24_1 Pin=R24-1
Added Pin To Net: NetName=NetR24_1 Pin=U4-3
Added Net: Name=NetR24_1
Added Pin To Net: NetName=NetR31_2 Pin=R31-2
Added Pin To Net: NetName=NetR31_2 Pin=U5-1
Added Net: Name=NetR31_2
Added Pin To Net: NetName=NetR32_2 Pin=R32-2
Added Pin To Net: NetName=NetR32_2 Pin=U6-1
Added Net: Name=NetR32_2
Added Pin To Net: NetName=NetR35_1 Pin=R35-1
Added Pin To Net: NetName=NetR35_1 Pin=U5-3
Added Net: Name=NetR35_1
Added Pin To Net: NetName=NetR36_1 Pin=R36-1
Added Pin To Net: NetName=NetR36_1 Pin=U6-3
Added Net: Name=NetR36_1
Added Member To Class: ClassName=Sheet1 Member=Component D1 100v
Added Member To Class: ClassName=Sheet1 Member=Component D2 100v
Added Member To Class: ClassName=Sheet1 Member=Component D3 100v
Added Member To Class: ClassName=Sheet1 Member=Component D4 100v
Added Member To Class: ClassName=Sheet1 Member=Component D5 100v
Added Member To Class: ClassName=Sheet1 Member=Component D6 100v
Added Member To Class: ClassName=Sheet1 Member=Component JP1 Header 2_1
Added Member To Class: ClassName=Sheet1 Member=Component JP2 Header 2_1
Added Member To Class: ClassName=Sheet1 Member=Component JP3 Header 2_1
Added Member To Class: ClassName=Sheet1 Member=Component JP4 Header 2_1
Added Member To Class: ClassName=Sheet1 Member=Component JP5 Header 2_1
Added Member To Class: ClassName=Sheet1 Member=Component JP6 Header 2_1
Added Member To Class: ClassName=Sheet1 Member=Component LED3 LED 3mm
Added Member To Class: ClassName=Sheet1 Member=Component LED6 LED 3mm
Added Member To Class: ClassName=Sheet1 Member=Component LED7 LED 3mm
Added Member To Class: ClassName=Sheet1 Member=Component LED10 LED 3mm
Added Member To Class: ClassName=Sheet1 Member=Component LED11 LED 3mm
Added Member To Class: ClassName=Sheet1 Member=Component LED12 LED 3mm
Added Member To Class: ClassName=Sheet1 Member=Component Q1 C1815
Added Member To Class: ClassName=Sheet1 Member=Component Q2 C1815
Added Member To Class: ClassName=Sheet1 Member=Component Q3 C1815
Added Member To Class: ClassName=Sheet1 Member=Component Q4 C1815
Added Member To Class: ClassName=Sheet1 Member=Component Q5 C1815
Added Member To Class: ClassName=Sheet1 Member=Component Q6 C1815
Added Member To Class: ClassName=Sheet1 Member=Component R3 510R
Added Member To Class: ClassName=Sheet1 Member=Component R4 100R
Added Member To Class: ClassName=Sheet1 Member=Component R9 100R
Added Member To Class: ClassName=Sheet1 Member=Component R10 4.7K
Added Member To Class: ClassName=Sheet1 Member=Component R17 510R
Added Member To Class: ClassName=Sheet1 Member=Component R18 100R
Added Member To Class: ClassName=Sheet1 Member=Component R25 47K
Added Member To Class: ClassName=Sheet1 Member=Component R26 47K
Added Member To Class: ClassName=Sheet1 Member=Component R27 510R
Added Member To Class: ClassName=Sheet1 Member=Component R28 510R
Added Member To Class: ClassName=Sheet1 Member=Component R29 100R
Added Member To Class: ClassName=Sheet1 Member=Component R30 100R
Added Member To Class: ClassName=Sheet1 Member=Component R31 100R
Added Member To Class: ClassName=Sheet1 Member=Component R32 100R
Added Member To Class: ClassName=Sheet1 Member=Component R33 4.7K
Added Member To Class: ClassName=Sheet1 Member=Component R34 4.7K
Added Member To Class: ClassName=Sheet1 Member=Component R35 510R
Added Member To Class: ClassName=Sheet1 Member=Component R36 510R
Added Member To Class: ClassName=Sheet1 Member=Component RL1 Relay
Added Member To Class: ClassName=Sheet1 Member=Component RL2 Relay
Added Member To Class: ClassName=Sheet1 Member=Component RL3 Relay
Added Member To Class: ClassName=Sheet1 Member=Component RL4 Relay
Added Member To Class: ClassName=Sheet1 Member=Component RL5 Relay
Added Member To Class: ClassName=Sheet1 Member=Component RL6 Relay
Added Member To Class: ClassName=Sheet1 Member=Component U1 PC817
Added Member To Class: ClassName=Sheet1 Member=Component U2 PC817
Added Member To Class: ClassName=Sheet1 Member=Component U3 PC817
Added Member To Class: ClassName=Sheet1 Member=Component U4 PC817
Added Member To Class: ClassName=Sheet1 Member=Component U6 PC817
Added Member To Class: ClassName=Sheet1 Member=Component U7 ESP32_MODULE copy
