Change Component Designator: Old Designator=BUCK LM2596 New Designator=BUCK LM1
Change Component Designator: Old Designator=C4 New Designator=C1
Change Component Designator: Old Designator=C5 New Designator=C2
Change Component Designator: Old Designator=C8 New Designator=C3
Change Component Designator: Old Designator=C9 New Designator=C4
Change Component Designator: Old Designator=C12 New Designator=C5
Change Component Designator: Old Designator=C13 New Designator=C6
Change Component Designator: Old Designator=C18 New Designator=C7
Change Component Designator: Old Designator=C18 New Designator=C9
Change Component Designator: Old Designator=C? New Designator=C8
Change Component Designator: Old Designator=C? New Designator=C10
Change Component Designator: Old Designator=C? New Designator=C11
Change Component Designator: Old Designator=D1 New Designator=D2
Change Component Designator: Old Designator=D1 New Designator=D3
Change Component Designator: Old Designator=D1 New Designator=D4
Change Component Designator: Old Designator=D1 New Designator=D5
Change Component Designator: Old Designator=JACK DC? New Designator=JACK DC1
Change Component Designator: Old Designator=JP? New Designator=JP1
Change Component Designator: Old Designator=LED3 New Designator=LED4
Change Component Designator: Old Designator=LED3 New Designator=LED5
Change Component Designator: Old Designator=LED3 New Designator=LED6
Change Component Designator: Old Designator=LED3 New Designator=LED9
Change Component Designator: Old Designator=LED5 New Designator=LED7
Change Component Designator: Old Designator=LED6 New Designator=LED8
Change Component Designator: Old Designator=LED9 New Designator=LED10
Change Component Designator: Old Designator=LED10 New Designator=LED11
Change Component Designator: Old Designator=Q1 New Designator=Q2
Change Component Designator: Old Designator=Q1 New Designator=Q3
Change Component Designator: Old Designator=Q1 New Designator=Q4
Change Component Designator: Old Designator=Q1 New Designator=Q5
Change Component Designator: Old Designator=R5 New Designator=R6
Change Component Designator: Old Designator=R5 New Designator=R11
Change Component Designator: Old Designator=R5 New Designator=R12
Change Component Designator: Old Designator=R5 New Designator=R21
Change Component Designator: Old Designator=R11 New Designator=R9
Change Component Designator: Old Designator=R11 New Designator=R10
Change Component Designator: Old Designator=R11 New Designator=R17
Change Component Designator: Old Designator=R11 New Designator=R18
Change Component Designator: Old Designator=R11 New Designator=R22
Change Component Designator: Old Designator=R25 New Designator=R23
Change Component Designator: Old Designator=R26 New Designator=R24
Change Component Designator: Old Designator=R27 New Designator=R25
Change Component Designator: Old Designator=R28 New Designator=R26
Change Component Designator: Old Designator=R30 New Designator=R27
Change Component Designator: Old Designator=R31 New Designator=R28
Change Component Designator: Old Designator=RL1 New Designator=RL2
Change Component Designator: Old Designator=RL1 New Designator=RL3
Change Component Designator: Old Designator=RL1 New Designator=RL4
Change Component Designator: Old Designator=RL1 New Designator=RL5
Change Component Designator: Old Designator=U7 New Designator=U1
