Removed Pin From Net: NetName=IN_3 Pin=U1-21
Removed Pin From Net: NetName=IN_4 Pin=U1-22
Added Pin To Net: NetName=IN_4 Pin=U1-21
Added Pin To Net: NetName=IN_3 Pin=U1-22
Added Member To Class: ClassName=Sheet1 Member=Component C2 104
Added Member To Class: ClassName=Sheet1 Member=Component C3 104
Added Member To Class: ClassName=Sheet1 Member=Component C5 104
Added Member To Class: ClassName=Sheet1 Member=Component C6 104
Added Member To Class: ClassName=Sheet1 Member=Component C7 LCD_I2C
Added Member To Class: ClassName=Sheet1 Member=Component C8 Header6
Added Member To Class: ClassName=Sheet1 Member=Component C9 L298N IN
Added Member To Class: ClassName=Sheet1 Member=Component C10 Header2
Added Member To Class: ClassName=Sheet1 Member=Component C11 Header2
Added Member To Class: ClassName=Sheet1 Member=Component D2 100v
Added Member To Class: ClassName=Sheet1 Member=Component D3 100v
Added Member To Class: ClassName=Sheet1 Member=Component D4 100v
Added Member To Class: ClassName=Sheet1 Member=Component D5 100v
Added Member To Class: ClassName=Sheet1 Member=Component LED4 LED 3mm
Added Member To Class: ClassName=Sheet1 Member=Component LED5 LED 3mm
Added Member To Class: ClassName=Sheet1 Member=Component LED6 LED 3mm
Added Member To Class: ClassName=Sheet1 Member=Component LED7 LED 3mm
Added Member To Class: ClassName=Sheet1 Member=Component LED8 LED 3mm
Added Member To Class: ClassName=Sheet1 Member=Component LED9 LED 3mm
Added Member To Class: ClassName=Sheet1 Member=Component LED11 LED 3mm
Added Member To Class: ClassName=Sheet1 Member=Component Q2 C1815
Added Member To Class: ClassName=Sheet1 Member=Component Q3 C1815
Added Member To Class: ClassName=Sheet1 Member=Component Q4 C1815
Added Member To Class: ClassName=Sheet1 Member=Component Q5 C1815
Added Member To Class: ClassName=Sheet1 Member=Component R6 510R
Added Member To Class: ClassName=Sheet1 Member=Component R9 510R
Added Member To Class: ClassName=Sheet1 Member=Component R10 510R
Added Member To Class: ClassName=Sheet1 Member=Component R11 510R
Added Member To Class: ClassName=Sheet1 Member=Component R12 510R
Added Member To Class: ClassName=Sheet1 Member=Component R17 510R
Added Member To Class: ClassName=Sheet1 Member=Component R18 510R
Added Member To Class: ClassName=Sheet1 Member=Component R21 510R
Added Member To Class: ClassName=Sheet1 Member=Component R22 10K
Added Member To Class: ClassName=Sheet1 Member=Component R23 10K
Added Member To Class: ClassName=Sheet1 Member=Component R24 510R
Added Member To Class: ClassName=Sheet1 Member=Component R27 1K
Added Member To Class: ClassName=Sheet1 Member=Component R28 1K
Added Member To Class: ClassName=Sheet1 Member=Component RL1 Relay
Added Member To Class: ClassName=Sheet1 Member=Component RL2 Relay
Added Member To Class: ClassName=Sheet1 Member=Component RL3 Relay
Added Member To Class: ClassName=Sheet1 Member=Component RL4 Relay
Added Member To Class: ClassName=Sheet1 Member=Component RL5 Relay
Added Member To Class: ClassName=Sheet1 Member=Component U1 ESP32_MODULE copy
Added Room: Name=Sheet1
