Change Component Designator: Old Designator=D2 New Designator=D1
Change Component Designator: Old Designator=D2 New Designator=D3
Change Component Designator: Old Designator=D3 New Designator=D2
Change Component Designator: Old Designator=D3 New Designator=D4
Change Component Designator: Old Designator=D3 New Designator=D5
Change Component Designator: Old Designator=JP1 New Designator=JP3
Change Component Designator: Old Designator=JP2 New Designator=JP4
Change Component Designator: Old Designator=JP2 New Designator=JP5
Change Component Designator: Old Designator=LED1 New Designator=LED3
Change Component Designator: Old Designator=LED2 New Designator=LED4
Change Component Designator: Old Designator=LED2 New Designator=LED5
Change Component Designator: Old Designator=Q1 New Designator=Q3
Change Component Designator: Old Designator=Q2 New Designator=Q4
Change Component Designator: Old Designator=Q2 New Designator=Q5
Change Component Designator: Old Designator=R1 New Designator=R5
Change Component Designator: Old Designator=R2 New Designator=R3
Change Component Designator: Old Designator=R2 New Designator=R6
Change Component Designator: Old Designator=R2 New Designator=R7
Change Component Designator: Old Designator=R2 New Designator=R9
Change Component Designator: Old Designator=R3 New Designator=R4
Change Component Designator: Old Designator=R3 New Designator=R8
Change Component Designator: Old Designator=R3 New Designator=R10
Change Component Designator: Old Designator=RL1 New Designator=RL3
Change Component Designator: Old Designator=RL2 New Designator=RL4
Change Component Designator: Old Designator=RL2 New Designator=RL5
Change Component Designator: Old Designator=U1 New Designator=U3
Change Component Designator: Old Designator=U2 New Designator=U4
Change Component Designator: Old Designator=U2 New Designator=U5
Change Component Designator: Old Designator=U2 New Designator=U6
